  19960415  08395557 21.585 105.760   13.17   3.0   0.1   0.5   1.1      1
  19960522  08043747 21.622 105.757    7.14   2.0   0.1   4.2   6.1      2
  19960928  13141807 19.631 102.943   10.37   5.4   0.1  12.5   4.2      4
  19980210  08180346 21.111 104.819   27.66   3.2   0.1   1.8   7.9      5
  19980514  03344558 20.938 103.362    7.61   3.7   0.1   2.7   0.6      8
  19981231  08165354 21.639 105.688    3.66   1.5   0.0   2.0   7.3     10
  19990331  03191437 19.690 101.530    5.23   4.6   0.1   2.6   9.3     11
  19990403  09085745 20.887 107.048   23.67   2.6   0.1   8.9   1.1     12
  19990406  07563200 21.621 105.767    3.72   2.1   0.1   1.5  12.1     13
  19990410  09465879 21.658 105.719    8.17   2.5   0.1   1.9   3.1     14
  19990412  10364362 21.610 105.778    8.03   1.5   0.0   0.7   2.3     16
  19990913  19091250 20.763 104.899    9.73   3.3   0.1   3.9   0.8     20
  19991202  13190116 21.633 106.097    8.72   2.3   0.0   0.8   1.9     22
  20000106  14252915 23.489 103.754    9.28   4.0   0.2   5.6   7.3     26
  20000308  16423395 22.089 105.737   10.95   2.8   0.3  18.2   0.7     30
  20000414  11123672 18.827 104.858   11.06   4.2   0.1   9.3   1.0     31
  20000428  07001363 21.137 106.468    7.63   2.6   0.1  17.5   2.2     32
  20001103  08542704 21.032 107.402   16.67   2.7   0.1  15.9   9.3     39
  20001114  08574459 21.605 105.767   17.54   2.3   0.1   2.5   0.6     44
  20001117  08360561 21.625 105.793   15.88   2.0   0.1   7.3   2.5     45
  20001117  08505156 21.065 107.228   23.54   2.9   0.2   6.1   1.7     46
  20010101  11342004 21.917 103.080    4.75   4.4   0.1   3.2   2.4     52
  20010104  16343028 21.895 103.042   32.11   3.5   0.3  10.0   0.3     53
  20010219  15513547 21.358 102.907    9.48   4.6   0.1   2.5   2.4     55
  20010219  16401936 21.402 102.930    7.95   4.2   0.1   4.6   4.5     56
  20010219  19025090 21.335 102.928    5.23   4.5   0.1   5.0   1.8     57
  20010222  05512539 21.670 105.698   20.36   1.9   0.1   2.9   0.7     60
  20010222  11363480 21.376 102.993    9.88   3.1   0.1   2.5   1.6     61
  20010304  20185008 21.340 102.870    1.80   4.7   0.1   5.6   5.4     64
  20010304  20405485 21.487 102.913    9.74   2.9   0.0   8.1   6.3     65
  20010305  15065970 21.340 102.895    8.67   3.2   0.1   7.8   4.5     66
  20010318  08244845 21.225 107.602   20.88   2.4   0.0   9.8   8.8     68
  20010325  07080765 24.159 103.244    7.15   3.3   0.5  16.1  28.1     70
  20010402  20454720 22.140 103.191    4.11   4.5   0.1   1.1   7.7     71
  20010412  10225185 21.652 105.680   32.06   2.4   0.2   3.4  22.2     73
  20010423  15511976 21.356 103.001    7.11   3.9   0.0   2.1   5.6     75
  20010604  21021757 22.043 102.530   13.95   4.5   0.1  16.4   1.2     77
  20010604  23202690 22.518 102.614   12.95   3.4   0.2  17.6  18.8     78
  20010614  08101539 21.637 105.798   22.47   2.0   0.1   0.8  16.4     81
  20010626  07283922 21.625 105.773   33.39   2.3   0.1   1.4  18.6     83
  20010731  04510556 20.993 104.672   15.00   3.7   0.1  10.9   7.1     89
  20010902  23152876 22.588 106.308   31.24   3.4   0.1  15.9   2.4     90
  20010916  00423187 21.132 105.775   17.67   3.0   0.1   1.1   2.3     92
  20011003  10163774 21.641 105.696   11.42   1.9   0.1   1.9   6.2     93
  20011004  09371628 20.951 107.046   25.49   2.2   0.3   8.6  19.9     94
  20020208  07553550 21.622 105.782    7.19   2.1   0.2   1.3   1.1    101
  20020226  09080987 21.819 105.628    9.01   1.9   0.1   6.0   1.0    102
  20020327  07224908 21.602 105.773    9.26   2.6   0.1   2.2   1.0    106
  20020409  05585505 21.592 105.752   26.89   1.7   0.1   1.3   1.0    107
  20020412  05045008 22.454 102.725   14.42   4.6   0.1   7.3   6.4    108
  20020605  06042027 20.967 107.057   15.06   2.3   0.1  14.8  13.3    115
  20020625  09543774 21.024 107.224   15.26   2.3   0.1   7.3   1.9    116
  20020702  20072773 22.787 103.374   14.45   3.3   0.2   6.5  24.6    119
  20020704  08554564 21.617 105.764   10.10   1.3   0.2   0.4   6.5    121
  20020709  04192805 21.252 106.652   18.44   1.7   0.1   8.1   9.2    123
  20020716  08134752 21.596 105.765    4.15   2.1   0.2   0.2  13.7    126
  20020728  04313752 21.792 105.804    7.81   1.7   0.1   0.5  14.8    127
  20020910  01560338 21.986 105.514   22.61   3.0   0.2   4.5   0.1    136
  20021130  06355640 21.608 105.763    3.60   2.0   0.1   5.5  11.1    142
  20021217  09043378 21.602 105.777    5.97   2.1   0.2   1.1   4.7    144
  20021219  06175986 21.129 106.824    7.84   2.2   0.1   6.8   0.8    145
  20030213  10185708 21.698 105.717   30.95   2.2   0.1   3.2   4.2    149
  20030227  11002533 21.666 105.705   19.83   2.0   0.1   1.6   6.8    150
  20030324  11114345 22.164 107.590   32.94   4.1   0.1   6.6   0.0    152
  20030520  15160829 20.834 108.358   33.48   3.6   0.1  18.1   0.5    154
  20030727  13395814 20.822 103.200   12.32   3.7   0.1   5.6   1.7    156
  20030812  14182532 20.456 105.144    9.35   2.7   0.1  19.6   1.8    159
  20030817  10513346 21.708 106.998   22.12   2.7   0.2   1.7   0.9    160
  20030818  08585619 21.018 107.080   20.24   2.1   0.1   9.1   2.7    161
  20030819  12211001 22.162 103.216    7.31   3.9   0.2   6.2   5.2    162
  20030828  10395040 21.613 105.768   15.63   2.4   0.2   1.0   3.2    165
  20030830  07023902 21.629 106.852   22.36   2.3   0.2   0.4   0.8    166
  20030830  07461683 21.581 105.746    4.97   1.8   0.2   2.7   1.1    167
  20030906  04372857 21.592 105.763    6.80   2.1   0.2   0.2   7.8    168
  20030919  03552232 20.115 105.653   24.09   2.6   0.1   7.1   2.0    171
  20031014  08202102 21.160 103.086   13.56   3.6   0.1  10.5   6.8    173
  20031101  07382028 21.057 106.753   18.63   2.4   0.2   1.8   2.1    174
  20031101  08154242 21.655 105.737   12.22   2.5   0.1   2.7   3.2    175
  20031105  08242436 21.125 106.762    2.73   2.4   0.1   5.6   9.8    178
  20031108  08185607 21.073 106.788   11.14   2.0   0.1  13.9   5.8    179
  20031108  15005559 21.021 104.694   10.75   3.2   0.1  14.3   2.3    181
  20031123  15081048 20.580 100.966    1.49   4.8   0.2   2.9   5.6    182
  20031220  08321898 21.001 107.062   24.67   2.5   0.1   3.0   2.2    184
  20040101  11140969 23.210 102.980    3.03   3.8   0.1   3.0   4.0    187
  20040102  17543318 22.850 103.620   20.62   3.2   0.1   5.8   7.2    188
  20040112  10004308 21.760 107.203   11.45   2.4   0.1   4.7   1.3    197
  20040115  05011650 23.307 102.539   23.39   3.7   0.2   2.8  15.6    198
  20040120  05544462 20.999 107.068   29.83   2.2   0.1  12.4   7.1    200
  20040123  00563278 23.465 103.179   18.42   2.9   0.2   2.7  10.1    201
  20040202  05010956 21.030 107.149   27.01   2.3   0.3  15.2   2.8    202
  20040205  04134790 22.205 102.248    8.93   3.9   0.1   9.3   1.9    204
  20040228  11260877 21.603 105.753    4.26   2.3   0.2   1.1   3.4    207
  20040309  08505923 20.544 105.825    2.64   1.5   0.2   3.7   9.7    209
  20040311  15035284 23.373 101.603    9.14   3.2   0.2   2.0   2.1    210
  20040420  14223305 22.398 102.897    6.27   3.1   0.1   7.0   0.8    213
  20040506  03064690 22.887 103.522   11.53   3.5   0.1   1.9   1.5    214
  20040511  18333268 22.839 103.582   11.08   2.9   0.1   2.8   9.3    216
  20040906  21533994 24.174 104.388    6.70   3.3   0.1   4.3   0.3    217
  20040914  08152733 20.933 107.303    9.55   3.0   0.1  16.5   3.0    218
  20040930  06141070 20.255 107.733   14.95   3.0   0.1   1.0   4.5    219
  20041007  20234125 20.936 108.017   15.83   3.3   0.2  12.5   8.1    220
  20041211  01071310 23.319 103.983    9.00   3.0   0.2   3.8   1.9    222
  20050107  14252355 18.958 105.340   14.24   4.7   0.1   4.1   6.8    223
  20050107  19383580 20.332 105.367   12.94   3.4   0.1   2.0   2.5    224
  20050112  16003734 19.032 105.328   16.72   4.4   0.1   4.9   8.5    225
  20050125  16303967 22.585 100.809   21.62   5.1   0.1   4.3  11.7    227
  20050125  22230331 23.277 103.960    5.82   3.8   0.1   5.6   5.2    228
  20050125  22322233 22.765 104.019   32.03   3.2   0.1   8.2   1.0    229
  20050125  22370904 23.323 104.008   32.91   3.2   0.1   1.4   0.1    230
  20050126  23521145 23.320 104.004    1.50   4.1   0.1   4.0   1.4    231
  20050208  10062068 20.661 103.914   14.12   3.3   0.1   6.9   0.2    232
  20050419  06422472 21.157 106.784    3.94   2.1   0.1   1.6   2.6    233
  20050511  09325011 21.044 106.689   14.03   2.4   0.1   5.6   5.8    235
  20050528  08175936 20.998 107.178   23.09   2.4   0.2  12.1   1.0    236
  20050601  14293719 20.571 106.176   13.72   2.3   0.1  12.1   5.4    237
  20050705  12072977 24.217 103.738    6.61   4.1   0.2   1.3   5.9    238
  20050717  05015439 23.168 104.158   13.79   4.1   0.1  17.3   6.3    239
  20050717  05452441 23.460 105.295    7.11   5.4   0.1   2.0   0.1    240
  20050718  16200518 21.214 103.363   11.73   4.0   0.1   1.1   4.6    241
  20050807  04245081 21.405 105.652    2.40   2.3   0.1   0.9   4.4    243
  20050809  10301587 21.432 106.007   11.11   1.9   0.1   1.3   2.0    244
  20050813  04584408 23.530 104.094    5.13   4.4   0.1   3.2   4.5    245
  20050814  18150748 23.496 103.996   13.95   4.9   0.1   5.3   6.6    247
  20050816  17592599 23.536 104.123    3.83   4.4   0.1   1.5   3.2    248
  20050816  18292433 23.514 104.088    0.90   4.5   0.1   1.4   0.8    249
  20050817  21584896 24.408 104.406    7.42   3.4   0.1   4.9   0.4    250
  20050818  04201538 23.572 104.184    8.21   3.2   0.1   6.6  10.4    251
  20050820  05273411 23.497 104.141    3.79   3.8   0.1   3.3   3.2    253
  20050821  12483711 23.476 104.191    4.14   3.6   0.1   2.0   2.9    254
  20050822  15024795 23.480 104.128    9.60   3.4   0.2   3.8   8.3    255
  20050824  23385361 23.392 104.121   26.31   3.8   0.1   8.3  24.2    256
  20050826  23170922 23.505 104.218   11.14   3.9   0.2   2.9   9.5    257
  20050920  08393424 20.963 107.343   15.56   2.8   0.2   4.2   1.0    259
  20051010  13425415 21.976 105.486   19.36   3.8   0.1   3.7   0.0    260
  20051016  09192460 23.491 104.178    1.70   4.5   0.1   3.8   5.5    261
  20051019  21022808 23.557 104.134   15.06   3.6   0.2   3.2   2.2    262
  20051020  02023776 23.489 103.866    6.38   5.3   0.1  18.0   0.8    263
  20051027  11185501 23.611 107.573    7.37   6.3   0.1  16.1   0.3    264
  20051112  07090025 21.081 106.701   14.81   2.2   0.1   7.2   4.5    267
  20051122  05114820 20.189 105.956   20.65   2.1   0.1   1.5   0.0    270
  20051231  17220349 23.458 104.149    2.99   3.3   0.1   5.7   2.7    273
  20060112  01053186 23.288 101.818   13.70   4.7   0.1   5.7   6.1    277
  20060226  16123639 21.185 103.354    2.69   3.5   0.1   1.7   2.7    280
  20060403  17065249 19.713 107.456   13.08   3.8   0.1   4.4   5.6    282
  20060511  07441399 23.846 103.166    8.82   3.4   0.2  13.5   7.5    283
  20060623  17220809 24.283 102.617    4.27   4.1   0.1  12.8   3.0    284
  20060715  16173489 24.006 101.191    6.63   4.7   0.2  11.4   3.7    285
  20060902  18165329 22.252 102.169   13.94   2.7   0.1  12.2   9.0    286
  20060904  22070184 24.404 102.944    0.34   3.3   0.1   9.9   6.9    287
  20060916  17122674 21.452 109.660    5.82   4.5   0.2  11.2   1.4    290
  20061031  10372919 22.251 101.272   20.34   4.1   0.1  17.3  12.5    292
  20061102  21121776 23.665 104.350    5.19   3.3   0.1   1.9   1.9    293
  20061111  18455946 23.828 102.327    5.85   3.8   0.1   7.3   1.2    294
  20061123  16300144 22.707 102.411    8.11   3.9   0.1   5.3   1.1    295
  20061124  12052055 23.049 104.160    4.80   3.5   0.1   3.0   2.3    297
  20070219  02583316 21.593 101.771    7.51   3.5   0.1   3.0   4.5    299
  20070306  15321150 22.069 101.502   15.72   3.7   0.1  19.4  12.0    300
  20070401  18594809 20.061 102.826    8.55   3.0   0.1   9.3   7.3    301
  20070502  02021169 20.752 103.138    5.72   4.4   0.1   2.7   5.1    302
  20070502  04015169 20.748 103.154    7.19   3.5   0.1   2.0   0.2    303
  20070502  18295944 20.739 103.123    9.06   3.1   0.1   4.8   2.0    304
  20070515  14355154 20.535 100.986   22.91   4.6   0.1  17.5  16.3    305
  20070516  08561614 20.515 100.949   26.35   6.4   0.1  14.9  13.3    306
  20070516  10043779 20.619 100.859   14.45   4.1   0.1   3.8   7.3    307
  20070516  10154545 20.403 100.881   10.96   4.1   0.1   2.4   3.8    308
  20070516  11160191 20.421 100.958   12.25   4.1   0.1   7.1   4.7    310
  20070516  11351747 20.380 100.939   16.09   3.4   0.1   7.9   7.4    311
  20070516  11435734 20.524 100.943   16.15   3.6   0.1   5.8   6.3    312
  20070516  13181390 20.434 100.896   16.07   4.8   0.1   6.3   8.8    313
  20070516  15225976 20.428 100.887    9.21   4.2   0.1   5.1   1.8    314
  20070516  17085882 20.433 100.902   15.01   4.3   0.1   3.2   6.1    315
  20070517  03254961 20.679 100.999   25.88   4.1   0.1   9.8  17.9    317
  20070518  13051848 20.693 100.806   21.12   4.1   0.1   5.5  12.1    319
  20070522  18260262 20.500 100.964    9.25   3.8   0.1   8.3   1.9    323
  20070524  11152182 20.511 101.075   21.53   3.9   0.1  14.0  13.4    325
  20070531  15442614 22.555 102.575   13.17   3.4   0.1   4.5   1.4    326
  20070602  21345655 23.139 100.937   12.67   5.8   0.1   1.8   4.9    327
  20070602  22274409 22.981 101.063    9.45   3.7   0.1   2.9   2.0    328
  20070603  00093896 23.050 101.271   16.37   4.2   0.1   5.6   9.1    330
  20070603  02490289 23.143 101.189   12.40   4.3   0.1   4.7   2.1    331
  20070603  16060076 23.105 101.359   11.58   3.5   0.2  12.6   2.8    332
  20070603  16361996 23.091 101.359   11.82   3.7   0.1  13.1   0.9    333
  20070604  11534404 23.077 101.161   11.71   3.8   0.1   4.1   2.1    334
  20070605  09355933 23.071 101.319   13.94   3.9   0.1  10.9   6.5    335
  20070607  05311554 21.915 103.048    8.39   3.3   0.1   1.9   0.2    337
  20070607  17211089 20.590 100.986   21.86   5.0   0.1  13.6   8.6    338
  20070609  23282973 21.881 103.040    0.90   2.9   0.3   2.5   0.4    340
  20070622  16524368 21.621 103.376    8.73   2.2   0.2   1.6   0.4    342
  20070623  06535788 21.575 100.142   21.81   4.5   0.1  14.1   7.0    343
  20070717  03241741 24.920 106.881    7.75   4.5   0.1   2.6   0.7    346
  20070721  08471190 21.269 104.050   19.09   3.0   0.1   4.2   2.6    347
  20070726  07143735 20.667 103.061   19.88   2.8   0.1  13.0   5.9    348
  20070804  01241494 23.268 101.774    6.40   3.9   0.1   1.6   0.7    349
  20070810  21275354 24.294 103.920    5.88   3.6   0.1   3.0   1.1    350
  20070815  17210926 24.293 103.926    5.36   3.3   0.1   4.7   1.7    351
  20070902  09063315 23.991 105.323   10.10   3.8   0.1   2.6   3.0    352
  20070906  18514625 23.329 105.587   11.72   4.2   0.1   1.5   5.0    353
  20070908  07125017 20.466 100.699   10.98   4.5   0.1  19.8   2.7    354
  20070909  16310796 24.305 103.962    8.23   3.0   0.1   2.5   2.2    355
  20070909  16355559 24.315 103.945    6.58   4.2   0.1   4.7   0.4    356
  20070910  21340822 24.330 103.944    1.47   3.1   0.1   4.7   5.7    357
  20070910  22021358 24.335 103.925    3.24   3.6   0.1   7.1   3.8    358
  20071016  06465914 20.575 100.962   18.54   4.3   0.1   6.3  16.1    360
  20071031  00514857 24.506 104.683   16.04   3.2   0.1   7.7   3.7    361
  20080205  18412856 22.951 105.457   13.14   2.3   0.2   7.2   0.3    363
  20080210  02414739 21.624 103.369    7.48   3.1   0.1   1.0   0.8    364
  20080216  20275943 21.396 102.955    9.59   2.6   0.1   3.4   0.1    365
  20080225  23015942 22.852 104.184   11.45   3.0   0.1   4.3   2.6    366
  20080429  19110759 21.061 107.779   17.44   2.4   0.2  12.0   4.7    368
  20080514  11453685 23.674 102.668    1.70   4.7   0.1  11.0   5.4    369
  20080514  14163522 23.638 102.623    3.88   3.7   0.1   4.5   3.2    371
  20080615  23515513 24.191 107.321   14.27   3.8   0.2   6.0  12.4    372
  20080807  19095599 20.962 104.582   16.76   3.0   0.1   4.1   2.5    374
  20080825  05411106 24.765 104.369    4.19   4.0   0.1   3.3   2.8    375
  20080901  22020121 22.853 103.479   11.31   2.6   0.2   3.8   0.4    376
  20080902  19260634 24.812 103.248    0.05   2.8   0.1   2.7   8.1    377
  20080914  23374338 23.617 102.794    1.72   3.8   0.1   9.5   5.4    378
  20081002  17304787 20.384 104.640   19.85   2.0   0.2   2.1   0.3    379
  20081008  02213976 23.527 102.070   13.72   4.1   0.1   6.1   4.0    380
  20081017  21374415 23.323 103.966    6.36   4.1   0.1   4.4   0.7    381
  20081018  17435866 23.470 103.680    5.47   2.7   0.1   4.0   1.7    382
  20081019  20580875 21.889 103.039   12.56   3.1   0.2   1.1   0.6    383
  20081116  16211334 21.683 103.418   12.10   2.4   0.1   0.7   0.5    384
  20081129  08062801 20.641 100.996   18.15   4.2   0.1  13.0   7.8    386
  20081129  17094443 24.260 103.876    6.53   2.4   0.1   2.4   0.5    387
  20081202  00422503 23.751 103.340    3.77   3.4   0.1   1.4   3.3    388
  20081223  01204046 23.418 101.869    9.14   3.5   0.2   2.0   2.7    389
  20081225  18195469 24.966 103.027    4.51   3.9   0.1   2.2   2.4    390
  20081227  17333505 23.977 101.295   10.36   3.5   0.1   1.1   4.0    392
  20081229  19495061 22.480 102.377    7.25   3.4   0.1   7.7   3.3    393
  20090106  01294664 22.652 100.825   21.71   3.4   0.1  11.5  13.8    394
  20090120  04030461 22.194 101.494   15.23   3.8   0.1  13.1   7.1    395
  20090129  04383947 23.306 102.796   29.94   3.2   0.1   3.2   3.1    397
  20090201  04530626 21.878 102.481   13.25   3.2   0.1   5.5   5.3    398
  20090224  15200164 24.529 101.951    7.88   3.6   0.2   9.9   1.2    399
  20090307  07280767 22.882 104.136    9.33   3.9   0.1   4.1   3.0    400
  20090308  20280838 23.159 104.035   14.27   2.8   0.1   6.4   2.0    401
  20090309  21473449 23.021 104.186   17.99   2.6   0.2   1.8   9.3    402
  20090321  18313487 22.421 102.447   18.28   2.7   0.2  13.8   4.5    403
  20090327  14433420 22.263 102.689    6.46   3.6   0.1   4.0   0.6    404
  20090404  22035351 23.286 101.839    9.86   4.0   0.1   1.9   2.8    405
  20090404  22391238 23.275 101.850   11.55   2.7   0.3   7.8   1.7    406
  20090422  18463840 21.922 103.036   10.47   2.5   0.2   3.4   3.4    407
  20090427  22180970 23.423 102.470    6.61   3.2   0.1   2.7   0.4    408
  20090502  23221385 23.098 104.397   25.14   2.4   0.1   6.1  11.4    409
  20090505  17184868 23.774 103.348    1.41   3.1   0.1   9.9   6.1    410
  20090519  00024916 20.783 104.111   18.15   3.2   0.1   1.1   4.5    411
  20090527  20385849 21.376 101.889   12.62   3.3   0.1  15.1   2.5    413
  20090612  21011915 23.705 102.463    2.67   2.8   0.1   8.8   0.9    416
  20090613  05400617 23.687 102.513    7.98   3.7   0.1   4.3   0.9    417
  20090620  13043220 23.023 101.169   11.25   3.4   0.1   6.7   3.8    418
  20090620  22211820 23.069 101.205   11.32   3.7   0.1  10.1   3.6    419
  20090725  18280189 19.585 103.124    6.74   2.5   0.1   6.5   0.8    420
  20090816  17571660 20.450 100.888   15.07   4.0   0.1  12.1   7.3    422
  20090819  02252667 22.326 102.607   14.69   3.6   0.1   6.7   0.2    423
  20090819  15470711 21.958 102.658   25.45   2.4   0.1  17.1   0.1    424
  20090906  18045723 22.160 101.442   19.97   3.3   0.1  14.5   8.7    426
  20090906  20491503 21.085 104.770   18.57   2.8   0.1   1.4   1.5    427
  20090921  15310150 22.909 103.551   15.51   2.0   0.1   5.9   6.8    428
  20091005  16530973 22.175 101.887   11.29   4.1   0.1   4.5   4.0    431
  20091009  14561517 20.803 102.052   12.80   3.1   0.1  13.4   5.9    432
  20091014  01583977 20.789 102.093   15.73   4.0   0.1  12.3   4.3    433
  20091101  04512441 24.679 101.212   12.91   4.2   0.1  14.4   0.2    435
  20091102  20275259 20.796 101.876    7.80   3.5   0.1   8.2   6.5    436
  20091107  03545490 20.794 101.903    8.62   2.8   0.2  10.0   1.8    437
  20091110  07365728 20.779 102.115   17.43   3.9   0.1  13.1   9.1    438
  20091110  08014325 20.723 101.761    4.85   3.3   0.1  16.6   1.8    439
  20091110  12043953 20.654 101.972   11.43   2.8   0.1   7.7   2.6    440
  20091111  17273500 20.747 101.922    7.94   2.6   0.1   8.0   0.8    441
  20091126  04470018 21.317 104.166    5.62   4.1   0.1   1.2   1.5    444
  20091126  04494433 21.328 104.154    1.67   2.5   0.1   2.5   6.3    445
  20091126  12015679 21.359 104.143   13.56   2.1   0.1   3.5   4.4    446
  20091126  13590188 21.305 104.153   17.43   3.7   0.1   3.3   3.3    447
  20091126  19521204 21.326 104.172   11.23   2.0   0.1   2.0   0.7    448
  20091208  17330555 21.327 104.143   10.25   2.6   0.1   2.4   1.5    449
  20091213  19083592 22.754 101.370    8.18   3.4   0.1   5.8   6.8    451
  20091227  00044551 19.902 101.651   11.99   2.8   0.2   2.5   1.9    452
  20100101  00061911 21.307 104.148   20.93   2.2   0.1   1.7   3.5    453
  20100102  19033398 22.750 102.186    7.91   3.1   0.1   2.3   0.9    454
  20100106  23271967 22.681 102.729   18.15   3.0   0.1   6.6   1.6    455
  20100213  11025127 21.329 104.146    7.76   1.9   0.1   3.5   0.3    458
  20100216  21280390 24.833 100.652    2.95   3.0   0.1   7.4  11.7    459
  20100217  00105475 23.388 106.581    2.04   2.9   0.1  10.4  23.5    460
  20100217  22164993 20.899 104.644   12.64   2.5   0.1   1.0   1.0    461
  20100223  14335857 20.905 104.710    8.13   2.0   0.1   4.2   0.6    463
  20100327  08154187 21.084 107.327    5.79   2.9   0.1   2.5   2.0    466
  20100402  18033278 20.374 100.728    3.49   4.1   0.1   8.9   3.6    468
  20100402  20263025 22.404 100.265   10.29   4.1   0.1  10.7   2.8    469
  20100406  15093069 20.411 104.934   29.10   2.2   0.1   3.2  10.7    470
  20100415  09535461 21.688 103.427    6.92   2.4   0.1   1.3   0.6    471
  20100415  11233634 21.709 103.424    3.21   2.0   0.1   2.5   5.4    472
  20100502  14523936 23.107 105.071   13.69   2.3   0.1   5.1   2.0    474
  20100506  05595048 21.198 101.717   24.00   3.1   0.1   4.7   4.8    475
  20100528  14533737 22.685 100.907   21.52   3.8   0.2   7.0  14.8    477
  20100618  20463677 19.676 102.872   11.13   3.0   0.2   2.6   1.4    479
  20100620  17221085 21.373 101.837    4.83   3.3   0.2   5.5   2.2    480
  20100705  19395937 20.883 106.922   12.67   3.2   0.1   4.6   0.8    483
  20100719  12094378 20.331 103.812    7.89   2.6   0.2   0.6   0.9    485
  20100808  03355610 22.985 104.170    8.40   3.2   0.1   0.7   2.0    486
  20100815  08255782 23.506 104.099   11.44   3.4   0.1   3.0   3.2    488
  20100919  08581713 20.206 104.934   13.01   4.3   0.1   6.3   3.2    490
  20100922  06045738 20.208 104.905   19.22   2.9   0.1   1.9   2.1    491
  20100929  20181819 20.214 104.914   15.98   2.9   0.1   1.7   1.7    492
  20100929  21511761 23.674 102.014    0.59   3.4   0.1  18.5  11.9    493
  20101002  02522855 22.077 101.634    0.39   3.8   0.1  12.0   6.6    494
  20101004  05234387 23.175 104.376   26.58   2.2   0.1   2.8   9.6    495
  20101004  13091826 20.643 100.601   19.06   3.7   0.2   9.2  10.8    496
  20101005  05020937 23.954 106.131   13.17   3.5   0.1  13.0   2.1    497
  20101010  14505560 22.016 101.533    7.05   3.6   0.1   4.7   0.4    498
  20101010  20462942 20.793 101.908    6.65   3.3   0.1   8.5   0.3    499
  20101019  20214858 18.966 105.316    4.16   4.0   0.1   5.4   2.9    500
  20101111  17205706 21.256 101.433    3.81   3.3   0.1  19.9   9.6    501
  20101116  17040301 24.335 104.283    7.19   3.4   0.1   2.0   0.2    502
  20101122  10561731 20.204 104.877   27.62   2.9   0.2   4.5   9.2    503
  20101126  20471627 20.190 104.915   10.71   2.5   0.2   2.8   3.6    504
  20101202  22240974 19.923 105.269   19.52   1.8   0.3   2.8  17.3    505
  20101206  21050648 22.649 106.270   14.27   3.0   0.1   9.2   0.7    506
  20101210  18194299 23.276 103.223   19.82   2.6   0.1  16.3   8.0    507
  20101213  01502728 23.789 102.561   26.29   3.3   0.2  15.7  17.1    508
  20101221  16380933 20.990 105.665   19.98   2.4   0.1   3.5   0.1    510
  20101225  17404157 21.799 103.524   14.36   1.5   0.1   2.8   3.2    511
  20101227  22581189 22.440 105.060   21.37   2.5   0.1   4.0   3.4    512
  20101230  18501619 20.784 103.387    7.54   4.5   0.1   2.2   0.9    513
  20101230  21435924 20.768 103.381    8.24   3.4   0.1   3.2   1.7    514
  20110106  11465207 21.476 104.003    0.16   1.7   0.1   1.0   6.8    516
  20110110  03575493 22.468 105.177   19.34   3.0   0.1   7.3   4.2    517
  20110123  15462026 23.132 101.829    7.28   4.0   0.1   2.6   7.5    519
  20110126  19391980 23.879 103.854   17.38   2.6   0.1  18.0   5.0    521
  20110203  18011045 21.796 103.549    5.62   2.6   0.1   2.8   1.4    522
  20110203  20180683 21.780 103.543   10.36   1.1   0.1   1.4   0.0    523
  20110223  15531501 18.761 101.791    2.32   4.5   0.1  11.6   5.1    528
  20110224  20042294 20.775 103.395   12.17   3.2   0.1   0.3   5.3    529
  20110303  02182728 18.626 101.550   11.09   3.1   0.1   8.2   4.7    531
  20110303  22371526 23.773 103.340   11.79   3.7   0.2   1.4   4.1    532
  20110307  19143945 21.497 103.987    3.12   2.5   0.1   6.6   5.2    533
  20110317  18105532 22.868 104.140    8.06   3.1   0.0  12.2   1.9    535
  20110320  19410347 20.779 103.408    3.24   2.1   0.1   3.3   3.9    536
  20110324  17200895 20.626 100.155    8.53   4.4   0.1   9.3   1.4    539
  20110324  17290364 20.889 100.996    4.34   3.3   0.2   7.6   2.8    540
  20110324  18330663 20.826 100.056    4.90   3.2   0.1  10.9   2.2    542
  20110325  03260095 20.379 100.065   23.84   4.1   0.1   7.4  13.7    547
  20110325  06303816 20.704 100.137    2.99   4.2   0.1  17.4   4.2    548
  20110326  05573200 20.580 100.359   13.84   5.2   0.1  13.5   3.9    553
  20110327  03435102 23.387 104.114    9.88   3.3   0.1  11.2   2.8    555
  20110328  22024878 20.789 103.441   27.39   2.4   0.2   2.6  16.5    557
  20110405  19080297 20.407 100.184    7.43   3.6   0.3  16.9   0.8    559
  20110407  18353730 21.049 100.994   17.02   3.8   0.1   6.9   8.5    560
  20110420  04113584 20.576 100.320   30.31   4.2   0.3  12.6  17.4    561
  20110423  19024500 22.909 103.085   32.29   2.7   0.1   6.7  23.9    562
  20110425  10304703 22.000 103.420    3.35   2.9   0.1   0.9   3.6    563
  20110428  02015058 21.989 103.423    8.60   3.5   0.2   1.7   1.4    564
  20110507  13015667 20.763 103.130    9.82   3.8   0.1   0.9   0.2    566
  20110519  05072980 21.039 106.772   25.07   2.1   0.1  11.7   9.0    567
  20110521  20311745 22.861 103.673   12.54   4.0   0.1   1.8   5.9    568
  20110522  16124737 22.764 103.771   18.52   2.6   0.1   7.4   0.6    569
  20110524  00025686 22.826 103.670   19.77   3.0   0.1   1.9   3.7    570
  20110614  18521225 20.549 100.093   21.22   3.5   0.2  10.2   8.3    571
  20110615  02030559 21.626 103.707   11.09   2.4   0.1   2.3   2.9    572
  20110620  20334835 21.599 103.970    5.23   1.7   0.1   2.9   2.2    573
  20110629  08263823 20.782 103.407    2.00   3.3   0.1   2.6   5.4    574
  20110709  03130395 22.020 103.437   23.86   2.8   0.2   7.4   9.2    575
  20110714  08170972 23.732 103.265    6.47   3.6   0.1   4.7   4.4    576
  20110728  11034832 21.502 105.143   10.33   2.7   0.1   0.8   4.2    577
  20110731  02225621 21.552 103.675   14.37   2.6   0.1   3.8   1.3    578
  20110731  18305370 21.564 103.672   11.37   1.9   0.1   3.5   2.7    579
  20110803  06062166 21.572 103.681   17.06   3.0   0.1   1.4   2.1    580
  20110804  16393402 21.537 103.661   27.64   2.5   0.2   1.2   5.7    581
  20110818  01411751 21.808 103.554   10.65   3.0   0.1   2.6   3.9    584
  20110819  09011510 21.567 101.503    7.01   3.0   0.2  14.8   0.3    585
  20110901  15544090 21.613 103.365   13.00   2.7   0.1   2.8   3.9    588
  20110921  12100257 21.801 103.631   26.80   2.7   0.1   4.4   8.1    590
  20110921  14592827 21.813 103.521   14.39   2.4   0.1   7.0   2.6    591
  20111002  12533721 21.025 104.481   12.02   2.9   0.1   1.6   1.0    592
  20111012  04321598 22.980 104.220    7.20   3.5   0.1   3.1   0.2    593
  20111015  04272683 22.105 103.420   22.91   2.5   0.1   7.6   6.7    594
  20111020  12483827 21.564 103.972    5.74   2.5   0.1   1.3   1.5    596
  20111020  14464914 21.566 103.982    7.07   2.1   0.1   2.2   0.6    597
  20111020  17553547 21.549 103.986   10.05   2.2   0.1   2.0   1.6    598
  20111026  19103687 22.039 103.375   21.29   2.9   0.2   3.3  10.6    599
  20111028  20323805 21.527 103.980   20.52   2.1   0.1   1.7   3.1    601
  20111106  23255541 20.030 105.568   12.95   2.7   0.1   1.9   0.1    603
  20111110  10521618 21.546 103.973   16.86   2.6   0.1   2.6   4.8    604
  20111113  21033985 21.538 103.976   20.15   2.4   0.1   2.5   4.7    605
  20111116  04025142 21.358 104.198    5.85   1.6   0.0   1.2   2.9    606
  20111116  09532694 21.682 103.635    3.91   2.0   0.1   0.8   4.3    607
  20111118  15273253 21.565 103.998    3.99   0.6   0.1   0.2   2.5    608
  20111118  23543195 21.746 103.200   12.68   1.8   0.0  15.9   1.2    609
  20111121  03365633 21.365 104.199    1.47   1.3   0.1   2.7   0.8    610
  20111121  21075198 21.562 103.299    9.24   2.1   0.1   7.4   0.3    611
  20111122  13464960 21.565 103.986    5.35   1.5   0.1   0.5   3.1    612
  20111122  14105999 22.472 105.173    5.17   2.6   0.1   2.4   1.8    613
  20111122  14173502 21.565 103.988    5.84   1.7   0.1   0.4   2.5    614
  20111122  22503441 21.619 103.939    2.50   1.2   0.1   2.1   3.0    615
  20111123  06334894 21.850 103.861    6.27   1.5   0.1   2.2   1.0    616
  20111123  14173015 21.655 103.720    4.33   1.0   0.1   0.9   1.5    618
  20111124  21241669 21.608 103.654    1.20   1.2   0.1   3.9   0.9    619
  20111201  00580851 21.631 103.640    4.47   1.3   0.1   4.1   0.2    622
  20111203  15402672 21.700 103.633    1.75   1.8   0.1   1.2   5.3    623
  20111205  13553784 21.475 104.015    2.46   1.3   0.0   0.7   4.3    624
  20111214  20582950 22.142 103.369   19.04   2.0   0.1   1.9   2.6    626
  20111216  04150370 21.484 104.010    4.66   1.3   0.1   0.1   2.5    627
  20111216  20451394 21.618 103.942    2.92   1.0   0.1   2.3   3.0    628
  20111218  07440720 21.828 103.537    6.79   1.6   0.1   5.0   5.9    629
  20111219  10210411 21.670 103.629    5.78   2.4   0.1   2.1   0.8    630
  20111219  17012914 21.686 103.630    3.30   1.8   0.1   0.3   4.3    633
  20111224  05380217 21.839 103.852   11.04   1.2   0.1   4.5   6.4    635
  20111225  21390184 21.801 103.532   12.42   1.8   0.1   4.9   8.4    636
  20111227  10352768 21.575 104.003   10.89   1.5   0.1   0.5   0.8    640
  20111227  22122683 21.598 103.652    3.46   1.1   0.1   3.7   0.6    641
  20111228  05483449 22.075 100.521    9.68   3.4   0.1  16.1   3.0    643
  20111228  17102035 21.218 101.949   17.25   2.6   0.1   9.9   2.1    644
  20111229  20302492 21.552 103.986    3.46   1.5   0.1   0.8   2.3    645
  20111229  20362017 21.569 103.984    6.48   0.8   0.1   0.7   1.4    646
  20111230  04453926 21.567 103.982    6.66   1.8   0.1   1.0   2.1    647
  20111230  05435173 21.555 103.987    5.50   1.3   0.1   0.7   3.6    648
  20111230  16224367 21.567 103.991    4.66   0.8   0.1   0.2   3.9    649
  20111230  18122053 21.690 103.569    8.74   1.5   0.1   1.3   6.9    650
  20120105  18031813 21.561 103.986    5.64   1.4   0.1   0.7   1.5    651
  20120105  18293420 21.562 103.992    5.21   1.2   0.1   0.4   3.1    652
  20120106  17565435 21.632 103.933    3.21   0.7   0.1   0.7   2.6    653
  20120108  05070636 21.821 103.871   22.44   1.6   0.1   2.1   6.4    655
  20120108  15573058 21.828 103.834    0.19   1.4   0.1   0.6  10.0    656
  20120108  22431954 21.574 103.984    5.73   0.7   0.1   0.6   1.6    657
  20120109  09240004 21.644 103.721    6.19   2.1   0.1   1.3   0.1    658
  20120113  10144112 21.843 103.860    9.95   1.4   0.1   1.1   4.3    660
  20120121  11542445 21.611 103.647   17.25   3.3   0.1   2.4   6.0    665
  20120125  02582081 21.624 103.647   12.75   2.9   0.1   1.0   2.5    666
  20120126  14431815 21.612 103.654    3.09   1.4   0.1   3.1   0.2    667
  20120130  21131662 21.380 103.913   10.54   1.8   0.1   1.0   0.6    669
  20120131  06311726 21.479 104.010    3.32   1.9   0.1   0.3   3.2    671
  20120203  11041546 21.319 104.029    8.79   1.6   0.2   2.5   1.6    675
  20120207  16353788 21.979 103.426   23.05   2.7   0.1   1.3   7.3    679
  20120208  05545622 21.499 103.988    3.78   1.7   0.1   0.4   2.7    680
  20120208  14000943 21.495 103.987    1.75   1.8   0.1   0.8   5.1    681
  20120209  13024873 22.732 103.880   21.10   2.2   0.2   3.1   3.0    682
  20120211  09220348 22.068 103.377   28.96   2.8   0.2   4.5  15.2    684
  20120211  17062835 21.715 103.627    2.18   1.9   0.1   2.5   0.5    685
  20120213  22161505 21.844 103.451   22.81   1.9   0.1   6.4   7.4    686
  20120219  10332806 21.396 104.172    2.83   1.5   0.2   4.8   7.3    689
  20120222  12364745 24.228 102.564    4.69   3.6   0.1   1.1   7.5    691
  20120226  01551785 23.284 101.494    0.39   3.3   0.1  17.1  12.6    692
  20120226  20415779 21.659 103.632    3.52   1.9   0.1   0.7   2.8    693
  20120301  14561973 21.492 104.001    4.26   1.2   0.1   0.4   3.2    695
  20120304  01242054 23.967 103.311   33.63   3.8   0.1   4.3  21.0    696
  20120304  03021296 21.305 104.231   13.94   1.3   0.1   4.9   4.0    697
  20120305  19524347 20.890 104.635   23.28   2.0   0.2   2.8   6.7    698
  20120306  11265417 21.930 103.452   12.24   2.3   0.1   1.1   3.0    699
  20120307  05134718 21.936 103.437    5.00   1.9   0.1   1.7  11.6    700
  20120316  01364577 21.481 104.004    3.62   1.8   0.1   0.3   3.7    703
  20120404  21440118 21.594 103.835    8.19   1.7   0.1   3.4   4.0    704
  20120405  01064034 21.490 104.000    4.28   2.2   0.1   0.3   3.0    705
  20120406  05323833 21.868 103.863    5.87   1.6   0.1   1.7   7.5    706
  20120406  09293487 21.557 103.992    4.76   1.5   0.1   0.6   3.3    707
  20120407  10260345 21.056 102.643   16.66   2.7   0.1   4.5   6.6    708
  20120408  02043186 21.503 104.000    4.37   1.3   0.1   0.3   2.9    709
  20120408  02515849 21.496 104.001    3.63   1.4   0.1   0.7   2.9    710
  20120410  00210107 21.500 104.015    6.63   1.3   0.1   0.9   1.8    711
  20120410  00480197 21.499 104.017    6.82   1.7   0.1   0.8   1.2    712
  20120410  04300917 21.492 104.007    5.55   1.8   0.1   0.6   2.4    713
  20120410  05444016 21.498 103.998    5.18   2.1   0.1   0.5   3.7    714
  20120412  14251295 21.487 104.005    4.19   1.7   0.1   0.5   3.2    715
  20120412  22510160 21.502 103.994    3.91   1.8   0.1   1.0   2.6    716
  20120413  01440917 21.486 104.006    4.28   1.5   0.1   0.7   2.8    717
  20120414  23271683 23.720 103.239    6.98   3.0   0.1  13.6   0.1    718
  20120424  12013780 21.573 103.981    4.75   1.2   0.1   0.8   3.9    720
  20120425  11273319 21.950 103.421   20.76   2.5   0.1   3.0   8.9    721
  20120425  20092486 21.498 103.997    3.84   1.2   0.1   0.4   3.5    722
  20120430  14065782 21.638 102.508   17.66   2.4   0.1   4.9   3.9    723
  20120508  18504674 22.404 102.344    8.33   4.1   0.1   5.2   2.7    724
  20120512  07260841 21.505 104.027   21.03   2.7   0.2   3.2  10.4    725
  20120514  17571047 22.702 100.410    9.70   4.1   0.2   3.2  24.5    726
  20120527  07060906 20.856 103.406   20.73   3.0   0.1   1.7   7.1    728
  20120601  18512040 20.788 103.396    6.60   1.8   0.1  10.3  11.8    729
  20120617  20333702 20.766 103.154   16.81   2.5   0.1   1.0   2.3    732
  20120627  22055299 21.567 103.986    2.49   1.4   0.1   0.6   4.7    733
  20120704  06473700 21.566 103.933    4.57   1.8   0.1   0.9   3.1    734
  20120711  09594571 21.502 103.996    4.04   2.0   0.1   0.3   3.0    735
  20120727  18180171 21.671 103.391   17.12   2.2   0.1   2.5   7.4    736
  20120804  22105197 21.572 103.947    5.74   1.5   0.1   0.5   3.0    737
  20120812  22264715 21.515 103.716   12.30   1.6   0.1   3.5   1.1    738
  20120819  10104816 21.791 103.529   20.24   2.7   0.2   5.4  11.7    739
  20120901  07014381 21.590 103.965    3.14   1.6   0.0   0.3   4.4    740
  20120904  15093279 23.011 103.520    9.53   3.1   0.1   7.3   2.5    741
  20120911  09003258 22.831 106.190   11.74   3.1   0.1   0.6   0.8    742
  20120917  23283487 23.348 100.105    8.01   3.8   0.1   5.5   6.7    743
  20120920  19141402 23.372 103.890    0.42   3.3   0.1   4.4   7.1    744
  20120922  14460570 22.889 103.851   14.88   2.4   0.1   5.6   2.5    745
  20120923  15325692 22.665 103.206   19.82   2.7   0.2   7.9   4.2    746
  20121003  03184134 20.888 106.990    7.63   4.4   0.1   2.8   0.6    749
  20121006  21582553 21.659 103.650    2.23   1.9   0.1   0.7   0.1    750
  20121010  02224727 23.510 103.309    9.70   2.9   0.1  10.8   2.4    751
  20121101  18014677 21.508 103.995    6.22   2.4   0.2   2.9   0.7    753
  20121104  19422538 21.653 104.207    2.40   1.8   0.1   2.0   0.3    754
  20121105  22050820 21.536 104.008    8.84   2.2   0.1   0.8   1.9    755
  20121106  20144564 21.271 104.262   19.98   2.0   0.1   0.7   4.5    756
  20121107  18420439 20.965 106.946   11.35   3.6   0.1   9.3   4.2    757
  20121122  20313193 18.645 104.496   11.26   3.9   0.2   4.4   0.1    758
  20121130  09401297 18.549 104.557    2.70   3.7   0.1  10.3   5.5    759
  20130117  10113219 20.623 106.958    7.01   2.8   0.0  11.5   0.0    763
  20130119  12383226 20.207 104.888    6.48   2.7   0.1   2.6   0.5    764
  20130121  08193881 21.187 102.893   17.25   3.1   0.1   1.3   3.3    767
  20130124  08134897 20.882 107.449   17.26   2.6   0.1   6.7  17.9    768
  20130201  05275846 20.795 106.972    7.26   2.2   0.1  17.4   0.3    771
  20130219  19211700 23.788 107.219    6.42   4.5   0.1   4.7   8.3    779
  20130220  05015563 23.210 101.413   10.73   4.4   0.2   8.2   3.6    780
  20130222  08145471 20.921 107.381    3.38   2.6   0.1   9.0   4.0    781
  20130310  07592032 20.541 101.872   13.36   3.1   0.1   2.6   1.6    787
  20130319  01471206 23.135 101.009    3.44   3.8   0.1   0.7   4.4    790
  20130319  03470363 23.167 100.998    7.31   3.6   0.1   0.2   5.2    791
  20130319  04292103 21.856 106.722    8.69   1.4   0.1   1.7   5.8    792
  20130322  00095500 23.114 101.014    7.63   3.7   0.2   4.5   6.1    794
  20130323  08091771 20.946 107.372    0.88   2.6   0.1  13.0   1.4    795
  20130328  08424593 21.038 107.273    0.28   2.3   0.1   4.4   0.4    798
  20130421  01295719 23.365 101.628   19.40   3.9   0.1   2.9  10.9    803
  20130426  08185717 20.974 107.321    0.88   2.5   0.1   2.3   1.5    805
  20130428  08261267 21.107 107.303    1.29   2.2   0.1   5.1   1.6    806
  20130524  04180985 22.558 101.279    7.46   3.3   0.2   5.4   0.1    809
  20130528  18311540 23.998 100.099    3.68   3.4   0.1   8.1  11.5    810
  20130726  02230946 21.164 102.515   17.67   3.1   0.1   1.8   4.9    812
  20130809  19161599 20.762 104.886   15.49   2.8   0.1   8.3   1.1    813
  20130922  09593059 21.517 100.761    2.80   4.1   0.1  12.9   4.4    814
  20130925  23215559 21.808 106.273   33.45   1.8   0.1  12.4   7.1    815
  20131006  05135990 21.602 106.456   10.37   1.2   0.1   9.0   5.4    818
  20131009  08525967 21.050 107.221    2.69   2.5   0.1  14.3   5.0    819
  20131021  15100451 20.913 103.815   13.12   3.7   0.1   1.3   2.0    821
  20131117  06533200 22.530 105.778    7.01   2.2   0.1  10.9   4.3    822
  20131124  09345407 21.575 106.486    6.45   1.7   0.0   4.4   9.4    823
  20131226  12202306 21.931 103.777    6.13   2.5   0.1   2.6   1.2    825
  20140108  00001408 21.418 101.969   12.89   2.9   0.1   1.1   2.7    827
  20140111  05560639 20.887 103.829   20.02   3.2   0.1   1.3  11.2    828
  20140128  00431805 22.605 103.293   14.98   2.6   0.1   5.3   5.0    829
  20140128  05515686 23.249 106.254    7.52   2.2   0.1  16.0   2.6    830
  20140128  12015979 22.553 101.218   10.71   4.4   0.1   3.1   3.6    831
  20140205  06310068 21.453 103.239    7.94   2.4   0.1   1.4   0.7    832
  20140205  19242643 23.369 107.162    5.68   2.5   0.1   7.7   2.0    833
  20140209  08462307 21.027 107.292    9.38   2.5   0.1  14.2  15.2    838
  20140209  11365780 21.475 103.236   10.69   2.9   0.1   1.4   1.9    839
  20140210  08435947 21.043 107.188    0.67   2.4   0.1   9.3   0.4    842
  20140211  08191489 21.048 107.201   18.49   2.7   0.1   8.1  30.0    845
  20140211  08541409 21.088 107.169    6.23   2.3   0.1   6.8  11.8    847
  20140212  08524949 21.064 107.223   21.69   2.6   0.1   4.5  26.4    851
  20140213  08234813 21.034 107.304   21.96   2.8   0.1   4.0  15.4    852
  20140214  03590568 21.873 106.684    6.12   1.2   0.1   5.5   4.3    853
  20140215  04411845 21.013 107.271    1.95   2.3   0.1   3.3   3.2    858
  20140215  08454597 20.921 107.424   31.86   2.5   0.1  19.9  37.4    863
  20140216  07170050 20.855 107.283    4.17   2.1   0.1  17.8   5.3    865
  20140216  10351391 22.061 106.680    8.27   1.3   0.1   2.5   2.0    870
  20140220  06553124 21.597 106.460   10.24   1.4   0.1   9.5  10.6    879
  20140220  10093627 22.050 106.679    8.76   1.2   0.1   2.4   0.1    882
  20140220  15232505 21.471 103.983    0.43   1.8   0.1   1.3   8.9    883
  20140221  09032941 20.985 107.273    1.62   2.1   0.1   2.1   1.7    886
  20140221  10033921 22.055 106.687    9.50   1.2   0.1   0.3   3.7    887
  20140221  11135307 21.820 107.586    8.14   1.9   0.1  16.0   0.4    888
  20140222  04015014 20.463 105.853    6.07   1.9   0.1   2.5   8.1    889
  20140223  08561887 21.008 107.249   19.68   2.6   0.1   5.5  25.3    895
  20140226  19365026 22.929 105.420   19.80   2.5   0.1  10.7  20.3    897
  20140302  04172157 21.885 106.684    6.78   1.4   0.1   2.1   1.6    899
  20140302  10402345 21.524 106.208    1.52   1.1   0.0   4.3   0.8    900
  20140303  02165563 22.016 103.400    8.23   2.8   0.2   0.8   7.8    901
  20140307  08002064 21.529 103.950    3.18   3.0   0.1   2.0  14.1    903
  20140318  08032607 20.936 107.350   21.29   2.5   0.1   8.5  32.9    907
  20140318  08561389 21.048 107.208    0.93   2.1   0.1   7.6   1.1    909
  20140318  11023352 21.040 107.336   14.11   2.1   0.1  10.7  22.2    911
  20140319  06160254 20.920 107.111    5.71   2.4   0.1   2.6   2.5    912
  20140320  04085027 21.908 106.762   12.68   1.8   0.0   2.9   3.2    913
  20140320  08372672 21.001 107.323    4.05   2.0   0.1   5.3   4.8    915
  20140320  11062620 21.875 106.683    6.32   1.4   0.1   7.2   3.3    918
  20140321  04013283 21.876 106.782   10.41   1.8   0.1   2.6   3.5    919
  20140323  07133097 20.864 107.251   17.56   2.3   0.1  15.0  20.8    920
  20140324  02425332 20.859 105.026    5.96   1.8   0.0   5.1   9.9    921
  20140325  08443865 21.830 106.815    3.09   1.5   0.1  11.2  16.1    924
  20140325  09353729 20.598 105.814    7.81   1.7   0.1  10.4   4.2    925
  20140326  05244160 21.575 106.478    7.72   1.2   0.0   5.2   3.2    926
  20140327  07345631 22.058 106.684    9.59   1.1   0.1   0.7   3.9    931
  20140328  09561374 21.967 106.706    9.85   1.3   0.1   5.6   5.9    932
  20140331  00552537 21.908 106.779   13.96   1.8   0.1   6.3   4.6    935
  20140331  03083755 22.530 102.241   22.57   3.2   0.1   9.8   6.9    936
  20140401  09434164 20.527 105.172    2.53   1.8   0.1   8.9   0.8    938
  20140402  23085769 21.897 106.774   12.47   1.7   0.1   3.7   4.2    939
  20140404  09165575 21.657 106.416   12.32   1.3   0.1   0.4   3.6    941
  20140404  17203989 20.645 105.074    4.03   0.9   0.1   1.4   2.7    942
  20140406  04594900 21.906 106.653    5.43   1.7   0.1   1.7   2.9    943
  20140408  01481673 21.893 106.778   12.31   1.9   0.1   5.6   2.8    945
  20140409  04251312 21.882 106.693    6.81   1.5   0.1  10.2   0.7    947
  20140410  01370196 21.933 106.742   12.73   1.7   0.0   0.8   1.3    948
  20140413  18374187 22.130 105.771   15.78   2.0   0.1   4.6   0.8    949
  20140416  07560718 21.644 106.415   12.69   1.4   0.1  18.8   5.9    953
  20140417  02263736 21.608 106.327    3.40   1.6   0.1   3.0   3.2    955
  20140419  18353916 24.344 103.985    5.51   3.8   0.1   3.8   4.5    957
  20140421  04074539 21.861 106.893    6.45   1.6   0.1   6.4   0.2    958
  20140421  21151547 19.931 105.199   23.51   2.2   0.1   4.2  13.3    959
  20140501  18085194 21.603 101.048   13.49   3.9   0.1   3.9   6.4    965
  20140503  04251290 21.029 107.244   10.09   2.3   0.1   1.0  17.6    966
  20140503  11282468 20.598 105.142    2.39   2.2   0.1   2.5   2.2    967
  20140506  05195458 21.631 106.445    8.50   1.0   0.1  13.0   9.8    969
  20140520  06070214 21.407 102.955   15.77   3.0   0.1   2.6   3.3    972
  20140521  05135879 21.558 106.486    0.60   1.5   0.0   0.0   0.1    973
  20140606  21142597 20.822 103.408    9.31   3.0   0.1   1.2   2.3    975
  20140615  21264787 22.259 101.905   12.95   2.6   0.2   3.6   5.6    976
  20140624  19545953 21.722 103.584   10.58   2.6   0.1   1.9   0.3    977
  20140626  12441170 21.299 102.944   12.60   4.0   0.1   2.9   0.3    978
  20140629  04511331 22.666 102.331   11.73   3.9   0.1   3.4   1.0    979
  20140719  12145744 21.581 103.992    8.25   4.4   0.1   1.2   1.8    980
  20140719  13234663 21.504 103.959   21.63   2.4   0.1   8.3   5.9    981
  20140719  14421642 21.594 103.975   12.22   3.2   0.1   3.6   4.8    982
  20140719  15253979 21.608 103.986    4.21   2.7   0.0   0.7   0.5    983
  20140722  11113959 21.018 104.745    8.64   3.4   0.1   1.3   4.6    984
  20140724  21514911 21.531 103.952   13.66   2.7   0.1   3.9   1.5    985
  20140810  21413351 21.527 104.004   12.94   3.0   0.1   1.5   4.6    986
  20140819  23501757 21.617 103.937    5.66   4.2   0.1   2.0   4.5    987
  20140820  00004353 21.468 103.935   21.40   2.9   0.1  18.4   3.6    988
  20140820  08052388 21.578 103.985   21.45   3.0   0.2   2.6   9.7    989
  20140820  16421775 24.916 102.193    6.36   3.6   0.2  10.3   5.6    990
  20140827  10451108 23.027 100.961   12.88   4.4   0.2   7.8   5.2    991
  20141002  21042570 21.583 103.970    4.64   2.3   0.1   2.6  13.4    992
  20141007  13494166 23.380 100.448   19.20   6.6   0.1   1.8  11.5    993
  20141010  11230742 20.789 103.127   30.53   2.7   0.1   1.5  15.1    994
  20141118  18421849 22.872 102.022   12.38   3.5   0.1   1.2   4.8    995
  20141205  18434674 23.329 100.544   14.68   5.2   0.1   0.9   0.5    996
  20141206  10200189 23.301 100.580   10.63   5.4   0.1  10.5   2.0    997
  20150106  22270067 20.226 104.896    6.85   2.9   0.1   3.5   4.4    998
  20150217  11530379 20.954 104.833    5.34   3.5   0.1   5.8   4.7    999
  20150220  22374833 23.007 101.673    6.18   4.5   0.1   1.3   0.1   1000
  20150625  23301981 23.261 103.223   12.42   3.1   0.2   2.7   2.3   1001
  20150628  13051356 20.281 102.545   10.17   3.5   0.1   0.9   0.3   1002
  20150629  01122968 20.310 102.502   10.76   3.7   0.1   1.1   0.1   1003
  20150629  13025525 22.694 102.665   12.75   2.5   0.1  17.6   0.6   1004
  20150703  10314779 23.057 103.386   10.02   3.5   0.1   4.9   0.5   1007
  20150727  19184629 23.234 103.496   18.34   3.0   0.1   4.8   8.4   1008
  20150913  09434626 23.001 103.533    5.97   3.6   0.1   4.4   1.3   1011
  20150914  20435700 22.964 103.453    6.59   3.2   0.1   2.9   0.4   1012
  20150917  13393753 21.671 103.475   10.58   2.7   0.1   3.6   2.0   1013
  20150919  10210290 21.349 103.807    4.86   3.1   0.2   2.9   2.8   1014
  20150920  16220222 21.602 103.625   13.24   2.7   0.2   0.8   2.0   1015
  20150921  15035609 21.634 103.643    7.04   3.6   0.1   1.4   0.0   1016
  20150924  01392454 21.631 103.660   12.19   2.9   0.1   1.0   4.7   1017
  20151007  15143255 20.934 104.842    5.64   3.3   0.1   1.6   8.3   1018
  20151102  18433382 22.726 101.957    9.61   4.2   0.1   1.8   0.8   1019
  20151208  23115413 21.870 102.236    9.43   2.7   0.2   4.6   2.3   1021
  20151214  08045111 22.543 102.575   22.74   3.3   0.3   5.3  12.3   1022
  20151228  06290382 21.828 103.557    8.81   3.5   0.1   1.4   6.3   1023
  20160121  13481597 21.210 102.746   18.00   4.1   0.1   1.3   4.4   1024
  20160213  17293475 23.049 101.872    7.73   3.2   0.1   0.9   5.7   1025
  20160305  11202333 21.733 101.333   11.29   4.9   0.2   2.6   0.3   1026
  20160307  01244230 22.542 102.030   15.39   4.8   0.1   0.6   8.1   1027
  20160422  23005723 21.933 102.295   10.13   4.7   0.1   0.8   1.8   1028
  20160424  18191107 21.988 102.294   18.48   3.7   0.2   7.5  10.8   1029
  20160516  13062824 21.966 102.315   18.13   4.2   0.1   5.8  10.4   1030
  20161027  10124648 20.297 104.491   23.11   4.1   0.3   2.5  10.3   1031
  20161202  20040108 21.273 104.101    5.24   2.7   0.1   2.6   1.8   1032
  20161208  16434429 22.634 101.980   12.44   4.3   0.1   5.6   1.2   1033
  20170304  05422449 20.711 101.786   13.46   3.1   0.1   2.9   0.5   1034
  20170421  14413466 20.741 105.054   11.43   3.5   0.1   1.1   4.0   1035
  20170430  16400988 24.279 102.367   12.24   3.8   0.3   1.6   1.1   1036
  20170824  07374718 21.413 103.288   11.00   3.2   0.1   2.4   4.3   1037
  20171023  04410099 20.957 101.951   14.69   3.8   0.1   2.2   3.1   1039
  20171216  10350769 23.117 101.653    4.41   3.3   0.1   7.3  28.0   1040
  20171225  08015597 21.466 102.908   15.13   3.4   0.1   5.6   1.8   1041
  20180107  20141957 21.365 103.298    7.90   4.0   0.1   1.7   0.9   1045
  20180108  23212289 21.409 103.283    6.22   4.9   0.1   1.2   4.8   1047
  20180109  13310236 21.994 102.267   10.82   3.5   0.1   4.5  12.6   1048
  20180113  04502556 21.403 103.302   16.39   3.4   0.1   3.8   6.8   1049
  20180114  06364582 18.270 104.899    4.43   4.8   0.1   4.2   2.6   1050
  20180114  15170016 21.341 103.298    8.06   3.1   0.2   1.2   6.7   1051
  20180118  00001539 22.033 101.127   10.27   3.4   0.1   4.6   3.3   1052
  20180127  23131781 21.616 102.426   16.82   2.7   0.1   0.6   1.8   1054
  20180202  03531085 22.001 102.277   18.70   3.0   0.1   4.4   0.8   1055
  20180202  21321567 23.066 101.883    8.76   3.0   0.1   9.5   2.5   1056
  20180208  22014114 20.843 103.412   16.80   2.2   0.2   2.2   8.8   1057
  20180209  12493970 21.395 103.304    6.78   3.9   0.1   1.2   0.2   1058
  20180209  14580419 22.331 100.845   11.32   5.0   0.1   3.6   4.2   1059
  20180218  17500914 21.908 103.800   26.28   1.4   0.2   1.2  16.4   1061
  20180220  14095782 24.462 100.914    1.21   4.2   0.1   8.8  14.3   1062
  20180228  17233648 23.210 103.013    7.54   3.2   0.2   4.1   0.5   1064
  20180312  20083194 19.886 105.233   23.70   2.9   0.2   6.1   3.0   1066
  20180318  20535460 21.714 104.237   15.89   2.0   0.1   0.8   4.6   1068
  20180326  04395665 21.598 103.926   20.22   2.6   0.1   2.7   4.7   1069
  20200727  05144830 20.922 104.695   10.05   4.6   0.1   1.7   1.0   1070
  20200727  05395588 20.924 104.700   12.67   2.8   0.1   1.7   5.3   1071
  20200727  08522487 20.922 104.688   16.49   3.0   0.2   2.9   4.1   1072
  20200727  09170696 20.945 104.722    5.77   2.9   0.4   3.9   2.8   1073
  20200727  23172125 20.918 104.727    9.72   3.0   0.1   1.4   2.4   1074
  20200728  01264334 20.910 104.703    8.72   3.5   0.1   3.0   2.0   1075
  20200728  05010635 20.947 104.710    7.56   2.8   0.3   1.7   0.6   1076
  20200728  11080502 20.919 104.706    7.77   3.0   0.1   3.6   4.2   1077
  20200728  13281730 20.915 104.693    7.35   2.9   0.1   5.2   5.7   1078
