  19960415  08395557  21.585  105.760   13.17   3.0   0.1   0.5   1.1      1   21.585  105.765   12.10
  19960522  08043747  21.622  105.757    7.14   2.0   0.1   4.2   6.1      2   21.640  105.790    1.60
  19960928  13141807  19.631  102.943   10.37   5.4   0.1  12.5   4.2      4   19.547  102.865    6.20
  19980210  08180346  21.111  104.819   27.66   3.2   0.1   1.8   7.9      5   21.121  104.806   19.30
  19980514  03344558  20.938  103.362    7.61   3.7   0.1   2.7   0.6      8   20.955  103.343    7.00
  19981231  08165354  21.639  105.688    3.66   1.5   0.0   2.0   7.3     10   21.648  105.687    0.00
  19990331  03191437  19.690  101.530    5.23   4.6   0.1   2.6   9.3     11   19.717  101.523   15.00
  19990403  09085745  20.887  107.048   23.67   2.6   0.1   8.9   1.1     12   20.933  107.125   24.40
  19990406  07563200  21.621  105.767    3.72   2.1   0.1   1.5  12.1     13   21.616  105.780   13.80
  19990410  09465879  21.658  105.719    8.17   2.5   0.1   1.9   3.1     14   21.657  105.702   10.90
  19990412  10364362  21.610  105.778    8.03   1.5   0.0   0.7   2.3     16   21.603  105.777   10.10
  19990412  18184162  23.540  107.141   26.09   3.1   0.1  53.2  10.5     17   23.997  107.388   14.80
  19990913  19091250  20.763  104.899    9.73   3.3   0.1   3.9   0.8     20   20.799  104.906    8.90
  19991202  13190116  21.633  106.097    8.72   2.3   0.0   0.8   1.9     22   21.625  106.098    7.00
  19991204  17102487  23.095  103.680    0.41   3.6   0.2 117.1  13.8     23   23.721  103.506    9.80
  20000106  14252915  23.489  103.754    9.28   4.0   0.2   5.6   7.3     26   23.486  103.804    1.30
  20000119  20592578  19.887  101.542   14.73   4.8   0.2  20.5   8.4     27   19.847  101.379    7.00
  20000125  08530538  20.969  106.925   29.23   2.4   0.1  26.2   0.6     28   20.991  107.243   25.30
  20000308  16423395  22.089  105.737   10.95   2.8   0.3  18.2   0.7     30   21.935  105.733   10.90
  20000414  11123672  18.827  104.858   11.06   4.2   0.1   9.3   1.0     31   18.802  104.869   15.00
  20000428  07001363  21.137  106.468    7.63   2.6   0.1  17.5   2.2     32   21.167  106.650    5.90
  20001031  05270797  22.773  107.624    3.60   2.6   0.1  24.2   8.0     36   22.699  107.448    9.90
  20001101  08461656  21.054  107.456   31.03   2.7   0.1  25.6  18.7     37   21.064  107.260   15.10
  20001103  08542704  21.032  107.402   16.67   2.7   0.1  15.9   9.3     39   21.010  107.320   23.90
  20001106  04343975  21.505  106.665   27.14   2.1   0.2  35.6   3.9     40   21.758  107.015   19.00
  20001110  04320868  21.033  107.064   25.40   2.6   0.1  62.0  25.8     41   20.985  106.718    7.00
  20001113  08521367  21.137  107.623   14.57   2.6   0.2  63.3  24.1     42   20.974  107.296   30.70
  20001114  08574459  21.605  105.767   17.54   2.3   0.1   2.5   0.6     44   21.604  105.743   18.20
  20001117  08360561  21.625  105.793   15.88   2.0   0.1   7.3   2.5     45   21.561  105.778   13.10
  20001117  08505156  21.065  107.228   23.54   2.9   0.2   6.1   1.7     46   21.048  107.291   24.90
  20001125  08215440  21.146  107.349   11.84   2.1   0.2  28.5  11.1     49   21.074  107.203   19.30
  20010101  11342004  21.917  103.080    4.75   4.4   0.1   3.2   2.4     52   21.896  103.100    7.00
  20010104  16343028  21.895  103.042   32.11   3.5   0.3  10.0   0.3     53   21.932  102.951   32.00
  20010217  08213281  20.975  107.795   33.56   2.0   0.1  60.1  20.9     54   20.965  107.342   17.20
  20010219  15513547  21.358  102.907    9.48   4.6   0.1   2.5   2.4     55   21.350  102.929    7.00
  20010219  16401936  21.402  102.930    7.95   4.2   0.1   4.6   4.5     56   21.362  102.938   12.10
  20010219  19025090  21.335  102.928    5.23   4.5   0.1   5.0   1.8     57   21.291  102.932    7.00
  20010221  11035330  21.348  103.381   21.63   3.2   0.1  56.7  16.2     59   21.376  102.923    6.20
  20010222  05512539  21.670  105.698   20.36   1.9   0.1   2.9   0.7     60   21.659  105.673   21.10
  20010222  11363480  21.376  102.993    9.88   3.1   0.1   2.5   1.6     61   21.366  102.968   11.40
  20010223  08461995  21.043  107.058   18.00   2.5   0.1  36.6  19.2     62   21.159  107.247    0.00
  20010304  20185008  21.340  102.870    1.80   4.7   0.1   5.6   5.4     64   21.287  102.856    7.00
  20010304  20405485  21.487  102.913    9.74   2.9   0.0   8.1   6.3     65   21.449  102.922   12.90
  20010305  15065970  21.340  102.895    8.67   3.2   0.1   7.8   4.5     66   21.396  102.877   12.60
  20010318  08244845  21.225  107.602   20.88   2.4   0.0   9.8   8.8     68   21.160  107.557   28.90
  20010325  07080765  24.159  103.244    7.15   3.3   0.5  16.1  28.1     70   23.612  102.728   33.00
  20010402  20454720  22.140  103.191    4.11   4.5   0.1   1.1   7.7     71   22.137  103.200   11.40
  20010412  10225185  21.652  105.680   32.06   2.4   0.2   3.4  22.2     73   21.666  105.699   12.70
  20010423  15511976  21.356  103.001    7.11   3.9   0.0   2.1   5.6     75   21.359  102.992    9.90
  20010604  21021757  22.043  102.530   13.95   4.5   0.1  16.4   1.2     77   21.949  102.408   15.00
  20010604  23202690  22.518  102.614   12.95   3.4   0.2  17.6  18.8     78   22.538  102.514   33.00
  20010604  23413348  22.202  102.759   21.42   4.2   0.1  52.4   9.4     79   21.934  102.392   11.70
  20010608  07381781  21.178  103.152   19.88   3.3   0.1  33.1  14.8     80   21.438  102.926   33.00
  20010614  08101539  21.637  105.798   22.47   2.0   0.1   0.8  16.4     81   21.632  105.791    9.10
  20010626  07283922  21.625  105.773   33.39   2.3   0.1   1.4  18.6     83   21.613  105.771   15.40
  20010731  04510556  20.993  104.672   15.00   3.7   0.1  10.9   7.1     89   20.943  104.585    7.30
  20010902  23152876  22.588  106.308   31.24   3.4   0.1  15.9   2.4     90   22.742  106.375   33.00
  20010916  00423187  21.132  105.775   17.67   3.0   0.1   1.1   2.3     92   21.140  105.781   15.30
  20011003  10163774  21.641  105.696   11.42   1.9   0.1   1.9   6.2     93   21.624  105.691    7.00
  20011004  09371628  20.951  107.046   25.49   2.2   0.3   8.6  19.9     94   20.973  107.165   15.10
  20011112  21561186  21.054  104.526   18.61   3.6   0.1  29.7   9.4     95   20.980  104.254    7.70
  20020118  22142314  21.447  101.948   15.22   4.2   0.0  44.2   8.7     97   21.395  101.628    9.70
  20020208  07553550  21.622  105.782    7.19   2.1   0.2   1.3   1.1    101   21.634  105.783    6.00
  20020226  09080987  21.819  105.628    9.01   1.9   0.1   6.0   1.0    102   21.839  105.574    9.00
  20020305  08192521  21.144  107.658    8.59   2.2   0.1  56.0   2.8    103   21.082  107.253    0.00
  20020327  07224908  21.602  105.773    9.26   2.6   0.1   2.2   1.0    106   21.624  105.772    8.00
  20020409  05585505  21.592  105.752   26.89   1.7   0.1   1.3   1.0    107   21.602  105.745   27.90
  20020412  05045008  22.454  102.725   14.42   4.6   0.1   7.3   6.4    108   22.399  102.666    7.00
  20020524  09372134  21.080  107.299   11.49   2.1   0.0  27.1   5.0    111   21.061  107.101   14.70
  20020527  07573926  25.309  104.272   24.44   3.1   0.4 359.8  14.5    112   23.071  104.380   31.40
  20020605  01042048  20.978  107.048    5.45   2.5   0.1  22.8   4.4    114   20.839  107.286    0.00
  20020605  06042027  20.967  107.057   15.06   2.3   0.1  14.8  13.3    115   20.833  107.252    0.00
  20020625  09543774  21.024  107.224   15.26   2.3   0.1   7.3   1.9    116   21.028  107.296   13.10
  20020702  20072773  22.787  103.374   14.45   3.3   0.2   6.5  24.6    119   22.873  103.339   33.00
  20020704  08554564  21.617  105.764   10.10   1.3   0.2   0.4   6.5    121   21.613  105.763   15.10
  20020709  04192805  21.252  106.652   18.44   1.7   0.1   8.1   9.2    123   21.224  106.598    6.40
  20020716  08134752  21.596  105.765    4.15   2.1   0.2   0.2  13.7    126   21.594  105.764   15.20
  20020728  04313752  21.792  105.804    7.81   1.7   0.1   0.5  14.8    127   21.796  105.805   19.10
  20020809  06433513  20.122  104.144   17.14   2.6   0.1  21.9   8.2    129   20.015  103.945    7.00
  20020816  14363155  21.722  103.744   31.10   3.1   0.0  63.2   3.8    130   21.949  103.172   33.00
  20020819  14394165  22.518  103.318   33.56   3.3   0.1  50.1   3.6    131   22.827  103.077   33.10
  20020822  20203492  21.034  104.363    6.57   2.5   0.1  21.6   7.8    132   21.056  104.530   13.10
  20020823  08195487  22.468  103.234    8.99   3.7   0.3  47.0  24.5    133   22.640  103.223   13.00
  20020823  08204321  23.158  101.935    6.67   3.5   0.2 215.8   0.0    134   22.588  103.232    7.00
  20020910  01560338  21.986  105.514   22.61   3.0   0.2   4.5   0.1    136   22.033  105.498   22.30
  20020922  04480450  21.470  102.835    7.64   3.0   0.1  35.3  30.9    137   21.511  102.974   31.00
  20021105  17161404  20.015  104.683    3.09   2.9   0.1  36.9  18.9    140   20.254  104.892   19.30
  20021130  06355640  21.608  105.763    3.60   2.0   0.1   5.5  11.1    142   21.556  105.762   11.50
  20021205  13453830  21.924  103.312   18.12   3.1   0.1  25.8  12.2    143   22.150  103.082   27.00
  20021217  09043378  21.602  105.777    5.97   2.1   0.2   1.1   4.7    144   21.593  105.781   10.10
  20021219  06175986  21.129  106.824    7.84   2.2   0.1   6.8   0.8    145   21.116  106.761    7.00
  20030213  10185708  21.698  105.717   30.95   2.2   0.1   3.2   4.2    149   21.671  105.729   26.70
  20030227  11002533  21.666  105.705   19.83   2.0   0.1   1.6   6.8    150   21.656  105.714   12.60
  20030324  11114345  22.164  107.590   32.94   4.1   0.1   6.6   0.0    152   22.161  107.649   33.00
  20030520  15160829  20.834  108.358   33.48   3.6   0.1  18.1   0.5    154   20.712  108.471   33.10
  20030727  13395814  20.822  103.200   12.32   3.7   0.1   5.6   1.7    156   20.774  103.230   14.50
  20030812  14182532  20.456  105.144    9.35   2.7   0.1  19.6   1.8    159   20.588  105.258   10.60
  20030817  10513346  21.708  106.998   22.12   2.7   0.2   1.7   0.9    160   21.691  107.000   23.40
  20030818  08585619  21.018  107.080   20.24   2.1   0.1   9.1   2.7    161   21.034  107.171   17.10
  20030819  12211001  22.162  103.216    7.31   3.9   0.2   6.2   5.2    162   22.121  103.257   12.40
  20030823  09480370  21.049  104.670    9.97   3.4   0.1  20.8   3.0    163   21.089  104.831   12.00
  20030828  10395040  21.613  105.768   15.63   2.4   0.2   1.0   3.2    165   21.606  105.772   12.00
  20030830  07023902  21.629  106.852   22.36   2.3   0.2   0.4   0.8    166   21.714  106.957   19.80
  20030830  07461683  21.581  105.746    4.97   1.8   0.2   2.7   1.1    167   21.604  105.760    6.20
  20030906  04372857  21.592  105.763    6.80   2.1   0.2   0.2   7.8    168   21.594  105.761   13.80
  20030919  03552232  20.115  105.653   24.09   2.6   0.1   7.1   2.0    171   20.171  105.698   26.20
  20030922  14563430  20.583  101.203   28.51   4.0   0.1  59.6  34.3    172   20.543  100.928    6.70
  20031014  08202102  21.160  103.086   13.56   3.6   0.1  10.5   6.8    173   21.117  103.027    7.00
  20031101  07382028  21.057  106.753   18.63   2.4   0.2   1.8   2.1    174   21.067  106.806   19.50
  20031101  08154242  21.655  105.737   12.22   2.5   0.1   2.7   3.2    175   21.630  105.743   14.90
  20031103  18061254  20.736  103.106    6.60   3.2   0.1  35.0   6.9    176   20.925  103.293   11.10
  20031104  21441908  24.564  103.760   33.32   3.7   0.1  71.0  26.1    177   24.985  103.463   15.10
  20031105  08242436  21.125  106.762    2.73   2.4   0.1   5.6   9.8    178   21.121  106.704    8.80
  20031108  08185607  21.073  106.788   11.14   2.0   0.1  13.9   5.8    179   21.059  106.946   15.70
  20031108  15005559  21.021  104.694   10.75   3.2   0.1  14.3   2.3    181   21.049  104.809   12.50
  20031123  15081048  20.580  100.966    1.49   4.8   0.2   2.9   5.6    182   20.606  100.975    7.00
  20031213  13575618  21.627  102.975    3.77   3.7   0.2  29.8   3.0    183   21.460  103.115    3.40
  20031220  08321898  21.001  107.062   24.67   2.5   0.1   3.0   2.2    184   20.981  107.092   26.60
  20040101  11140969  23.210  102.980    3.03   3.8   0.1   3.0   4.0    187   23.192  102.959    7.00
  20040102  17543318  22.850  103.620   20.62   3.2   0.1   5.8   7.2    188   22.834  103.570   13.30
  20040105  02214042  20.472  104.426   18.75   2.4   0.1  43.6  11.7    190   20.600  104.739   28.00
  20040112  10004308  21.760  107.203   11.45   2.4   0.1   4.7   1.3    197   21.732  107.149   10.90
  20040115  05011650  23.307  102.539   23.39   3.7   0.2   2.8  15.6    198   23.290  102.554    7.00
  20040115  12344353  17.764  106.724    4.42   3.3   0.2  38.5  31.4    199   18.037  106.927   33.00
  20040120  05544462  20.999  107.068   29.83   2.2   0.1  12.4   7.1    200   20.983  107.213   23.60
  20040123  00563278  23.465  103.179   18.42   2.9   0.2   2.7  10.1    201   23.468  103.204    7.00
  20040202  05010956  21.030  107.149   27.01   2.3   0.3  15.2   2.8    202   21.018  107.403   20.00
  20040205  04134790  22.205  102.248    8.93   3.9   0.1   9.3   1.9    204   22.152  102.180    7.00
  20040222  04002894  21.080  106.891   34.44   2.2   0.2  12.1  53.6    205   21.076  107.170    0.00
  20040225  22043571  19.178  105.690    6.28   2.8   0.1  42.4  24.6    206   19.440  105.764   25.00
  20040228  11260877  21.603  105.753    4.26   2.3   0.2   1.1   3.4    207   21.592  105.752    7.00
  20040309  08505923  20.544  105.825    2.64   1.5   0.2   3.7   9.7    209   20.547  105.855   10.30
  20040311  15035284  23.373  101.603    9.14   3.2   0.2   2.0   2.1    210   23.376  101.621    7.00
  20040420  14223305  22.398  102.897    6.27   3.1   0.1   7.0   0.8    213   22.435  102.948    7.00
  20040506  03064690  22.887  103.522   11.53   3.5   0.1   1.9   1.5    214   22.881  103.539   10.00
  20040511  18333268  22.839  103.582   11.08   2.9   0.1   2.8   9.3    216   22.850  103.605    0.10
  20040906  21533994  24.174  104.388    6.70   3.3   0.1   4.3   0.3    217   24.141  104.364    7.00
  20040914  08152733  20.933  107.303    9.55   3.0   0.1  16.5   3.0    218   20.946  107.171    7.10
  20040930  06141070  20.255  107.733   14.95   3.0   0.1   1.0   4.5    219   20.262  107.739   10.30
  20041007  20234125  20.936  108.017   15.83   3.3   0.2  12.5   8.1    220   20.848  107.936    7.20
  20041211  01071310  23.319  103.983    9.00   3.0   0.2   3.8   1.9    222   23.302  104.014    7.00
  20050107  14252355  18.958  105.340   14.24   4.7   0.1   4.1   6.8    223   18.984  105.365    7.00
  20050107  19383580  20.332  105.367   12.94   3.4   0.1   2.0   2.5    224   20.349  105.377   10.40
  20050112  16003734  19.032  105.328   16.72   4.4   0.1   4.9   8.5    225   19.026  105.363    7.00
  20050125  16303967  22.585  100.809   21.62   5.1   0.1   4.3  11.7    227   22.611  100.828   33.00
  20050125  22230331  23.277  103.960    5.82   3.8   0.1   5.6   5.2    228   23.293  104.008    0.00
  20050125  22322233  22.765  104.019   32.03   3.2   0.1   8.2   1.0    229   22.832  104.062   33.00
  20050125  22370904  23.323  104.008   32.91   3.2   0.1   1.4   0.1    230   23.336  104.013   33.00
  20050126  23521145  23.320  104.004    1.50   4.1   0.1   4.0   1.4    231   23.317  104.040    0.00
  20050208  10062068  20.661  103.914   14.12   3.3   0.1   6.9   0.2    232   20.720  103.941   13.90
  20050419  06422472  21.157  106.784    3.94   2.1   0.1   1.6   2.6    233   21.155  106.769    6.10
  20050419  08333205  21.007  106.998    8.27   2.2   0.1  24.9   7.2    234   20.960  107.257   12.60
  20050511  09325011  21.044  106.689   14.03   2.4   0.1   5.6   5.8    235   21.042  106.645    7.00
  20050528  08175936  20.998  107.178   23.09   2.4   0.2  12.1   1.0    236   20.989  107.311   21.10
  20050601  14293719  20.571  106.176   13.72   2.3   0.1  12.1   5.4    237   20.444  106.237   16.20
  20050705  12072977  24.217  103.738    6.61   4.1   0.2   1.3   5.9    238   24.220  103.748    0.00
  20050717  05015439  23.168  104.158   13.79   4.1   0.1  17.3   6.3    239   23.339  104.174    7.00
  20050717  05452441  23.460  105.295    7.11   5.4   0.1   2.0   0.1    240   23.440  105.295    7.00
  20050718  16200518  21.214  103.363   11.73   4.0   0.1   1.1   4.6    241   21.214  103.373    7.00
  20050807  04245081  21.405  105.652    2.40   2.3   0.1   0.9   4.4    243   21.413  105.656    6.10
  20050809  10301587  21.432  106.007   11.11   1.9   0.1   1.3   2.0    244   21.419  106.008    9.00
  20050813  04584408  23.530  104.094    5.13   4.4   0.1   3.2   4.5    245   23.499  104.098    0.00
  20050814  18150748  23.496  103.996   13.95   4.9   0.1   5.3   6.6    247   23.521  104.037    7.00
  20050816  17592599  23.536  104.123    3.83   4.4   0.1   1.5   3.2    248   23.530  104.135    7.00
  20050816  18292433  23.514  104.088    0.90   4.5   0.1   1.4   0.8    249   23.501  104.092    0.00
  20050817  21584896  24.408  104.406    7.42   3.4   0.1   4.9   0.4    250   24.414  104.450    7.00
  20050818  04201538  23.572  104.184    8.21   3.2   0.1   6.6  10.4    251   23.592  104.239    0.10
  20050820  05273411  23.497  104.141    3.79   3.8   0.1   3.3   3.2    253   23.483  104.168    7.00
  20050821  12483711  23.476  104.191    4.14   3.6   0.1   2.0   2.9    254   23.458  104.195    7.00
  20050822  15024795  23.480  104.128    9.60   3.4   0.2   3.8   8.3    255   23.478  104.162    0.00
  20050824  23385361  23.392  104.121   26.31   3.8   0.1   8.3  24.2    256   23.441  104.123    9.30
  20050826  23170922  23.505  104.218   11.14   3.9   0.2   2.9   9.5    257   23.526  104.234    0.00
  20050920  08393424  20.963  107.343   15.56   2.8   0.2   4.2   1.0    259   20.980  107.328   15.00
  20051010  13425415  21.976  105.486   19.36   3.8   0.1   3.7   0.0    260   21.944  105.500   19.30
  20051016  09192460  23.491  104.178    1.70   4.5   0.1   3.8   5.5    261   23.463  104.200    7.00
  20051019  21022808  23.557  104.134   15.06   3.6   0.2   3.2   2.2    262   23.534  104.114   12.80
  20051020  02023776  23.489  103.866    6.38   5.3   0.1  18.0   0.8    263   23.549  104.016    7.00
  20051027  11185501  23.611  107.573    7.37   6.3   0.1  16.1   0.3    264   23.571  107.464    7.00
  20051101  21132950  23.132  104.199   25.92   3.4   0.2  31.2  11.6    265   23.423  104.148   14.10
  20051112  00380330  25.377  103.265    1.23   3.5   0.2  49.1  18.6    266   24.989  103.104   14.10
  20051112  07090025  21.081  106.701   14.81   2.2   0.1   7.2   4.5    267   21.097  106.646    9.80
  20051119  08293057  21.032  107.530    7.28   2.3   0.0  34.0   8.0    268   21.046  107.277   12.90
  20051122  05114820  20.189  105.956   20.65   2.1   0.1   1.5   0.0    270   20.166  105.949   19.70
  20051127  08540799  21.038  106.771   10.04   2.6   0.3  42.8  17.5    271   21.002  107.285   15.30
  20051231  17220349  23.458  104.149    2.99   3.3   0.1   5.7   2.7    273   23.402  104.157    0.00
  20060106  18280286  22.252  102.118    0.23   3.6   0.2  47.7  10.6    275   22.141  102.453    7.00
  20060106  18425856  22.225  102.137    4.76   3.4   0.2  41.2   5.3    276   22.130  102.425    7.00
  20060112  01053186  23.288  101.818   13.70   4.7   0.1   5.7   6.1    277   23.287  101.756    7.00
  20060226  16123639  21.185  103.354    2.69   3.5   0.1   1.7   2.7    280   21.187  103.369    0.00
  20060403  17065249  19.713  107.456   13.08   3.8   0.1   4.4   5.6    282   19.688  107.423    7.00
  20060511  07441399  23.846  103.166    8.82   3.4   0.2  13.5   7.5    283   23.859  103.284    0.00
  20060623  17220809  24.283  102.617    4.27   4.1   0.1  12.8   3.0    284   24.304  102.728    7.00
  20060715  16173489  24.006  101.191    6.63   4.7   0.2  11.4   3.7    285   23.995  101.233    7.00
  20060902  18165329  22.252  102.169   13.94   2.7   0.1  12.2   9.0    286   22.284  102.193   12.00
  20060904  22070184  24.404  102.944    0.34   3.3   0.1   9.9   6.9    287   24.431  103.025    7.00
  20060906  19242448  22.707  102.584   29.63   2.9   0.2  55.1  20.7    288   22.996  102.287   11.10
  20060906  19282611  22.801  102.555   27.76   2.7   0.1  37.9  13.4    289   22.983  102.237   12.40
  20060916  17122674  21.452  109.660    5.82   4.5   0.2  11.2   1.4    290   21.386  109.583    7.00
  20061016  19383007  21.902  102.692   22.80   2.3   0.2  46.5   9.9    291   22.015  102.309   12.40
  20061031  10372919  22.251  101.272   20.34   4.1   0.1  17.3  12.5    292   22.235  101.106    6.70
  20061102  21121776  23.665  104.350    5.19   3.3   0.1   1.9   1.9    293   23.647  104.349    7.00
  20061111  18455946  23.828  102.327    5.85   3.8   0.1   7.3   1.2    294   23.836  102.392    7.00
  20061123  16300144  22.707  102.411    8.11   3.9   0.1   5.3   1.1    295   22.731  102.454    7.00
  20061124  12052055  23.049  104.160    4.80   3.5   0.1   3.0   2.3    297   23.035  104.184    7.00
  20070219  02583316  21.593  101.771    7.51   3.5   0.1   3.0   4.5    299   21.570  101.787   12.00
  20070306  15321150  22.069  101.502   15.72   3.7   0.1  19.4  12.0    300   22.008  101.317   27.20
  20070401  18594809  20.061  102.826    8.55   3.0   0.1   9.3   7.3    301   20.065  102.907    0.00
  20070502  02021169  20.752  103.138    5.72   4.4   0.1   2.7   5.1    302   20.748  103.162    0.00
  20070502  04015169  20.748  103.154    7.19   3.5   0.1   2.0   0.2    303   20.754  103.136    7.00
  20070502  18295944  20.739  103.123    9.06   3.1   0.1   4.8   2.0    304   20.765  103.158    7.00
  20070515  14355154  20.535  100.986   22.91   4.6   0.1  17.5  16.3    305   20.507  100.852    7.00
  20070516  08561614  20.515  100.949   26.35   6.4   0.1  14.9  13.3    306   20.447  100.843   13.50
  20070516  10043779  20.619  100.859   14.45   4.1   0.1   3.8   7.3    307   20.610  100.896    7.00
  20070516  10154545  20.403  100.881   10.96   4.1   0.1   2.4   3.8    308   20.381  100.875    7.00
  20070516  11160191  20.421  100.958   12.25   4.1   0.1   7.1   4.7    310   20.488  100.947    7.00
  20070516  11351747  20.380  100.939   16.09   3.4   0.1   7.9   7.4    311   20.448  100.933    7.00
  20070516  11435734  20.524  100.943   16.15   3.6   0.1   5.8   6.3    312   20.521  100.839    7.00
  20070516  13181390  20.434  100.896   16.07   4.8   0.1   6.3   8.8    313   20.401  100.848    7.00
  20070516  15225976  20.428  100.887    9.21   4.2   0.1   5.1   1.8    314   20.473  100.868    7.00
  20070516  17085882  20.433  100.902   15.01   4.3   0.1   3.2   6.1    315   20.450  100.910    8.00
  20070517  03254961  20.679  100.999   25.88   4.1   0.1   9.8  17.9    317   20.636  100.913    7.00
  20070518  00015571  20.473  100.776   10.64   3.8   0.1  20.2   3.5    318   20.542  100.890   11.80
  20070518  13051848  20.693  100.806   21.12   4.1   0.1   5.5  12.1    319   20.703  100.796   10.80
  20070520  01213086  20.571  101.342   30.39   3.4   0.1  39.9  24.6    320   20.492  101.057    7.00
  20070521  21293501  20.525  101.216   24.47   3.4   0.1  36.1  13.8    321   20.450  100.947   12.60
  20070522  18260262  20.500  100.964    9.25   3.8   0.1   8.3   1.9    323   20.448  100.899    7.00
  20070523  17063358  20.530  101.128   23.64   4.0   0.1  22.8  10.0    324   20.498  100.925   13.70
  20070524  11152182  20.511  101.075   21.53   3.9   0.1  14.0  13.4    325   20.492  100.938    7.00
  20070531  15442614  22.555  102.575   13.17   3.4   0.1   4.5   1.4    326   22.559  102.619   11.90
  20070602  21345655  23.139  100.937   12.67   5.8   0.1   1.8   4.9    327   23.153  100.913    7.00
  20070602  22274409  22.981  101.063    9.45   3.7   0.1   2.9   2.0    328   23.007  101.054    7.50
  20070603  00093896  23.050  101.271   16.37   4.2   0.1   5.6   9.1    330   23.072  101.221    6.80
  20070603  02490289  23.143  101.189   12.40   4.3   0.1   4.7   2.1    331   23.143  101.149   14.70
  20070603  16060076  23.105  101.359   11.58   3.5   0.2  12.6   2.8    332   23.075  101.221    7.80
  20070603  16361996  23.091  101.359   11.82   3.7   0.1  13.1   0.9    333   23.086  101.232   12.50
  20070604  11534404  23.077  101.161   11.71   3.8   0.1   4.1   2.1    334   23.066  101.127   13.80
  20070605  09355933  23.071  101.319   13.94   3.9   0.1  10.9   6.5    335   23.048  101.218    7.00
  20070607  05311554  21.915  103.048    8.39   3.3   0.1   1.9   0.2    337   21.911  103.064    8.60
  20070607  17211089  20.590  100.986   21.86   5.0   0.1  13.6   8.6    338   20.553  100.874   13.60
  20070609  23282973  21.881  103.040    0.90   2.9   0.3   2.5   0.4    340   21.902  103.051    0.00
  20070622  16524368  21.621  103.376    8.73   2.2   0.2   1.6   0.4    342   21.636  103.376    9.10
  20070623  06535788  21.575  100.142   21.81   4.5   0.1  14.1   7.0    343   21.546  100.031   15.00
  20070628  18525593  21.389  100.022   20.87   3.5   0.1  28.2   5.3    344   21.595  100.006    7.00
  20070717  03241741  24.920  106.881    7.75   4.5   0.1   2.6   0.7    346   24.898  106.893    7.00
  20070721  08471190  21.269  104.050   19.09   3.0   0.1   4.2   2.6    347   21.311  104.046   16.20
  20070726  07143735  20.667  103.061   19.88   2.8   0.1  13.0   5.9    348   20.781  103.103   25.50
  20070804  01241494  23.268  101.774    6.40   3.9   0.1   1.6   0.7    349   23.279  101.783    7.00
  20070810  21275354  24.294  103.920    5.88   3.6   0.1   3.0   1.1    350   24.270  103.936    7.00
  20070815  17210926  24.293  103.926    5.36   3.3   0.1   4.7   1.7    351   24.253  103.905    7.00
  20070902  09063315  23.991  105.323   10.10   3.8   0.1   2.6   3.0    352   23.966  105.327    7.00
  20070906  18514625  23.329  105.587   11.72   4.2   0.1   1.5   5.0    353   23.316  105.581    6.40
  20070908  07125017  20.466  100.699   10.98   4.5   0.1  19.8   2.7    354   20.500  100.867    7.80
  20070909  16310796  24.305  103.962    8.23   3.0   0.1   2.5   2.2    355   24.282  103.948    6.30
  20070909  16355559  24.315  103.945    6.58   4.2   0.1   4.7   0.4    356   24.270  103.936    7.00
  20070910  21340822  24.330  103.944    1.47   3.1   0.1   4.7   5.7    357   24.286  103.954    7.00
  20070910  22021358  24.335  103.925    3.24   3.6   0.1   7.1   3.8    358   24.266  103.934    7.00
  20071016  06465914  20.575  100.962   18.54   4.3   0.1   6.3  16.1    360   20.536  100.929    0.00
  20071031  00514857  24.506  104.683   16.04   3.2   0.1   7.7   3.7    361   24.443  104.649   11.00
  20080205  18412856  22.951  105.457   13.14   2.3   0.2   7.2   0.3    363   22.891  105.427   12.70
  20080210  02414739  21.624  103.369    7.48   3.1   0.1   1.0   0.8    364   21.622  103.361    6.60
  20080216  20275943  21.396  102.955    9.59   2.6   0.1   3.4   0.1    365   21.396  102.985    9.50
  20080225  23015942  22.852  104.184   11.45   3.0   0.1   4.3   2.6    366   22.896  104.175    8.60
  20080424  03183705  20.816  104.190   14.25   2.0   0.2 133.9   1.3    367   20.870  104.994   15.10
  20080429  19110759  21.061  107.779   17.44   2.4   0.2  12.0   4.7    368   21.107  107.678   21.70
  20080514  11453685  23.674  102.668    1.70   4.7   0.1  11.0   5.4    369   23.658  102.763    7.00
  20080514  14163522  23.638  102.623    3.88   3.7   0.1   4.5   3.2    371   23.618  102.659    7.00
  20080615  23515513  24.191  107.321   14.27   3.8   0.2   6.0  12.4    372   24.240  107.292    0.00
  20080807  19095599  20.962  104.582   16.76   3.0   0.1   4.1   2.5    374   20.991  104.607   13.90
  20080825  05411106  24.765  104.369    4.19   4.0   0.1   3.3   2.8    375   24.737  104.353    7.00
  20080901  22020121  22.853  103.479   11.31   2.6   0.2   3.8   0.4    376   22.863  103.512   10.90
  20080902  19260634  24.812  103.248    0.05   2.8   0.1   2.7   8.1    377   24.823  103.264    7.00
  20080914  23374338  23.617  102.794    1.72   3.8   0.1   9.5   5.4    378   23.598  102.877    7.00
  20081002  17304787  20.384  104.640   19.85   2.0   0.2   2.1   0.3    379   20.402  104.649   19.60
  20081008  02213976  23.527  102.070   13.72   4.1   0.1   6.1   4.0    380   23.519  102.015    9.60
  20081017  21374415  23.323  103.966    6.36   4.1   0.1   4.4   0.7    381   23.298  103.998    7.00
  20081018  17435866  23.470  103.680    5.47   2.7   0.1   4.0   1.7    382   23.433  103.684    7.00
  20081019  20580875  21.889  103.039   12.56   3.1   0.2   1.1   0.6    383   21.899  103.044   12.00
  20081116  16211334  21.683  103.418   12.10   2.4   0.1   0.7   0.5    384   21.688  103.415   11.60
  20081129  08062801  20.641  100.996   18.15   4.2   0.1  13.0   7.8    386   20.621  100.818    7.00
  20081129  17094443  24.260  103.876    6.53   2.4   0.1   2.4   0.5    387   24.248  103.858    7.00
  20081202  00422503  23.751  103.340    3.77   3.4   0.1   1.4   3.3    388   23.741  103.348    7.00
  20081223  01204046  23.418  101.869    9.14   3.5   0.2   2.0   2.7    389   23.413  101.850   12.00
  20081225  18195469  24.966  103.027    4.51   3.9   0.1   2.2   2.4    390   24.945  103.029    7.00
  20081227  17333505  23.977  101.295   10.36   3.5   0.1   1.1   4.0    392   23.982  101.305   14.40
  20081229  19495061  22.480  102.377    7.25   3.4   0.1   7.7   3.3    393   22.484  102.446   10.50
  20090106  01294664  22.652  100.825   21.71   3.4   0.1  11.5  13.8    394   22.655  100.912    6.40
  20090120  04030461  22.194  101.494   15.23   3.8   0.1  13.1   7.1    395   22.155  101.363    6.80
  20090129  04383947  23.306  102.796   29.94   3.2   0.1   3.2   3.1    397   23.326  102.773   33.00
  20090201  04530626  21.878  102.481   13.25   3.2   0.1   5.5   5.3    398   21.885  102.423    7.00
  20090224  15200164  24.529  101.951    7.88   3.6   0.2   9.9   1.2    399   24.508  102.035    6.50
  20090307  07280767  22.882  104.136    9.33   3.9   0.1   4.1   3.0    400   22.923  104.137    6.20
  20090308  20280838  23.159  104.035   14.27   2.8   0.1   6.4   2.0    401   23.227  104.028   11.90
  20090309  21473449  23.021  104.186   17.99   2.6   0.2   1.8   9.3    402   23.047  104.182    7.00
  20090321  18313487  22.421  102.447   18.28   2.7   0.2  13.8   4.5    403   22.459  102.339   14.00
  20090327  14433420  22.263  102.689    6.46   3.6   0.1   4.0   0.6    404   22.274  102.724    7.00
  20090404  22035351  23.286  101.839    9.86   4.0   0.1   1.9   2.8    405   23.281  101.855    7.00
  20090404  22391238  23.275  101.850   11.55   2.7   0.3   7.8   1.7    406   23.299  101.768   12.60
  20090422  18463840  21.922  103.036   10.47   2.5   0.2   3.4   3.4    407   21.926  103.065    7.00
  20090427  22180970  23.423  102.470    6.61   3.2   0.1   2.7   0.4    408   23.417  102.494    7.00
  20090502  23221385  23.098  104.397   25.14   2.4   0.1   6.1  11.4    409   23.169  104.366   13.80
  20090505  17184868  23.774  103.348    1.41   3.1   0.1   9.9   6.1    410   23.722  103.417    7.00
  20090519  00024916  20.783  104.111   18.15   3.2   0.1   1.1   4.5    411   20.791  104.118   13.60
  20090527  20385849  21.376  101.889   12.62   3.3   0.1  15.1   2.5    413   21.342  101.752   15.00
  20090612  21011915  23.705  102.463    2.67   2.8   0.1   8.8   0.9    416   23.729  102.539    1.60
  20090613  05400617  23.687  102.513    7.98   3.7   0.1   4.3   0.9    417   23.688  102.552    7.00
  20090620  13043220  23.023  101.169   11.25   3.4   0.1   6.7   3.8    418   23.025  101.107   15.00
  20090620  22211820  23.069  101.205   11.32   3.7   0.1  10.1   3.6    419   23.037  101.117   15.00
  20090725  18280189  19.585  103.124    6.74   2.5   0.1   6.5   0.8    420   19.637  103.153    7.40
  20090816  17571660  20.450  100.888   15.07   4.0   0.1  12.1   7.3    422   20.417  100.776    7.00
  20090819  02252667  22.326  102.607   14.69   3.6   0.1   6.7   0.2    423   22.335  102.545   14.40
  20090819  15470711  21.958  102.658   25.45   2.4   0.1  17.1   0.1    424   22.046  102.499   24.70
  20090820  07162503  22.994  103.233   17.08   2.8   0.2  34.6   3.1    425   23.313  102.909    7.00
  20090906  18045723  22.160  101.442   19.97   3.3   0.1  14.5   8.7    426   22.189  101.249    7.80
  20090906  20491503  21.085  104.770   18.57   2.8   0.1   1.4   1.5    427   21.082  104.783   17.00
  20090921  15310150  22.909  103.551   15.51   2.0   0.1   5.9   6.8    428   22.974  103.540    7.00
  20091001  11510242  20.919  102.281   23.06   3.1   0.1  38.7  13.8    429   20.871  101.934    7.70
  20091005  16530973  22.175  101.887   11.29   4.1   0.1   4.5   4.0    431   22.171  101.843    7.00
  20091009  14561517  20.803  102.052   12.80   3.1   0.1  13.4   5.9    432   20.775  101.937    6.70
  20091014  01583977  20.789  102.093   15.73   4.0   0.1  12.3   4.3    433   20.742  101.991   11.30
  20091101  04512441  24.679  101.212   12.91   4.2   0.1  14.4   0.2    435   24.719  101.081   12.40
  20091102  20275259  20.796  101.876    7.80   3.5   0.1   8.2   6.5    436   20.743  101.930    0.10
  20091107  03545490  20.794  101.903    8.62   2.8   0.2  10.0   1.8    437   20.711  101.943    6.70
  20091110  07365728  20.779  102.115   17.43   3.9   0.1  13.1   9.1    438   20.765  101.992    7.00
  20091110  08014325  20.723  101.761    4.85   3.3   0.1  16.6   1.8    439   20.734  101.912    6.60
  20091110  12043953  20.654  101.972   11.43   2.8   0.1   7.7   2.6    440   20.720  101.938    8.70
  20091111  17273500  20.747  101.922    7.94   2.6   0.1   8.0   0.8    441   20.675  101.950    7.00
  20091112  07371363  23.222  103.609   28.73   2.7   0.1  34.2  13.8    442   23.469  103.407   14.90
  20091119  12115788  23.153  101.226   14.64   4.0   0.1  23.3   4.0    443   23.115  101.024   10.70
  20091126  04470018  21.317  104.166    5.62   4.1   0.1   1.2   1.5    444   21.324  104.174    7.00
  20091126  04494433  21.328  104.154    1.67   2.5   0.1   2.5   6.3    445   21.346  104.169    7.00
  20091126  12015679  21.359  104.143   13.56   2.1   0.1   3.5   4.4    446   21.390  104.150    8.50
  20091126  13590188  21.305  104.153   17.43   3.7   0.1   3.3   3.3    447   21.316  104.180   14.10
  20091126  19521204  21.326  104.172   11.23   2.0   0.1   2.0   0.7    448   21.345  104.178   10.40
  20091208  17330555  21.327  104.143   10.25   2.6   0.1   2.4   1.5    449   21.325  104.164    8.90
  20091211  03102016  22.739  103.819   17.52   2.5   0.1  20.4   2.6    450   22.915  103.673   16.10
  20091213  19083592  22.754  101.370    8.18   3.4   0.1   5.8   6.8    451   22.709  101.335    0.00
  20091227  00044551  19.902  101.651   11.99   2.8   0.2   2.5   1.9    452   19.904  101.624   13.70
  20100101  00061911  21.307  104.148   20.93   2.2   0.1   1.7   3.5    453   21.307  104.163   17.30
  20100102  19033398  22.750  102.186    7.91   3.1   0.1   2.3   0.9    454   22.766  102.199    7.00
  20100106  23271967  22.681  102.729   18.15   3.0   0.1   6.6   1.6    455   22.758  102.669   15.00
  20100213  11025127  21.329  104.146    7.76   1.9   0.1   3.5   0.3    458   21.297  104.169    7.10
  20100216  21280390  24.833  100.652    2.95   3.0   0.1   7.4  11.7    459   24.790  100.675   14.20
  20100217  00105475  23.388  106.581    2.04   2.9   0.1  10.4  23.5    460   23.287  106.594   18.70
  20100217  22164993  20.899  104.644   12.64   2.5   0.1   1.0   1.0    461   20.907  104.650   11.50
  20100223  14335857  20.905  104.710    8.13   2.0   0.1   4.2   0.6    463   20.888  104.745    6.20
  20100317  18095473  20.125  100.923    6.99   3.5   0.1  20.0   1.2    464   20.305  100.879    7.30
  20100327  08154187  21.084  107.327    5.79   2.9   0.1   2.5   2.0    466   21.076  107.304    7.00
  20100402  18033278  20.374  100.728    3.49   4.1   0.1   8.9   3.6    468   20.456  100.711    7.00
  20100402  20263025  22.404  100.265   10.29   4.1   0.1  10.7   2.8    469   22.377  100.353    7.00
  20100406  15093069  20.411  104.934   29.10   2.2   0.1   3.2  10.7    470   20.383  104.944   15.70
  20100415  09535461  21.688  103.427    6.92   2.4   0.1   1.3   0.6    471   21.696  103.418    6.10
  20100415  11233634  21.709  103.424    3.21   2.0   0.1   2.5   5.4    472   21.686  103.416    7.30
  20100502  14523936  23.107  105.071   13.69   2.3   0.1   5.1   2.0    474   23.125  105.028   15.00
  20100506  05595048  21.198  101.717   24.00   3.1   0.1   4.7   4.8    475   21.202  101.675   28.70
  20100523  14261052  21.668  101.432    6.21   3.4   0.2  56.3   5.2    476   21.233  101.695    8.80
  20100528  14533737  22.685  100.907   21.52   3.8   0.2   7.0  14.8    477   22.625  100.886    7.00
  20100618  20463677  19.676  102.872   11.13   3.0   0.2   2.6   1.4    479   19.699  102.880    9.70
  20100620  17221085  21.373  101.837    4.83   3.3   0.2   5.5   2.2    480   21.365  101.886    7.00
  20100622  15545182  21.451  101.554    2.60   3.3   0.1  52.6   6.9    481   21.349  101.958    7.00
  20100628  18103861  23.592  106.353    9.48   2.8   0.2  66.8   0.1    482   24.140  106.757    9.40
  20100705  19395937  20.883  106.922   12.67   3.2   0.1   4.6   0.8    483   20.893  106.883   13.40
  20100719  12094378  20.331  103.812    7.89   2.6   0.2   0.6   0.9    485   20.332  103.817    7.00
  20100808  03355610  22.985  104.170    8.40   3.2   0.1   0.7   2.0    486   22.980  104.167    6.20
  20100809  01333704  23.181  104.152    7.32   3.0   0.1  21.0   5.4    487   22.999  104.148   11.60
  20100815  08255782  23.506  104.099   11.44   3.4   0.1   3.0   3.2    488   23.509  104.126   14.60
  20100816  16043526  22.486  109.044   21.39   3.8   0.1  20.6   4.7    489   22.501  109.124   15.10
  20100919  08581713  20.206  104.934   13.01   4.3   0.1   6.3   3.2    490   20.164  104.895    9.70
  20100922  06045738  20.208  104.905   19.22   2.9   0.1   1.9   2.1    491   20.197  104.919   21.40
  20100929  20181819  20.214  104.914   15.98   2.9   0.1   1.7   1.7    492   20.226  104.924   14.30
  20100929  21511761  23.674  102.014    0.59   3.4   0.1  18.5  11.9    493   23.703  102.167   11.80
  20101002  02522855  22.077  101.634    0.39   3.8   0.1  12.0   6.6    494   22.000  101.716    7.00
  20101004  05234387  23.175  104.376   26.58   2.2   0.1   2.8   9.6    495   23.200  104.357   14.90
  20101004  13091826  20.643  100.601   19.06   3.7   0.2   9.2  10.8    496   20.624  100.666    7.00
  20101005  05020937  23.954  106.131   13.17   3.5   0.1  13.0   2.1    497   23.844  106.081   15.00
  20101010  14505560  22.016  101.533    7.05   3.6   0.1   4.7   0.4    498   22.011  101.575    6.60
  20101010  20462942  20.793  101.908    6.65   3.3   0.1   8.5   0.3    499   20.768  101.982    7.00
  20101019  20214858  18.966  105.316    4.16   4.0   0.1   5.4   2.9    500   19.016  105.327    7.00
  20101111  17205706  21.256  101.433    3.81   3.3   0.1  19.9   9.6    501   21.248  101.631   13.80
  20101116  17040301  24.335  104.283    7.19   3.4   0.1   2.0   0.2    502   24.318  104.293    7.00
  20101122  10561731  20.204  104.877   27.62   2.9   0.2   4.5   9.2    503   20.215  104.915   16.30
  20101126  20471627  20.190  104.915   10.71   2.5   0.2   2.8   3.6    504   20.216  104.920    7.00
  20101202  22240974  19.923  105.269   19.52   1.8   0.3   2.8  17.3    505   19.920  105.250    7.00
  20101206  21050648  22.649  106.270   14.27   3.0   0.1   9.2   0.7    506   22.573  106.233   14.80
  20101210  18194299  23.276  103.223   19.82   2.6   0.1  16.3   8.0    507   23.431  103.202   11.80
  20101213  01502728  23.789  102.561   26.29   3.3   0.2  15.7  17.1    508   23.695  102.664   15.10
  20101221  16380933  20.990  105.665   19.98   2.4   0.1   3.5   0.1    510   20.960  105.678   20.10
  20101225  17404157  21.799  103.524   14.36   1.5   0.1   2.8   3.2    511   21.816  103.544   10.90
  20101227  22581189  22.440  105.060   21.37   2.5   0.1   4.0   3.4    512   22.407  105.080   24.80
  20101230  18501619  20.784  103.387    7.54   4.5   0.1   2.2   0.9    513   20.794  103.404    6.60
  20101230  21435924  20.768  103.381    8.24   3.4   0.1   3.2   1.7    514   20.790  103.400    9.90
  20110106  11465207  21.476  104.003    0.16   1.7   0.1   1.0   6.8    516   21.486  104.008    5.40
  20110110  03575493  22.468  105.177   19.34   3.0   0.1   7.3   4.2    517   22.541  105.184   23.40
  20110123  15462026  23.132  101.829    7.28   4.0   0.1   2.6   7.5    519   23.155  101.835   14.90
  20110126  19391980  23.879  103.854   17.38   2.6   0.1  18.0   5.0    521   24.037  103.803   12.70
  20110203  18011045  21.796  103.549    5.62   2.6   0.1   2.8   1.4    522   21.818  103.533    7.00
  20110203  20180683  21.780  103.543   10.36   1.1   0.1   1.4   0.0    523   21.790  103.552   10.30
  20110210  21550707  22.951  104.054   20.79   2.4   0.1  43.7   8.3    526   22.574  103.988   10.20
  20110223  15531501  18.761  101.791    2.32   4.5   0.1  11.6   5.1    528   18.798  101.882    7.00
  20110224  20042294  20.775  103.395   12.17   3.2   0.1   0.3   5.3    529   20.778  103.394    6.70
  20110303  02182728  18.626  101.550   11.09   3.1   0.1   8.2   4.7    531   18.699  101.581    7.00
  20110303  22371526  23.773  103.340   11.79   3.7   0.2   1.4   4.1    532   23.769  103.353    7.00
  20110307  19143945  21.497  103.987    3.12   2.5   0.1   6.6   5.2    533   21.435  104.006    2.30
  20110317  18105532  22.868  104.140    8.06   3.1   0.0  12.2   1.9    535   22.816  104.168    7.10
  20110320  19410347  20.779  103.408    3.24   2.1   0.1   3.3   3.9    536   20.809  103.418    7.00
  20110324  17200895  20.626  100.155    8.53   4.4   0.1   9.3   1.4    539   20.615  100.235    7.00
  20110324  17290364  20.889  100.996    4.34   3.3   0.2   7.6   2.8    540   20.850  101.056    7.00
  20110324  18330663  20.826  100.056    4.90   3.2   0.1  10.9   2.2    542   20.913  100.000    7.00
  20110325  03260095  20.379  100.065   23.84   4.1   0.1   7.4  13.7    547   20.351  100.124   10.20
  20110325  06303816  20.704  100.137    2.99   4.2   0.1  17.4   4.2    548   20.679  100.290    7.00
  20110326  05573200  20.580  100.359   13.84   5.2   0.1  13.5   3.9    553   20.546  100.242   10.00
  20110327  03435102  23.387  104.114    9.88   3.3   0.1  11.2   2.8    555   23.512  104.120   12.00
  20110328  22024878  20.789  103.441   27.39   2.4   0.2   2.6  16.5    557   20.789  103.407    7.00
  20110405  19080297  20.407  100.184    7.43   3.6   0.3  16.9   0.8    559   20.410  100.317    7.00
  20110407  18353730  21.049  100.994   17.02   3.8   0.1   6.9   8.5    560   20.997  101.029    8.00
  20110420  04113584  20.576  100.320   30.31   4.2   0.3  12.6  17.4    561   20.705  100.222    9.20
  20110423  19024500  22.909  103.085   32.29   2.7   0.1   6.7  23.9    562   22.837  103.096    9.00
  20110425  10304703  22.000  103.420    3.35   2.9   0.1   0.9   3.6    563   21.997  103.412    7.00
  20110428  02015058  21.989  103.423    8.60   3.5   0.2   1.7   1.4    564   21.991  103.408   10.20
  20110507  13015667  20.763  103.130    9.82   3.8   0.1   0.9   0.2    566   20.757  103.136   10.00
  20110519  05072980  21.039  106.772   25.07   2.1   0.1  11.7   9.0    567   21.136  106.749   15.80
  20110521  20311745  22.861  103.673   12.54   4.0   0.1   1.8   5.9    568   22.873  103.686    6.20
  20110522  16124737  22.764  103.771   18.52   2.6   0.1   7.4   0.6    569   22.823  103.709   17.10
  20110524  00025686  22.826  103.670   19.77   3.0   0.1   1.9   3.7    570   22.844  103.661   23.20
  20110614  18521225  20.549  100.093   21.22   3.5   0.2  10.2   8.3    571   20.456  100.040    7.70
  20110615  02030559  21.626  103.707   11.09   2.4   0.1   2.3   2.9    572   21.650  103.708   13.60
  20110620  20334835  21.599  103.970    5.23   1.7   0.1   2.9   2.2    573   21.621  103.987    7.00
  20110629  08263823  20.782  103.407    2.00   3.3   0.1   2.6   5.4    574   20.802  103.419    7.00
  20110709  03130395  22.020  103.437   23.86   2.8   0.2   7.4   9.2    575   21.997  103.496   14.90
  20110714  08170972  23.732  103.265    6.47   3.6   0.1   4.7   4.4    576   23.763  103.296   10.70
  20110728  11034832  21.502  105.143   10.33   2.7   0.1   0.8   4.2    577   21.496  105.146    6.30
  20110731  02225621  21.552  103.675   14.37   2.6   0.1   3.8   1.3    578   21.588  103.676   12.80
  20110731  18305370  21.564  103.672   11.37   1.9   0.1   3.5   2.7    579   21.598  103.669   13.90
  20110803  06062166  21.572  103.681   17.06   3.0   0.1   1.4   2.1    580   21.586  103.680   14.90
  20110804  16393402  21.537  103.661   27.64   2.5   0.2   1.2   5.7    581   21.531  103.651   21.50
  20110818  01411751  21.808  103.554   10.65   3.0   0.1   2.6   3.9    584   21.814  103.576    7.00
  20110819  09011510  21.567  101.503    7.01   3.0   0.2  14.8   0.3    585   21.555  101.629    7.00
  20110901  15544090  21.613  103.365   13.00   2.7   0.1   2.8   3.9    588   21.638  103.353    8.40
  20110921  12100257  21.801  103.631   26.80   2.7   0.1   4.4   8.1    590   21.831  103.604   15.10
  20110921  14592827  21.813  103.521   14.39   2.4   0.1   7.0   2.6    591   21.832  103.582   15.90
  20111002  12533721  21.025  104.481   12.02   2.9   0.1   1.6   1.0    592   21.037  104.490   13.00
  20111012  04321598  22.980  104.220    7.20   3.5   0.1   3.1   0.2    593   23.008  104.206    7.00
  20111015  04272683  22.105  103.420   22.91   2.5   0.1   7.6   6.7    594   22.175  103.381   15.00
  20111020  12483827  21.564  103.972    5.74   2.5   0.1   1.3   1.5    596   21.568  103.983    7.00
  20111020  14464914  21.566  103.982    7.07   2.1   0.1   2.2   0.6    597   21.586  103.975    5.90
  20111020  17553547  21.549  103.986   10.05   2.2   0.1   2.0   1.6    598   21.565  103.976    8.00
  20111026  19103687  22.039  103.375   21.29   2.9   0.2   3.3  10.6    599   22.072  103.357    7.00
  20111028  20323805  21.527  103.980   20.52   2.1   0.1   1.7   3.1    601   21.539  103.990   17.30
  20111102  11330915  22.077  101.064   25.03   3.5   0.1  23.1  10.3    602   22.209  100.830   12.20
  20111106  23255541  20.030  105.568   12.95   2.7   0.1   1.9   0.1    603   20.031  105.586   13.00
  20111110  10521618  21.546  103.973   16.86   2.6   0.1   2.6   4.8    604   21.563  103.988   11.40
  20111113  21033985  21.538  103.976   20.15   2.4   0.1   2.5   4.7    605   21.559  103.984   14.90
  20111116  04025142  21.358  104.198    5.85   1.6   0.0   1.2   2.9    606   21.352  104.199    7.30
  20111116  09532694  21.682  103.635    3.91   2.0   0.1   0.8   4.3    607   21.689  103.631    7.70
  20111118  15273253  21.565  103.998    3.99   0.6   0.1   0.2   2.5    608   21.568  103.996    6.50
  20111118  23543195  21.746  103.200   12.68   1.8   0.0  15.9   1.2    609   21.669  103.290   11.40
  20111121  03365633  21.365  104.199    1.47   1.3   0.1   2.7   0.8    610   21.346  104.217    1.50
  20111121  21075198  21.562  103.299    9.24   2.1   0.1   7.4   0.3    611   21.596  103.352    8.60
  20111122  13464960  21.565  103.986    5.35   1.5   0.1   0.5   3.1    612   21.570  103.988    8.20
  20111122  14105999  22.472  105.173    5.17   2.6   0.1   2.4   1.8    613   22.491  105.187    7.00
  20111122  14173502  21.565  103.988    5.84   1.7   0.1   0.4   2.5    614   21.568  103.991    8.10
  20111122  22503441  21.619  103.939    2.50   1.2   0.1   2.1   3.0    615   21.639  103.932    5.40
  20111123  06334894  21.850  103.861    6.27   1.5   0.1   2.2   1.0    616   21.868  103.850    4.60
  20111123  14173015  21.655  103.720    4.33   1.0   0.1   0.9   1.5    618   21.663  103.719    1.70
  20111124  21241669  21.608  103.654    1.20   1.2   0.1   3.9   0.9    619   21.646  103.659    2.00
  20111201  00580851  21.631  103.640    4.47   1.3   0.1   4.1   0.2    622   21.673  103.636    2.40
  20111203  15402672  21.700  103.633    1.75   1.8   0.1   1.2   5.3    623   21.711  103.631    6.20
  20111205  13553784  21.475  104.015    2.46   1.3   0.0   0.7   4.3    624   21.482  104.018    6.20
  20111214  20582950  22.142  103.369   19.04   2.0   0.1   1.9   2.6    626   22.160  103.367   16.30
  20111216  04150370  21.484  104.010    4.66   1.3   0.1   0.1   2.5    627   21.485  104.009    7.30
  20111216  20451394  21.618  103.942    2.92   1.0   0.1   2.3   3.0    628   21.639  103.953    5.60
  20111218  07440720  21.828  103.537    6.79   1.6   0.1   5.0   5.9    629   21.877  103.517    1.70
  20111219  10210411  21.670  103.629    5.78   2.4   0.1   2.1   0.8    630   21.691  103.628    6.20
  20111219  17012914  21.686  103.630    3.30   1.8   0.1   0.3   4.3    633   21.683  103.629    7.00
  20111224  05380217  21.839  103.852   11.04   1.2   0.1   4.5   6.4    635   21.881  103.844    2.60
  20111225  21390184  21.801  103.532   12.42   1.8   0.1   4.9   8.4    636   21.850  103.521    2.30
  20111227  10352768  21.575  104.003   10.89   1.5   0.1   0.5   0.8    640   21.574  103.998   10.10
  20111227  22122683  21.598  103.652    3.46   1.1   0.1   3.7   0.6    641   21.635  103.652    1.90
  20111228  05483449  22.075  100.521    9.68   3.4   0.1  16.1   3.0    643   22.017  100.642   12.10
  20111228  17102035  21.218  101.949   17.25   2.6   0.1   9.9   2.1    644   21.273  101.860   14.60
  20111229  20302492  21.552  103.986    3.46   1.5   0.1   0.8   2.3    645   21.559  103.990    5.60
  20111229  20362017  21.569  103.984    6.48   0.8   0.1   0.7   1.4    646   21.564  103.988    7.80
  20111230  04453926  21.567  103.982    6.66   1.8   0.1   1.0   2.1    647   21.575  103.988    8.60
  20111230  05435173  21.555  103.987    5.50   1.3   0.1   0.7   3.6    648   21.561  103.992    9.10
  20111230  16224367  21.567  103.991    4.66   0.8   0.1   0.2   3.9    649   21.570  103.992    8.30
  20111230  18122053  21.690  103.569    8.74   1.5   0.1   1.3   6.9    650   21.697  103.559   14.80
  20120105  18031813  21.561  103.986    5.64   1.4   0.1   0.7   1.5    651   21.568  103.986    7.10
  20120105  18293420  21.562  103.992    5.21   1.2   0.1   0.4   3.1    652   21.567  103.992    8.30
  20120106  17565435  21.632  103.933    3.21   0.7   0.1   0.7   2.6    653   21.638  103.936    5.70
  20120108  05070636  21.821  103.871   22.44   1.6   0.1   2.1   6.4    655   21.812  103.855   16.70
  20120108  15573058  21.828  103.834    0.19   1.4   0.1   0.6  10.0    656   21.828  103.840    7.60
  20120108  22431954  21.574  103.984    5.73   0.7   0.1   0.6   1.6    657   21.578  103.989    7.20
  20120109  09240004  21.644  103.721    6.19   2.1   0.1   1.3   0.1    658   21.657  103.719    6.10
  20120113  10144112  21.843  103.860    9.95   1.4   0.1   1.1   4.3    660   21.852  103.856   13.80
  20120121  11542445  21.611  103.647   17.25   3.3   0.1   2.4   6.0    665   21.629  103.661   11.40
  20120125  02582081  21.624  103.647   12.75   2.9   0.1   1.0   2.5    666   21.630  103.654   10.40
  20120126  14431815  21.612  103.654    3.09   1.4   0.1   3.1   0.2    667   21.641  103.658    1.90
  20120130  21131662  21.380  103.913   10.54   1.8   0.1   1.0   0.6    669   21.389  103.916   11.10
  20120131  06311726  21.479  104.010    3.32   1.9   0.1   0.3   3.2    671   21.480  104.012    6.60
  20120203  11041546  21.319  104.029    8.79   1.6   0.2   2.5   1.6    675   21.297  104.040   10.00
  20120207  16353788  21.979  103.426   23.05   2.7   0.1   1.3   7.3    679   21.991  103.430   15.00
  20120208  05545622  21.499  103.988    3.78   1.7   0.1   0.4   2.7    680   21.501  103.991    6.40
  20120208  14000943  21.495  103.987    1.75   1.8   0.1   0.8   5.1    681   21.502  103.991    6.10
  20120209  13024873  22.732  103.880   21.10   2.2   0.2   3.1   3.0    682   22.832  103.845   13.00
  20120211  09220348  22.068  103.377   28.96   2.8   0.2   4.5  15.2    684   22.054  103.403   11.20
  20120211  17062835  21.715  103.627    2.18   1.9   0.1   2.5   0.5    685   21.738  103.635    0.90
  20120213  22161505  21.844  103.451   22.81   1.9   0.1   6.4   7.4    686   21.914  103.471   29.10
  20120219  10332806  21.396  104.172    2.83   1.5   0.2   4.8   7.3    689   21.353  104.203    8.50
  20120220  09123029  22.696  103.929   11.42   2.6   0.1  21.3   2.2    690   22.630  103.893    5.00
  20120222  12364745  24.228  102.564    4.69   3.6   0.1   1.1   7.5    691   24.234  102.572   12.30
  20120226  01551785  23.284  101.494    0.39   3.3   0.1  17.1  12.6    692   23.267  101.644   12.10
  20120226  20415779  21.659  103.632    3.52   1.9   0.1   0.7   2.8    693   21.666  103.631    6.00
  20120301  14561973  21.492  104.001    4.26   1.2   0.1   0.4   3.2    695   21.495  104.003    7.70
  20120304  01242054  23.967  103.311   33.63   3.8   0.1   4.3  21.0    696   23.972  103.341   12.10
  20120304  03021296  21.305  104.231   13.94   1.3   0.1   4.9   4.0    697   21.347  104.225    9.60
  20120305  19524347  20.890  104.635   23.28   2.0   0.2   2.8   6.7    698   20.917  104.642   16.40
  20120306  11265417  21.930  103.452   12.24   2.3   0.1   1.1   3.0    699   21.929  103.443   14.80
  20120307  05134718  21.936  103.437    5.00   1.9   0.1   1.7  11.6    700   21.941  103.423   13.80
  20120316  01364577  21.481  104.004    3.62   1.8   0.1   0.3   3.7    703   21.484  104.004    7.60
  20120404  21440118  21.594  103.835    8.19   1.7   0.1   3.4   4.0    704   21.629  103.829   11.50
  20120405  01064034  21.490  104.000    4.28   2.2   0.1   0.3   3.0    705   21.493  104.000    7.20
  20120406  05323833  21.868  103.863    5.87   1.6   0.1   1.7   7.5    706   21.868  103.847   11.90
  20120406  09293487  21.557  103.992    4.76   1.5   0.1   0.6   3.3    707   21.565  103.992    8.20
  20120407  10260345  21.056  102.643   16.66   2.7   0.1   4.5   6.6    708   21.099  102.651    9.70
  20120408  02043186  21.503  104.000    4.37   1.3   0.1   0.3   2.9    709   21.506  104.001    7.40
  20120408  02515849  21.496  104.001    3.63   1.4   0.1   0.7   2.9    710   21.503  103.998    7.00
  20120410  00210107  21.500  104.015    6.63   1.3   0.1   0.9   1.8    711   21.502  104.008    9.20
  20120410  00480197  21.499  104.017    6.82   1.7   0.1   0.8   1.2    712   21.504  104.012    8.60
  20120410  04300917  21.492  104.007    5.55   1.8   0.1   0.6   2.4    713   21.499  104.006    8.70
  20120410  05444016  21.498  103.998    5.18   2.1   0.1   0.5   3.7    714   21.502  103.995    8.80
  20120412  14251295  21.487  104.005    4.19   1.7   0.1   0.5   3.2    715   21.493  104.006    8.20
  20120412  22510160  21.502  103.994    3.91   1.8   0.1   1.0   2.6    716   21.498  104.002    6.30
  20120413  01440917  21.486  104.006    4.28   1.5   0.1   0.7   2.8    717   21.493  104.005    7.80
  20120414  23271683  23.720  103.239    6.98   3.0   0.1  13.6   0.1    718   23.695  103.121    7.00
  20120424  12013780  21.573  103.981    4.75   1.2   0.1   0.8   3.9    720   21.579  103.986    8.40
  20120425  11273319  21.950  103.421   20.76   2.5   0.1   3.0   8.9    721   21.962  103.443    7.00
  20120425  20092486  21.498  103.997    3.84   1.2   0.1   0.4   3.5    722   21.501  103.995    7.40
  20120430  14065782  21.638  102.508   17.66   2.4   0.1   4.9   3.9    723   21.594  102.518   14.00
  20120508  18504674  22.404  102.344    8.33   4.1   0.1   5.2   2.7    724   22.406  102.296   11.00
  20120512  07260841  21.505  104.027   21.03   2.7   0.2   3.2  10.4    725   21.499  104.008   11.60
  20120514  17571047  22.702  100.410    9.70   4.1   0.2   3.2  24.5    726   22.695  100.382   33.00
  20120527  07060906  20.856  103.406   20.73   3.0   0.1   1.7   7.1    728   20.864  103.393   13.30
  20120601  18512040  20.788  103.396    6.60   1.8   0.1  10.3  11.8    729   20.874  103.435   15.00
  20120609  02045804  22.973  102.428   26.85   2.7   0.1  63.7  35.8    731   22.478  102.654    3.40
  20120617  20333702  20.766  103.154   16.81   2.5   0.1   1.0   2.3    732   20.773  103.160   14.50
  20120627  22055299  21.567  103.986    2.49   1.4   0.1   0.6   4.7    733   21.574  103.987    6.60
  20120704  06473700  21.566  103.933    4.57   1.8   0.1   0.9   3.1    734   21.575  103.930    7.30
  20120711  09594571  21.502  103.996    4.04   2.0   0.1   0.3   3.0    735   21.504  103.998    7.00
  20120727  18180171  21.671  103.391   17.12   2.2   0.1   2.5   7.4    736   21.690  103.400    9.10
  20120804  22105197  21.572  103.947    5.74   1.5   0.1   0.5   3.0    737   21.574  103.951    8.50
  20120812  22264715  21.515  103.716   12.30   1.6   0.1   3.5   1.1    738   21.536  103.739   10.90
  20120819  10104816  21.791  103.529   20.24   2.7   0.2   5.4  11.7    739   21.826  103.550    7.00
  20120901  07014381  21.590  103.965    3.14   1.6   0.0   0.3   4.4    740   21.591  103.968    7.20
  20120904  15093279  23.011  103.520    9.53   3.1   0.1   7.3   2.5    741   23.078  103.499    7.00
  20120911  09003258  22.831  106.190   11.74   3.1   0.1   0.6   0.8    742   22.817  106.183   12.80
  20120917  23283487  23.348  100.105    8.01   3.8   0.1   5.5   6.7    743   23.353  100.153   15.00
  20120920  19141402  23.372  103.890    0.42   3.3   0.1   4.4   7.1    744   23.379  103.928    7.00
  20120922  14460570  22.889  103.851   14.88   2.4   0.1   5.6   2.5    745   22.852  103.887   12.30
  20120923  15325692  22.665  103.206   19.82   2.7   0.2   7.9   4.2    746   22.632  103.268   14.70
  20121003  03184134  20.888  106.990    7.63   4.4   0.1   2.8   0.6    749   20.905  106.971    7.00
  20121006  21582553  21.659  103.650    2.23   1.9   0.1   0.7   0.1    750   21.659  103.644    2.10
  20121010  02224727  23.510  103.309    9.70   2.9   0.1  10.8   2.4    751   23.412  103.279   12.10
  20121101  18014677  21.508  103.995    6.22   2.4   0.2   2.9   0.7    753   21.531  104.011    6.30
  20121104  19422538  21.653  104.207    2.40   1.8   0.1   2.0   0.3    754   21.672  104.212    1.60
  20121105  22050820  21.536  104.008    8.84   2.2   0.1   0.8   1.9    755   21.542  104.013    7.00
  20121106  20144564  21.271  104.262   19.98   2.0   0.1   0.7   4.5    756   21.277  104.264   15.00
  20121107  18420439  20.965  106.946   11.35   3.6   0.1   9.3   4.2    757   20.952  106.865    7.00
  20121122  20313193  18.645  104.496   11.26   3.9   0.2   4.4   0.1    758   18.620  104.527   11.20
  20121130  09401297  18.549  104.557    2.70   3.7   0.1  10.3   5.5    759   18.631  104.530    6.90
  20130113  07453446  20.987  107.161   31.65   2.0   0.1  28.2  29.1    761   20.897  107.223    0.00
  20130117  10113219  20.623  106.958    7.01   2.8   0.0  11.5   0.0    763   20.593  107.002    7.00
  20130119  12383226  20.207  104.888    6.48   2.7   0.1   2.6   0.5    764   20.221  104.908    7.00
  20130120  08430702  21.008  107.092   27.08   2.3   0.1  30.3  24.5    765   20.902  107.214    0.00
  20130121  08193881  21.187  102.893   17.25   3.1   0.1   1.3   3.3    767   21.200  102.893   13.80
  20130124  08134897  20.882  107.449   17.26   2.6   0.1   6.7  17.9    768   20.952  107.332    0.00
  20130130  12315557  24.149  104.130   11.05   2.6   0.1  86.4   0.8    770   23.497  104.389   10.50
  20130201  05275846  20.795  106.972    7.26   2.2   0.1  17.4   0.3    771   20.939  106.923    7.00
  20130201  08292552  20.777  107.703    0.41   2.6   0.0  61.7   0.5    773   21.012  107.323    0.00
  20130206  07583539  22.285  106.013   31.59   2.4   0.1  22.2   4.5    774   22.503  105.897   25.20
  20130206  08080688  20.963  107.319   24.70   2.8   0.1  23.4  24.5    775   20.925  107.389    0.00
  20130207  01074871  21.873  107.283    9.70   2.1   0.1  23.6   0.3    776   21.847  107.104    9.40
  20130219  19211700  23.788  107.219    6.42   4.5   0.1   4.7   8.3    779   23.803  107.191   15.00
  20130220  05015563  23.210  101.413   10.73   4.4   0.2   8.2   3.6    780   23.192  101.486   14.60
  20130222  08145471  20.921  107.381    3.38   2.6   0.1   9.0   4.0    781   20.963  107.313    0.00
  20130228  08075877  20.561  107.790    0.98   2.8   0.1  75.0   5.3    783   20.949  107.363    0.00
  20130309  08540509  20.834  107.481    0.26   2.4   0.1  36.9   0.1    786   21.000  107.248    0.00
  20130310  07592032  20.541  101.872   13.36   3.1   0.1   2.6   1.6    787   20.562  101.885   14.90
  20130319  01471206  23.135  101.009    3.44   3.8   0.1   0.7   4.4    790   23.136  101.015    7.80
  20130319  03470363  23.167  100.998    7.31   3.6   0.1   0.2   5.2    791   23.170  101.001   13.20
  20130319  04292103  21.856  106.722    8.69   1.4   0.1   1.7   5.8    792   21.909  106.683   11.80
  20130320  08515195  20.861  107.498   28.16   2.3   0.1  25.0   6.0    793   20.995  107.350   32.40
  20130322  00095500  23.114  101.014    7.63   3.7   0.2   4.5   6.1    794   23.142  101.048   14.30
  20130323  08091771  20.946  107.372    0.88   2.6   0.1  13.0   1.4    795   20.978  107.267    0.00
  20130326  08141609  20.733  107.523   14.93   2.9   0.0  21.1  15.2    796   20.963  107.458    0.00
  20130328  08424593  21.038  107.273    0.28   2.3   0.1   4.4   0.4    798   21.006  107.299    0.00
  20130415  08212728  20.355  108.355    1.28   2.8   0.1 185.7   2.4    801   21.002  107.362    0.00
  20130420  08291411  20.583  107.735    5.71   2.6   0.1  71.9   0.3    802   20.984  107.341    0.00
  20130421  01295719  23.365  101.628   19.40   3.9   0.1   2.9  10.9    803   23.395  101.628    7.00
  20130426  08185717  20.974  107.321    0.88   2.5   0.1   2.3   1.5    805   20.975  107.301    0.00
  20130428  08261267  21.107  107.303    1.29   2.2   0.1   5.1   1.6    806   21.080  107.341    0.00
  20130504  08152357  20.960  107.362    0.06   2.6   0.0  23.8   0.1    807   21.021  107.271    0.00
  20130524  04180985  22.558  101.279    7.46   3.3   0.2   5.4   0.1    809   22.511  101.275    7.00
  20130528  18311540  23.998  100.099    3.68   3.4   0.1   8.1  11.5    810   23.966  100.156   15.00
  20130726  02230946  21.164  102.515   17.67   3.1   0.1   1.8   4.9    812   21.184  102.510   22.50
  20130809  19161599  20.762  104.886   15.49   2.8   0.1   8.3   1.1    813   20.688  104.929   14.30
  20130922  09593059  21.517  100.761    2.80   4.1   0.1  12.9   4.4    814   21.529  100.640    7.00
  20130925  23215559  21.808  106.273   33.45   1.8   0.1  12.4   7.1    815   21.856  106.197   28.70
  20131006  05135990  21.602  106.456   10.37   1.2   0.1   9.0   5.4    818   21.554  106.497    6.10
  20131009  08525967  21.050  107.221    2.69   2.5   0.1  14.3   5.0    819   20.988  107.353    0.00
  20131021  15100451  20.913  103.815   13.12   3.7   0.1   1.3   2.0    821   20.901  103.818   11.10
  20131117  06533200  22.530  105.778    7.01   2.2   0.1  10.9   4.3    822   22.481  105.857   10.00
  20131124  09345407  21.575  106.486    6.45   1.7   0.0   4.4   9.4    823   21.611  106.455   13.60
  20131226  12202306  21.931  103.777    6.13   2.5   0.1   2.6   1.2    825   21.925  103.755    7.00
  20140108  00001408  21.418  101.969   12.89   2.9   0.1   1.1   2.7    827   21.418  101.979   10.10
  20140111  05560639  20.887  103.829   20.02   3.2   0.1   1.3  11.2    828   20.887  103.840    7.00
  20140128  00431805  22.605  103.293   14.98   2.6   0.1   5.3   5.0    829   22.641  103.253    9.20
  20140128  05515686  23.249  106.254    7.52   2.2   0.1  16.0   2.6    830   23.157  106.148    9.70
  20140128  12015979  22.553  101.218   10.71   4.4   0.1   3.1   3.6    831   22.558  101.243    7.00
  20140205  06310068  21.453  103.239    7.94   2.4   0.1   1.4   0.7    832   21.449  103.251    8.60
  20140205  19242643  23.369  107.162    5.68   2.5   0.1   7.7   2.0    833   23.423  107.202    7.00
  20140209  07224745  22.735  105.649    6.17   2.1   0.1  28.5   1.1    837   22.521  105.745    7.00
  20140209  08462307  21.027  107.292    9.38   2.5   0.1  14.2  15.2    838   20.937  107.346    0.00
  20140209  11365780  21.475  103.236   10.69   2.9   0.1   1.4   1.9    839   21.466  103.245    8.70
  20140210  08415092  21.161  107.111    2.68   2.7   0.1  23.8   3.4    841   20.957  107.327    0.00
  20140210  08435947  21.043  107.188    0.67   2.4   0.1   9.3   0.4    842   21.000  107.270    0.00
  20140211  08191489  21.048  107.201   18.49   2.7   0.1   8.1  30.0    845   21.018  107.301    0.00
  20140211  08541409  21.088  107.169    6.23   2.3   0.1   6.8  11.8    847   21.059  107.233    0.00
  20140212  08490417  20.841  107.504    0.97   2.2   0.1  34.7   1.6    850   20.998  107.279    0.00
  20140212  08524949  21.064  107.223   21.69   2.6   0.1   4.5  26.4    851   21.019  107.282    0.00
  20140213  08234813  21.034  107.304   21.96   2.8   0.1   4.0  15.4    852   21.017  107.287    0.00
  20140214  03590568  21.873  106.684    6.12   1.2   0.1   5.5   4.3    853   21.939  106.647    7.00
  20140215  04411845  21.013  107.271    1.95   2.3   0.1   3.3   3.2    858   21.012  107.243    0.00
  20140215  08454597  20.921  107.424   31.86   2.5   0.1  19.9  37.4    863   20.971  107.332    0.00
  20140216  07165751  20.770  107.400    4.22   1.5   0.1  38.0   1.3    864   20.927  107.152    0.00
  20140216  07170050  20.855  107.283    4.17   2.1   0.1  17.8   5.3    865   20.919  107.151    0.00
  20140216  08434221  20.907  107.456   34.23   2.3   0.1  34.6  41.9    868   20.974  107.242    0.00
  20140216  10351391  22.061  106.680    8.27   1.3   0.1   2.5   2.0    870   22.079  106.676    7.00
  20140218  08263314  20.708  107.665    6.10   2.8   0.1  57.0   6.9    873   20.966  107.325    0.00
  20140218  09544051  20.885  107.415    1.55   2.2   0.1  24.1   3.1    876   20.912  107.223    0.00
  20140220  06553124  21.597  106.460   10.24   1.4   0.1   9.5  10.6    879   21.556  106.498    2.60
  20140220  09141692  20.969  107.332    0.53   2.0   0.0  20.6   1.1    881   20.980  107.239    0.00
  20140220  10093627  22.050  106.679    8.76   1.2   0.1   2.4   0.1    882   22.037  106.700    8.80
  20140220  15232505  21.471  103.983    0.43   1.8   0.1   1.3   8.9    883   21.480  103.993    7.00
  20140221  09032941  20.985  107.273    1.62   2.1   0.1   2.1   1.7    886   20.990  107.254    0.00
  20140221  10033921  22.055  106.687    9.50   1.2   0.1   0.3   3.7    887   22.049  106.689    7.00
  20140221  11135307  21.820  107.586    8.14   1.9   0.1  16.0   0.4    888   22.002  107.548    8.30
  20140222  04015014  20.463  105.853    6.07   1.9   0.1   2.5   8.1    889   20.486  105.859   12.40
  20140223  08561887  21.008  107.249   19.68   2.6   0.1   5.5  25.3    895   20.954  107.310    0.00
  20140226  19365026  22.929  105.420   19.80   2.5   0.1  10.7  20.3    897   22.831  105.404    7.00
  20140302  04172157  21.885  106.684    6.78   1.4   0.1   2.1   1.6    899   21.919  106.670    7.00
  20140302  10402345  21.524  106.208    1.52   1.1   0.0   4.3   0.8    900   21.537  106.193    1.90
  20140303  02165563  22.016  103.400    8.23   2.8   0.2   0.8   7.8    901   22.011  103.395   14.70
  20140307  08002064  21.529  103.950    3.18   3.0   0.1   2.0  14.1    903   21.512  103.959   14.10
  20140318  08032607  20.936  107.350   21.29   2.5   0.1   8.5  32.9    907   20.973  107.278    0.00
  20140318  08561389  21.048  107.208    0.93   2.1   0.1   7.6   1.1    909   20.994  107.265    0.00
  20140318  11023352  21.040  107.336   14.11   2.1   0.1  10.7  22.2    911   21.064  107.260    0.00
  20140319  06160254  20.920  107.111    5.71   2.4   0.1   2.6   2.5    912   20.924  107.134    0.00
  20140320  04085027  21.908  106.762   12.68   1.8   0.0   2.9   3.2    913   21.949  106.738   14.80
  20140320  08064848  20.959  107.345   17.13   2.4   0.1  28.2  24.8    914   21.049  107.133    0.00
  20140320  08372672  21.001  107.323    4.05   2.0   0.1   5.3   4.8    915   21.014  107.281    0.00
  20140320  11062620  21.875  106.683    6.32   1.4   0.1   7.2   3.3    918   21.942  106.642    7.00
  20140321  04013283  21.876  106.782   10.41   1.8   0.1   2.6   3.5    919   21.880  106.812   12.90
  20140323  07133097  20.864  107.251   17.56   2.3   0.1  15.0  20.8    920   20.909  107.127    0.00
  20140324  02425332  20.859  105.026    5.96   1.8   0.0   5.1   9.9    921   20.855  105.049   10.90
  20140325  08443865  21.830  106.815    3.09   1.5   0.1  11.2  16.1    924   21.904  106.835   14.90
  20140325  09353729  20.598  105.814    7.81   1.7   0.1  10.4   4.2    925   20.518  105.877    3.10
  20140326  05244160  21.575  106.478    7.72   1.2   0.0   5.2   3.2    926   21.557  106.495    6.10
  20140327  07345631  22.058  106.684    9.59   1.1   0.1   0.7   3.9    931   22.057  106.684    7.00
  20140328  09561374  21.967  106.706    9.85   1.3   0.1   5.6   5.9    932   21.994  106.694    6.00
  20140328  10081516  21.566  108.120   34.45   2.0   0.1  37.2   2.2    933   21.643  107.902   32.90
  20140331  00552537  21.908  106.779   13.96   1.8   0.1   6.3   4.6    935   21.992  106.717   15.00
  20140331  03083755  22.530  102.241   22.57   3.2   0.1   9.8   6.9    936   22.470  102.304   14.90
  20140401  09434164  20.527  105.172    2.53   1.8   0.1   8.9   0.8    938   20.456  105.222    2.00
  20140402  23085769  21.897  106.774   12.47   1.7   0.1   3.7   4.2    939   21.957  106.733   14.50
  20140404  09165575  21.657  106.416   12.32   1.3   0.1   0.4   3.6    941   21.642  106.431   16.10
  20140404  17203989  20.645  105.074    4.03   0.9   0.1   1.4   2.7    942   20.648  105.071    6.60
  20140406  04594900  21.906  106.653    5.43   1.7   0.1   1.7   2.9    943   21.937  106.643    7.00
  20140408  01481673  21.893  106.778   12.31   1.9   0.1   5.6   2.8    945   21.946  106.730   13.10
  20140409  04251312  21.882  106.693    6.81   1.5   0.1  10.2   0.7    947   21.952  106.648    5.90
  20140410  01370196  21.933  106.742   12.73   1.7   0.0   0.8   1.3    948   21.931  106.749   13.90
  20140413  18374187  22.130  105.771   15.78   2.0   0.1   4.6   0.8    949   22.099  105.801   15.40
  20140416  07274044  22.218  105.982    0.79   2.4   0.1  21.0   0.9    952   22.444  105.829    0.10
  20140416  07560718  21.644  106.415   12.69   1.4   0.1  18.8   5.9    953   21.555  106.494    7.00
  20140417  02263736  21.608  106.327    3.40   1.6   0.1   3.0   3.2    955   21.603  106.336    7.40
  20140419  18353916  24.344  103.985    5.51   3.8   0.1   3.8   4.5    957   24.312  103.967   10.00
  20140421  04074539  21.861  106.893    6.45   1.6   0.1   6.4   0.2    958   21.892  106.805    6.20
  20140421  21151547  19.931  105.199   23.51   2.2   0.1   4.2  13.3    959   19.917  105.231    7.00
  20140501  18085194  21.603  101.048   13.49   3.9   0.1   3.9   6.4    965   21.607  101.013    6.70
  20140503  04251290  21.029  107.244   10.09   2.3   0.1   1.0  17.6    966   21.015  107.256    0.00
  20140503  11282468  20.598  105.142    2.39   2.2   0.1   2.5   2.2    967   20.585  105.163    4.20
  20140506  05195458  21.631  106.445    8.50   1.0   0.1  13.0   9.8    969   21.561  106.493    1.80
  20140520  06070214  21.407  102.955   15.77   3.0   0.1   2.6   3.3    972   21.390  102.973   12.30
  20140521  05135879  21.558  106.486    0.60   1.5   0.0   0.0   0.1    973   21.558  106.486    0.60
  20140605  05581428  23.064  103.253   26.94   2.7   0.3  48.9  14.0    974   23.476  103.134   13.40
  20140606  21142597  20.822  103.408    9.31   3.0   0.1   1.2   2.3    975   20.820  103.419    7.00
  20140615  21264787  22.259  101.905   12.95   2.6   0.2   3.6   5.6    976   22.281  101.930    7.00
  20140624  19545953  21.722  103.584   10.58   2.6   0.1   1.9   0.3    977   21.725  103.567   10.30
  20140626  12441170  21.299  102.944   12.60   4.0   0.1   2.9   0.3    978   21.282  102.965   12.30
  20140629  04511331  22.666  102.331   11.73   3.9   0.1   3.4   1.0    979   22.672  102.301   12.70
  20140719  12145744  21.581  103.992    8.25   4.4   0.1   1.2   1.8    980   21.593  103.993   10.00
  20140719  13234663  21.504  103.959   21.63   2.4   0.1   8.3   5.9    981   21.580  103.994   14.10
  20140719  14421642  21.594  103.975   12.22   3.2   0.1   3.6   4.8    982   21.621  103.994    7.00
  20140719  15253979  21.608  103.986    4.21   2.7   0.0   0.7   0.5    983   21.612  103.981    3.70
  20140722  11113959  21.018  104.745    8.64   3.4   0.1   1.3   4.6    984   21.020  104.758   13.20
  20140724  21514911  21.531  103.952   13.66   2.7   0.1   3.9   1.5    985   21.561  103.974   15.10
  20140810  21413351  21.527  104.004   12.94   3.0   0.1   1.5   4.6    986   21.531  104.020    7.00
  20140819  23501757  21.617  103.937    5.66   4.2   0.1   2.0   4.5    987   21.611  103.955   10.00
  20140820  00004353  21.468  103.935   21.40   2.9   0.1  18.4   3.6    988   21.627  104.016   15.00
  20140820  08052388  21.578  103.985   21.45   3.0   0.2   2.6   9.7    989   21.602  103.974    7.00
  20140820  16421775  24.916  102.193    6.36   3.6   0.2  10.3   5.6    990   24.854  102.243   12.10
  20140827  10451108  23.027  100.961   12.88   4.4   0.2   7.8   5.2    991   22.987  101.019    7.00
  20141002  21042570  21.583  103.970    4.64   2.3   0.1   2.6  13.4    992   21.558  103.975   15.00
  20141007  13494166  23.380  100.448   19.20   6.6   0.1   1.8  11.5    993   23.389  100.434    7.00
  20141010  11230742  20.789  103.127   30.53   2.7   0.1   1.5  15.1    994   20.802  103.137   15.10
  20141118  18421849  22.872  102.022   12.38   3.5   0.1   1.2   4.8    995   22.868  102.011    7.00
  20141205  18434674  23.329  100.544   14.68   5.2   0.1   0.9   0.5    996   23.325  100.537   14.20
  20141206  10200189  23.301  100.580   10.63   5.4   0.1  10.5   2.0    997   23.328  100.507   12.50
  20150106  22270067  20.226  104.896    6.85   2.9   0.1   3.5   4.4    998   20.194  104.906   11.20
  20150217  11530379  20.954  104.833    5.34   3.5   0.1   5.8   4.7    999   20.899  104.827    0.10
  20150220  22374833  23.007  101.673    6.18   4.5   0.1   1.3   0.1   1000   23.016  101.682    6.30
  20150625  23301981  23.261  103.223   12.42   3.1   0.2   2.7   2.3   1001   23.239  103.212   14.80
  20150628  13051356  20.281  102.545   10.17   3.5   0.1   0.9   0.3   1002   20.280  102.553   10.50
  20150629  01122968  20.310  102.502   10.76   3.7   0.1   1.1   0.1   1003   20.301  102.497   10.70
  20150629  13025525  22.694  102.665   12.75   2.5   0.1  17.6   0.6   1004   22.542  102.696   11.40
  20150703  10314779  23.057  103.386   10.02   3.5   0.1   4.9   0.5   1007   23.050  103.431    9.50
  20150727  19184629  23.234  103.496   18.34   3.0   0.1   4.8   8.4   1008   23.214  103.534   10.10
  20150913  09434626  23.001  103.533    5.97   3.6   0.1   4.4   1.3   1011   23.000  103.494    7.20
  20150914  20435700  22.964  103.453    6.59   3.2   0.1   2.9   0.4   1012   22.967  103.427    7.00
  20150917  13393753  21.671  103.475   10.58   2.7   0.1   3.6   2.0   1013   21.651  103.448   12.30
  20150919  10210290  21.349  103.807    4.86   3.1   0.2   2.9   2.8   1014   21.325  103.793    7.00
  20150920  16220222  21.602  103.625   13.24   2.7   0.2   0.8   2.0   1015   21.596  103.621   15.00
  20150921  15035609  21.634  103.643    7.04   3.6   0.1   1.4   0.0   1016   21.644  103.652    7.00
  20150924  01392454  21.631  103.660   12.19   2.9   0.1   1.0   4.7   1017   21.635  103.652    7.00
  20151007  15143255  20.934  104.842    5.64   3.3   0.1   1.6   8.3   1018   20.920  104.849   13.20
  20151102  18433382  22.726  101.957    9.61   4.2   0.1   1.8   0.8   1019   22.719  101.942   10.40
  20151208  23115413  21.870  102.236    9.43   2.7   0.2   4.6   2.3   1021   21.894  102.201    7.10
  20151214  08045111  22.543  102.575   22.74   3.3   0.3   5.3  12.3   1022   22.587  102.536    7.00
  20151228  06290382  21.828  103.557    8.81   3.5   0.1   1.4   6.3   1023   21.841  103.555   14.90
  20160121  13481597  21.210  102.746   18.00   4.1   0.1   1.3   4.4   1024   21.213  102.735   13.50
  20160213  17293475  23.049  101.872    7.73   3.2   0.1   0.9   5.7   1025   23.041  101.876    1.60
  20160305  11202333  21.733  101.333   11.29   4.9   0.2   2.6   0.3   1026   21.728  101.356   11.00
  20160307  01244230  22.542  102.030   15.39   4.8   0.1   0.6   8.1   1027   22.538  102.026    7.00
  20160422  23005723  21.933  102.295   10.13   4.7   0.1   0.8   1.8   1028   21.930  102.289   12.00
  20160424  18191107  21.988  102.294   18.48   3.7   0.2   7.5  10.8   1029   22.008  102.230    7.00
  20160516  13062824  21.966  102.315   18.13   4.2   0.1   5.8  10.4   1030   21.954  102.265    7.00
  20161027  10124648  20.297  104.491   23.11   4.1   0.3   2.5  10.3   1031   20.317  104.482   13.00
  20161202  20040108  21.273  104.101    5.24   2.7   0.1   2.6   1.8   1032   21.286  104.122    7.00
  20161208  16434429  22.634  101.980   12.44   4.3   0.1   5.6   1.2   1033   22.579  101.981   13.70
  20170304  05422449  20.711  101.786   13.46   3.1   0.1   2.9   0.5   1034   20.695  101.807   13.00
  20170421  14413466  20.741  105.054   11.43   3.5   0.1   1.1   4.0   1035   20.735  105.046    7.00
  20170430  16400988  24.279  102.367   12.24   3.8   0.3   1.6   1.1   1036   24.265  102.361   13.30
  20170824  07374718  21.413  103.288   11.00   3.2   0.1   2.4   4.3   1037   21.431  103.301    6.40
  20171023  04410099  20.957  101.951   14.69   3.8   0.1   2.2   3.1   1039   20.972  101.964   11.30
  20171216  10350769  23.117  101.653    4.41   3.3   0.1   7.3  28.0   1040   23.184  101.676   24.50
  20171225  08015597  21.466  102.908   15.13   3.4   0.1   5.6   1.8   1041   21.496  102.950   16.00
  20180102  15362780  23.194  101.508   10.55   2.5   0.1  24.3  10.8   1042   22.968  101.564   18.40
  20180107  20141957  21.365  103.298    7.90   4.0   0.1   1.7   0.9   1045   21.376  103.310    7.00
  20180108  23212289  21.409  103.283    6.22   4.9   0.1   1.2   4.8   1047   21.405  103.292    0.90
  20180109  13310236  21.994  102.267   10.82   3.5   0.1   4.5  12.6   1048   22.040  102.274   22.40
  20180113  04502556  21.403  103.302   16.39   3.4   0.1   3.8   6.8   1049   21.375  103.322    7.00
  20180114  06364582  18.270  104.899    4.43   4.8   0.1   4.2   2.6   1050   18.308  104.895    7.00
  20180114  15170016  21.341  103.298    8.06   3.1   0.2   1.2   6.7   1051   21.329  103.297    0.20
  20180118  00001539  22.033  101.127   10.27   3.4   0.1   4.6   3.3   1052   22.003  101.160    7.00
  20180127  23131781  21.616  102.426   16.82   2.7   0.1   0.6   1.8   1054   21.611  102.427   15.10
  20180202  03531085  22.001  102.277   18.70   3.0   0.1   4.4   0.8   1055   22.043  102.284   19.40
  20180202  21321567  23.066  101.883    8.76   3.0   0.1   9.5   2.5   1056   22.974  101.901    6.10
  20180208  22014114  20.843  103.412   16.80   2.2   0.2   2.2   8.8   1057   20.848  103.392    7.00
  20180209  12493970  21.395  103.304    6.78   3.9   0.1   1.2   0.2   1058   21.407  103.303    7.00
  20180209  14580419  22.331  100.845   11.32   5.0   0.1   3.6   4.2   1059   22.349  100.872    7.00
  20180218  17500914  21.908  103.800   26.28   1.4   0.2   1.2  16.4   1061   21.916  103.800   10.70
  20180220  14095782  24.462  100.914    1.21   4.2   0.1   8.8  14.3   1062   24.411  100.973   15.00
  20180228  17233648  23.210  103.013    7.54   3.2   0.2   4.1   0.5   1064   23.172  103.002    7.00
  20180312  20083194  19.886  105.233   23.70   2.9   0.2   6.1   3.0   1066   19.869  105.287   27.00
  20180318  20535460  21.714  104.237   15.89   2.0   0.1   0.8   4.6   1068   21.718  104.231   10.50
  20180326  04395665  21.598  103.926   20.22   2.6   0.1   2.7   4.7   1069   21.601  103.950   14.90
  20200727  05144830  20.922  104.695   10.05   4.6   0.1   1.7   1.0   1070   20.938  104.701   11.00
  20200727  05395588  20.924  104.700   12.67   2.8   0.1   1.7   5.3   1071   20.919  104.714   17.60
  20200727  08522487  20.922  104.688   16.49   3.0   0.2   2.9   4.1   1072   20.932  104.713   12.00
  20200727  09170696  20.945  104.722    5.77   2.9   0.4   3.9   2.8   1073   20.913  104.740    3.00
  20200727  23172125  20.918  104.727    9.72   3.0   0.1   1.4   2.4   1074   20.929  104.735    7.00
  20200728  01264334  20.910  104.703    8.72   3.5   0.1   3.0   2.0   1075   20.918  104.728    6.60
  20200728  05010635  20.947  104.710    7.56   2.8   0.3   1.7   0.6   1076   20.945  104.725    8.10
  20200728  11080502  20.919  104.706    7.77   3.0   0.1   3.6   4.2   1077   20.922  104.738    3.10
  20200728  13281730  20.915  104.693    7.35   2.9   0.1   5.2   5.7   1078   20.911  104.737    1.00
