  19960415  08395553 21.585 105.761   13.51   3.0   0.0   0.0   0.0      1
  19960522  08043743 21.622 105.757    7.86   2.0   0.1   0.0   0.0      2
  19960622  18392737 21.179 103.295    2.24   4.9   0.1   0.0   0.0      3
  19960928  13141764 19.598 102.941   12.09   5.4   0.1   1.7   1.3      4
  19970109  09425632 23.967 103.964   12.55   3.7   0.2   0.2   0.1      6
  19971024  09304122 22.594 101.649    4.19   4.2   0.1   0.0   0.1      8
  19971119  06515522 21.993 101.752    3.95   3.8   0.1   0.0   0.0      9
  19980210  08180341 21.112 104.819   28.30   3.2   0.1   0.0   0.0     10
  19980213  23150133 24.001 102.796    0.47   3.2   0.2   0.1   0.2     12
  19980514  03344546 20.934 103.362    8.40   3.7   0.1   0.0   0.0     13
  19981209  06112277 23.840 104.054    5.42   2.6   0.1   0.0   0.0     16
  19981231  08165347 21.637 105.688    4.51   1.5   0.0   0.0   0.0     17
  19990115  08155156 22.134 108.574   14.29   4.2   0.0   0.3   0.1     18
  19990331  03191427 19.684 101.535    7.59   4.6   0.1   0.0   0.0     19
  19990403  09085736 20.888 107.050   24.32   2.6   0.1   1.1   0.4     20
  19990406  07563202 21.610 105.764    6.83   2.1   0.1   0.0   0.4     21
  19990410  09465874 21.658 105.720    8.95   2.5   0.1   0.0   0.2     22
  19990412  10364357 21.610 105.778    8.64   1.5   0.0   0.0   0.0     24
  19990906  07065686 23.332 102.888    1.76   4.1   0.1   0.1   0.1     28
  19990913  19091240 20.760 104.897   10.23   3.4   0.1   0.0   0.0     29
  19991124  16401880 24.726 103.172    1.08   5.4   0.1   0.1   0.1     32
  19991125  08512461 20.961 106.891   30.87   2.9   0.1   1.3   0.5     33
  19991202  13190110 21.633 106.097    9.95   2.3   0.0   0.0   0.1     35
  19991207  11224336 24.517 102.655    9.55   3.4   0.2   1.1   0.1     37
  20000106  14252907 23.497 103.771   10.69   4.0   0.1   0.0   0.0     40
  20000114  23353738 25.317 101.053   20.24   5.8   0.1   4.2   2.0     41
  20000119  20592433 19.833 101.483   14.29   4.7   0.1   0.0   0.1     42
  20000119  21241324 19.759 101.475    5.04   3.5   0.3   0.0   0.6     43
  20000125  08530513 20.965 106.935   29.30   2.4   0.1   0.5   0.4     44
  20000126  20551601 24.099 103.672    2.09   5.8   0.1   0.6   0.1     45
  20000308  16423389 22.089 105.737   11.61   2.8   0.3   0.2   0.2     46
  20000428  07001346 21.139 106.474    9.32   2.6   0.1   0.7   5.5     49
  20000523  08510116 20.978 107.299   33.84   2.1   0.0   0.5   0.0     51
  20000904  10212865 21.593 105.749   19.48   2.6   0.1   0.0   0.0     56
  20001005  08090113 21.153 106.920   22.22   1.9   0.1   0.4   0.0     57
  20001031  05270790 22.771 107.620    4.69   2.6   0.1   1.0   0.5     59
  20001101  08462102 21.021 107.177   31.34   2.7   0.1   1.5   0.6     61
  20001103  08542705 21.033 107.397   17.73   2.7   0.1   4.3   1.3     65
  20001114  08574457 21.602 105.766   17.93   2.3   0.2   0.0   0.0     78
  20001117  08360557 21.625 105.792   16.34   2.0   0.1   0.0   0.0     79
  20001117  08505176 21.063 107.211   24.97   2.9   0.2   3.1   0.8     80
  20010101  11341949 21.904 103.046    5.50   4.4   0.2   0.0   0.0     87
  20010104  16343070 21.889 103.069   27.88   3.5   0.3   0.1   0.0     88
  20010105  18204637 21.893 103.078    4.08   3.4   0.2   0.0   0.0     89
  20010219  15513532 21.358 102.907   11.35   4.6   0.1   0.0   0.0     92
  20010219  16401921 21.401 102.928    9.39   4.2   0.1   0.4   0.1     93
  20010219  19025076 21.335 102.926    7.49   4.4   0.1   0.1   0.0     94
  20010221  11034477 21.347 102.902    1.84   3.2   0.1   0.0   0.0     96
  20010222  05512534 21.671 105.698   20.82   1.9   0.1   0.0   0.0     97
  20010222  11363461 21.369 102.989   10.77   3.1   0.1   0.0   0.0     98
  20010223  08462002 21.040 107.048   19.03   2.5   0.1   2.5   0.3     99
  20010224  22143090 21.373 102.924    1.00   3.6   0.1   0.0   0.0    101
  20010304  20185046 21.367 102.906    3.83   4.7   0.1   0.0   0.0    103
  20010304  20405464 21.478 102.907   10.77   2.9   0.0   0.1   0.0    104
  20010305  15065904 21.494 102.894    5.42   3.2   0.2   0.0   0.0    105
  20010318  08244879 21.223 107.576   22.38   2.4   0.0   2.1   1.1    107
  20010402  20454704 22.138 103.189    5.31   4.5   0.1   0.0   0.0    112
  20010412  10225172 21.654 105.679   33.39   2.4   0.2   0.1   0.4    115
  20010423  15511812 21.393 102.904    6.85   3.9   0.2   0.2   0.0    117
  20010604  21021613 21.981 102.441   12.06   4.5   0.1   0.0   0.3    119
  20010604  23412879 21.988 102.418    9.32   4.2   0.2   0.1   0.0    121
  20010608  07381658 21.167 103.087   18.60   3.3   0.1   3.3   1.1    122
  20010614  08101518 21.638 105.796   26.37   2.0   0.1   0.3   2.4    123
  20010626  07283916 21.625 105.773   33.99   2.3   0.1   0.0   0.1    125
  20010709  23513755 24.641 101.854   19.12   4.8   0.1   0.0   0.1    126
  20010731  04510561 20.995 104.678   15.90   3.7   0.1   0.0   0.0    132
  20010902  23152878 22.583 106.307   32.35   3.4   0.1   0.0   0.0    134
  20010916  00423183 21.132 105.775   18.05   3.0   0.1   0.0   0.0    136
  20011003  10163758 21.642 105.693   15.79   1.9   0.1   0.2   1.9    137
  20011004  09371526 20.961 107.101   24.61   2.2   0.2   2.6   0.3    138
  20011112  21561199 21.058 104.539   19.92   3.6   0.1   0.4   0.1    139
  20020208  07553490 21.643 105.800   13.28   2.1   0.2   2.9   5.2    147
  20020225  10082396 21.144 107.102   24.70   2.3   0.2   0.7   0.3    148
  20020226  09080997 21.809 105.623   12.43   1.9   0.1   6.1   9.4    149
  20020322  05502115 21.080 107.145   23.33   2.8   0.2   9.9   3.1    153
  20020327  07224904 21.602 105.773    9.72   2.6   0.1   0.0   0.1    154
  20020409  05585500 21.592 105.752   27.35   2.2   0.1   0.0   0.1    155
  20020412  05044830 22.372 102.592   11.49   4.6   0.1   0.0   0.1    157
  20020419  08144740 21.067 107.033    3.84   2.1   0.2   5.5   3.3    158
  20020521  04100018 20.109 105.863   28.74   2.1   0.2   3.6   1.2    161
  20020524  09372138 21.079 107.293   12.53   2.1   0.0   0.7   0.3    162
  20020605  01042061 20.981 107.035    7.57   2.4   0.1   0.9   0.1    166
  20020625  09543782 21.025 107.215   16.32   2.3   0.1   0.0   0.0    169
  20020703  08103347 20.990 107.176   23.80   2.8   0.2   5.1   2.6    173
  20020704  08554561 21.617 105.764   10.01   1.3   0.2   0.0   0.9    174
  20020709  04192829 21.245 106.641   16.22   1.7   0.0   0.0   0.1    176
  20020716  08134749 21.595 105.765    2.45   2.1   0.2   0.0   0.9    179
  20020728  04313748 21.792 105.804    7.55   1.7   0.1   0.0   1.2    180
  20020809  06433452 20.096 104.128   16.24   2.5   0.1   0.6   0.2    182
  20020819  14394060 22.543 103.267   33.71   3.2   0.1   8.5   3.1    184
  20020822  20203497 21.033 104.371    7.97   2.5   0.1   0.1   0.0    185
  20020910  01560333 21.985 105.514   23.26   3.0   0.2   0.4   0.1    189
  20021128  08144454 21.056 107.023   22.43   2.7   0.2   5.0   1.0    195
  20021130  06355636 21.608 105.763    3.63   2.0   0.1   0.0   0.5    196
  20021217  09043375 21.602 105.777    6.55   2.1   0.2   0.0   0.3    198
  20021219  06175781 21.171 106.930   15.16   2.2   0.1   5.7   4.1    200
  20030213  10185703 21.698 105.717   31.44   2.2   0.1   0.0   0.0    204
  20030227  11002528 21.665 105.705   20.30   2.0   0.1   0.0   0.0    205
  20030324  11114325 22.170 107.596   33.86   4.1   0.1   0.4   0.1    207
  20030501  07231929 21.799 108.932   24.67   3.3   0.1   0.0   0.0    209
  20030727  13395810 20.818 103.205   13.72   3.7   0.1   0.4   0.1    211
  20030811  06332140 21.095 106.925   16.15   2.2   0.1   3.7   9.7    213
  20030812  14182529 20.458 105.146    9.92   2.7   0.1   0.4   0.1    214
  20030817  10513332 21.707 107.001   22.30   2.7   0.2   0.5   0.1    215
  20030818  08585626 21.020 107.072   21.03   2.1   0.1   2.3   0.4    216
  20030819  12210935 22.146 103.173    8.54   3.9   0.2   0.0   0.0    217
  20030823  09480378 21.051 104.679   10.89   3.3   0.1   0.1   0.1    218
  20030825  06532136 21.582 105.742    3.66   1.8   0.2   0.4   2.2    219
  20030828  10395036 21.612 105.768   16.01   2.3   0.2   0.1   0.1    220
  20030829  08143202 21.007 107.222   10.23   1.9   0.2   0.0   0.1    221
  20030830  07023921 21.612 106.835   22.60   2.3   0.2   1.4   0.5    222
  20030906  04372845 21.592 105.768    8.33   2.1   0.2   0.0   0.0    224
  20030913  04453695 21.656 105.875   18.34   1.7   0.3   0.0   0.2    226
  20030919  03552225 20.114 105.653   24.67   2.6   0.1   0.0   0.0    227
  20031014  08201874 21.034 102.969    5.74   3.6   0.2   0.1   0.0    229
  20031101  08154240 21.652 105.737   12.65   2.5   0.1   0.0   0.1    231
  20031103  18061241 20.730 103.108    7.65   3.3   0.1   0.4   0.9    232
  20031105  08242429 21.128 106.762    3.27   2.4   0.1   0.1   0.3    234
  20031108  08185358 21.063 106.947   20.98   2.0   0.2   2.3   3.2    235
  20031108  08541697 21.618 105.710    7.88   2.0   0.3   0.0   0.0    236
  20031108  15005556 21.020 104.696   11.55   3.2   0.1   0.0   0.0    237
  20031111  15335097 22.067 105.149    0.93   2.0   0.1   2.6   1.7    238
  20031123  15081019 20.594 100.952    1.33   4.8   0.2   0.0   0.0    239
  20031213  13575586 21.630 102.965    4.62   3.7   0.2   1.4   0.6    240
  20031220  08321888 21.002 107.063   25.38   2.5   0.1   0.1   0.0    241
  20040101  11140972 23.226 102.989    5.40   3.8   0.2   0.0   0.0    244
  20040102  17543127 22.729 103.396    7.83   3.2   0.4   0.0   0.1    245
  20040112  10004268 21.768 107.221   11.24   2.4   0.1   0.2   0.1    254
  20040115  05011696 23.345 102.640    8.15   3.7   0.3   0.1   0.0    255
  20040120  05544465 20.999 107.064   29.65   2.2   0.1   0.4   0.2    257
  20040123  00563271 23.489 103.236   10.38   2.9   0.2   0.0   0.1    258
  20040202  05010947 21.029 107.148   27.03   2.3   0.3   0.3   0.6    259
  20040205  04134722 22.177 102.210    9.67   3.9   0.1   0.8   0.2    261
  20040228  11260875 21.602 105.753    5.00   2.3   0.2   0.0   0.2    264
  20040309  08505922 20.546 105.826    3.58   1.5   0.2   0.2   0.3    266
  20040420  14223261 22.377 102.864    6.89   3.1   0.1   0.0   0.0    270
  20040506  03064672 22.882 103.515   12.74   3.5   0.1   0.0   0.0    271
  20040511  18333218 22.848 103.559   11.08   3.0   0.1   0.0   0.0    273
  20040906  21533982 24.174 104.394    7.98   3.3   0.1   0.0   0.0    274
  20040914  08152733 20.934 107.297   12.43   3.0   0.1   0.0   0.1    275
  20040930  06141071 20.254 107.723   15.38   3.0   0.1   0.0   0.0    276
  20041007  20234112 20.938 108.020   16.57   3.3   0.1   0.1   0.1    277
  20041017  12404502 24.745 103.181    2.68   4.5   0.3   0.1   0.1    278
  20041211  01071298 23.321 103.987   10.42   3.0   0.2   0.0   0.0    279
  20050107  14252200 18.888 105.320    9.08   4.6   0.2   0.0   0.0    280
  20050107  19383571 20.330 105.367   13.49   3.4   0.1   0.0   0.0    281
  20050111  03305541 20.564 102.475   10.10   3.6   0.3   0.0   0.0    282
  20050125  16303852 22.557 100.746   21.33   5.1   0.1   0.2   0.4    285
  20050125  22230325 23.266 103.952    8.53   3.8   0.1   1.8   1.4    286
  20050208  10062050 20.653 103.917   14.16   3.3   0.1   0.0   0.0    289
  20050419  06422475 21.156 106.779    4.27   2.1   0.1   0.0   0.1    290
  20050419  08333203 21.007 106.995    8.66   2.2   0.1   0.2   0.6    291
  20050511  09325006 21.044 106.689   14.45   2.4   0.1   0.6   1.0    292
  20050528  08175934 20.997 107.175   23.72   2.4   0.2   0.2   0.0    293
  20050601  14293717 20.572 106.175   13.34   2.3   0.1   0.1   0.6    294
  20050705  12072968 24.218 103.748    8.57   4.1   0.2   0.0   0.0    295
  20050717  05452424 23.463 105.297    8.39   5.4   0.1   0.0   0.0    297
  20050718  16200512 21.215 103.365   12.54   4.0   0.1   0.0   0.0    298
  20050719  16264419 23.511 104.101    0.67   5.1   0.1   1.5   0.7    299
  20050807  04245079 21.406 105.652    2.76   2.3   0.1   0.0   0.2    300
  20050809  10301584 21.432 106.007   11.35   1.9   0.1   0.0   0.0    301
  20050813  04584397 23.532 104.101    6.22   4.4   0.1   0.0   0.0    302
  20050814  18150736 23.498 104.001   15.69   5.0   0.1   0.0   0.0    304
  20050816  18292414 23.505 104.075    1.07   4.5   0.1   0.1   0.1    306
  20050817  21584889 24.405 104.410    9.50   3.4   0.1   0.1   0.1    307
  20050818  17314372 23.535 104.070    0.37   3.4   0.2   0.0   0.0    309
  20050820  05273393 23.462 104.093    5.52   3.8   0.2   0.0   0.0    310
  20050821  12483683 23.465 104.190    2.94   3.6   0.2   0.0   0.1    311
  20050822  15024784 23.480 104.129   11.37   3.4   0.2   1.0   1.7    312
  20050824  23385239 23.462 104.109    9.80   3.8   0.1   0.0   0.0    313
  20050826  23170889 23.517 104.221   11.17   3.9   0.2   0.0   0.0    314
  20050920  08393406 20.962 107.348   17.89   2.8   0.2   0.9   0.3    316
  20050926  13483305 22.286 102.051    7.60   4.2   0.1   0.0   0.0    317
  20051010  13425456 21.947 105.500   18.65   3.8   0.1   0.2   0.0    318
  20051016  09192447 23.488 104.175    2.99   4.5   0.1   0.0   0.0    319
  20051019  21022796 23.557 104.137   16.13   3.6   0.2   0.2   0.1    320
  20051020  02023765 23.490 103.869    7.96   5.3   0.1   0.0   0.0    321
  20051027  11185498 23.610 107.565    9.54   6.3   0.1   0.1   0.0    322
  20051101  21132842 23.194 104.203   24.96   3.4   0.2   0.1   0.0    323
  20051112  00380302 25.391 103.260    4.84   3.5   0.1   1.5   0.0    324
  20051112  07090018 21.080 106.702   15.20   2.2   0.1   0.0   0.0    325
  20051119  08293093 21.033 107.504    8.85   2.3   0.0   0.4   0.0    326
  20051122  05114844 20.208 105.959   21.59   2.1   0.1   2.5   0.5    328
  20051231  17220332 23.461 104.153    3.78   3.3   0.1   0.0   0.0    331
  20060106  18430389 22.089 102.425   15.42   3.4   0.2   0.0   0.0    334
  20060112  01052975 23.268 101.643   10.45   4.8   0.2   0.0   0.0    335
  20060115  14294750 21.755 103.266   14.15   3.0   0.2   0.0   0.0    336
  20060226  16123647 21.191 103.345    6.27   3.5   0.3   0.0   0.1    338
  20060316  16223118 22.323 104.272   18.27   3.2   0.3   0.0   0.0    339
  20060403  17065202 19.658 107.423   11.07   3.8   0.1   0.1   0.0    340
  20060511  07441389 23.848 103.180    9.99   3.4   0.2   0.3   0.2    341
  20060623  17220809 24.282 102.647    6.05   4.1   0.1   0.0   0.0    342
  20060904  22070178 24.404 102.954    2.38   3.3   0.1   0.1   0.1    345
  20060906  19282177 22.955 102.345   18.90   2.8   0.2   3.8   1.3    347
  20060916  17122524 21.524 109.704    2.26   4.5   0.2   1.6   1.6    348
  20061102  21121724 23.665 104.332    2.64   3.3   0.2   0.0   0.0    352
  20061111  18455971 23.830 102.386    6.64   3.8   0.1   0.0   0.0    353
  20061124  12052049 23.022 104.173    3.74   3.5   0.1   0.0   0.0    356
  20070112  18213986 21.696 103.442    4.45   2.0   0.1   0.2   0.5    357
  20070219  02583299 21.594 101.771    8.61   3.4   0.1   0.1   0.0    359
  20070306  15320805 22.004 101.293   10.04   3.7   0.1   0.1   0.0    360
  20070323  18445960 25.293 106.223    2.03   3.6   0.1   0.0   0.0    361
  20070401  18594646 19.994 102.771    2.89   3.0   0.2   0.0   0.0    362
  20070502  02021131 20.740 103.127    6.10   4.4   0.1   0.0   0.0    363
  20070502  04015083 20.725 103.106    6.97   3.5   0.1   0.0   0.0    364
  20070502  18295879 20.725 103.099    6.82   3.1   0.1   0.0   0.0    365
  20070515  14354808 20.490 100.807   16.39   4.7   0.1   0.3   0.3    366
  20070516  08561396 20.474 100.843   23.13   6.4   0.1   0.0   0.0    367
  20070516  10043553 20.581 100.736   11.89   4.2   0.1   0.1   0.0    368
  20070516  10154538 20.399 100.885   13.18   4.1   0.2   0.2   0.1    369
  20070516  10260366 20.600 100.788   21.39   3.4   0.1   0.2   0.2    370
  20070516  11160089 20.391 100.919   12.07   4.1   0.1   0.1   0.0    371
  20070516  11351712 20.360 100.938   13.74   3.4   0.1   0.2   0.2    372
  20070516  11435553 20.488 100.868   13.16   3.6   0.1   0.7   0.0    373
  20070516  13181194 20.400 100.796   14.20   4.8   0.1   0.2   0.2    374
  20070516  15225905 20.435 100.845   13.86   4.2   0.1   0.2   0.1    375
  20070516  17085751 20.409 100.842   14.18   4.3   0.1   0.6   0.3    376
  20070516  17232462 20.373 100.921    8.15   3.2   0.1   0.0   0.0    377
  20070517  03254499 20.599 100.758   15.26   4.1   0.1   0.5   0.0    378
  20070518  00015731 20.495 100.877   14.98   3.8   0.1   0.2   0.1    379
  20070518  13051690 20.695 100.722   16.91   4.2   0.2   0.0   0.0    380
  20070519  19240605 20.465 100.879    8.58   3.1   0.1   0.0   0.0    381
  20070520  01212098 20.465 100.774    8.36   3.4   0.2   0.2   0.0    382
  20070521  21292897 20.479 100.883    8.41   3.4   0.1   0.0   0.0    383
  20070522  14252069 20.418 100.895   11.35   3.2   0.2   0.0   0.0    384
  20070522  18260059 20.436 100.862    6.85   3.8   0.1   0.0   0.0    385
  20070523  17062903 20.484 100.874   14.85   4.0   0.1   0.4   0.1    386
  20070524  11151767 20.469 100.848   10.05   3.9   0.1   0.1   0.1    387
  20070531  15442649 22.548 102.604   15.19   3.3   0.1   2.3   0.7    388
  20070602  21345736 23.126 100.994   17.17   5.7   0.1   0.4   0.5    389
  20070602  22274412 22.982 101.075   10.81   3.7   0.1   0.0   0.0    390
  20070603  00093600 23.021 101.093   11.48   4.2   0.2   0.1   0.2    392
  20070603  02490020 23.124 101.020    8.77   4.3   0.1   0.8   0.4    393
  20070603  16055536 23.082 101.002    4.16   3.6   0.3   0.0   0.0    394
  20070603  16361555 23.060 101.066    6.02   3.7   0.2   0.0   0.0    395
  20070604  11534136 23.061 100.993    7.78   3.8   0.1   0.5   0.2    396
  20070605  09355564 23.060 101.072   10.45   3.9   0.2   0.2   0.1    397
  20070605  10400328 23.075 101.016    1.79   3.6   0.2   0.1   0.1    398
  20070607  05311546 21.914 103.049    9.47   3.3   0.1   0.0   0.0    399
  20070607  17210765 20.524 100.818   17.07   5.0   0.1   0.3   0.4    400
  20070609  23282972 21.881 103.040    1.83   2.9   0.3   0.1   0.5    402
  20070618  18440810 20.390 100.939   12.43   2.6   0.2   0.0   0.0    404
  20070622  16524365 21.621 103.377    8.90   2.2   0.2   0.0   0.0    405
  20070623  06535259 21.522  99.842   12.94   4.5   0.1   1.7   0.4    406
  20070628  18525215 21.372  99.817   14.33   3.5   0.1   7.0   2.8    408
  20070717  03241549 25.008 106.923    5.33   4.5   0.1   2.8   1.1    409
  20070721  08471206 21.266 104.057   15.76   3.0   0.2   0.0   0.0    410
  20070726  07143727 20.667 103.061   21.59   2.8   0.1   0.4   0.2    411
  20070804  01241354 23.260 101.695    1.57   3.9   0.2   0.0   0.0    412
  20070809  19015290 25.181 106.964    7.75   4.2   0.2   3.7   0.4    413
  20070810  21275323 24.300 103.946    6.66   3.6   0.2   0.0   0.0    414
  20070815  17210919 24.274 103.917    4.31   3.3   0.2   0.0   0.0    415
  20070902  09063287 24.006 105.325   11.78   3.8   0.1   0.0   0.0    416
  20070906  18514583 23.343 105.603   11.48   4.2   0.1   0.0   0.0    417
  20070908  07125247 20.506 100.835   18.61   4.5   0.1   0.2   0.1    418
  20070909  16310754 24.330 104.003    7.49   3.0   0.2   0.0   0.0    419
  20070909  16355527 24.329 103.955    3.81   4.2   0.2   0.0   0.0    420
  20070910  21340818 24.324 103.940    3.92   3.1   0.1   0.0   0.1    421
  20070910  22021358 24.328 103.930    4.99   3.6   0.1   0.8   0.4    422
  20071016  06465646 20.515 100.829   13.04   4.3   0.1   0.4   0.2    424
  20071031  00514874 24.500 104.668   23.61   3.2   0.2   0.1   0.6    425
  20080205  18412852 22.949 105.457   13.80   2.3   0.2   0.0   0.0    427
  20080210  02414706 21.591 103.383   10.08   3.1   0.3   0.0   0.0    428
  20080216  20275933 21.393 102.954   10.22   2.6   0.1   0.0   0.0    429
  20080225  23015939 22.849 104.186   12.51   3.0   0.1   0.0   0.0    430
  20080429  19110737 21.059 107.789   18.49   2.4   0.2   0.2   0.0    432
  20080514  11453689 23.669 102.680    3.59   4.7   0.1   0.0   0.0    433
  20080514  11493152 23.713 102.560    1.74   3.5   0.1   3.2   1.5    434
  20080514  14163517 23.638 102.631    5.55   3.7   0.1   0.0   0.0    435
  20080615  23515479 24.200 107.332   15.41   3.8   0.2   0.1   0.0    436
  20080619  17210979 24.947 106.674   21.99   3.4   0.1   2.0   1.0    438
  20080807  19095578 20.957 104.570   17.12   3.0   0.1   1.5   0.1    439
  20080825  05411096 24.763 104.370    5.40   4.0   0.1   0.0   0.0    440
  20080901  22020040 22.898 103.466    9.95   2.6   0.3   5.0   2.4    441
  20080914  23374339 23.615 102.805    3.26   3.8   0.1   0.0   0.0    443
  20081002  17304780 20.383 104.639   20.21   2.0   0.2   0.5   0.3    444
  20081007  18293858 25.646 101.710    7.01   4.0   0.1   2.2   0.9    445
  20081008  02213844 23.515 101.991   11.54   4.1   0.1   0.6   0.2    446
  20081017  21374396 23.311 103.969    5.60   4.1   0.1   1.1   0.3    447
  20081018  17435928 23.426 103.710    6.72   2.7   0.1   0.0   0.0    448
  20081019  20580847 21.871 103.032   11.83   3.1   0.2   0.0   0.0    449
  20081116  16211285 21.682 103.422   17.96   2.3   0.2   0.3   1.4    450
  20081117  11044668 22.651 103.223   22.41   3.2   0.3   0.2   0.3    451
  20081129  08062818 20.644 101.009   21.45   4.2   0.1   0.2   0.1    452
  20081129  17094336 24.304 103.983    7.81   2.4   0.1   0.0   0.0    453
  20081202  00422453 23.710 103.285    4.58   3.4   0.2   0.0   0.0    454
  20081223  01203767 23.383 101.695    3.48   3.5   0.2   0.0   0.0    455
  20081225  18195453 24.889 102.965    2.16   3.9   0.1   0.6   0.5    456
  20081227  17333270 23.990 101.188    3.54   3.6   0.2   0.8   0.1    458
  20081229  19494963 22.479 102.332    5.41   3.4   0.1   0.0   0.0    459
  20090106  01294624 22.620 100.841   20.94   3.4   0.3   0.3   0.2    460
  20090120  04030223 22.168 101.350   12.60   3.8   0.1   0.2   0.2    461
  20090129  04383940 23.305 102.796   31.20   3.2   0.1   0.0   0.0    463
  20090201  04530282 21.921 102.283    6.45   3.3   0.1   0.0   0.0    464
  20090224  15200274 24.517 102.053    6.04   3.6   0.2   0.0   0.0    465
  20090307  07280725 22.880 104.117    7.69   3.8   0.1   0.5   0.3    466
  20090308  20280828 23.160 104.035   15.14   2.8   0.1   0.0   0.0    467
  20090309  21473445 23.019 104.187   18.94   2.6   0.2   0.0   0.2    468
  20090321  18313495 22.418 102.457   19.32   2.7   0.2   0.1   0.0    469
  20090327  14433402 22.267 102.688    8.26   3.6   0.1   0.0   0.0    470
  20090404  22035042 23.269 101.636    3.85   4.0   0.1   0.0   0.0    471
  20090404  22391235 23.275 101.856   13.08   2.7   0.3   0.3   0.1    472
  20090422  18463849 21.917 103.049   11.17   2.4   0.2   0.0   0.0    473
  20090427  22180967 23.422 102.476    8.31   3.2   0.1   0.0   0.0    474
  20090502  23221346 23.113 104.397   29.13   2.4   0.1   0.4   0.4    475
  20090505  17184857 23.775 103.351    2.69   3.1   0.1   0.1   0.1    476
  20090519  00024909 20.793 104.141   19.60   3.2   0.3   0.0   0.1    477
  20090522  07581097 20.547 100.817    8.80   3.7   0.1   0.0   0.0    478
  20090527  20385603 21.317 101.763    7.04   3.3   0.1   0.0   0.0    480
  20090528  08414481 21.431 101.665   12.26   3.6   0.1   0.4   0.1    481
  20090612  21011937 23.707 102.545    1.73   2.7   0.2   0.0   0.0    483
  20090613  05400612 23.687 102.519    9.60   3.7   0.1   0.1   0.0    484
  20090620  13043098 23.010 101.120   12.70   3.4   0.4   0.0   0.0    485
  20090620  22211497 23.052 100.992    5.64   3.7   0.1   0.1   0.2    486
  20090725  18280176 19.583 103.123   15.05   2.5   0.1   0.0   0.1    488
  20090809  14113719 21.681 101.899   13.93   3.0   0.2   0.5   0.3    489
  20090816  17571397 20.350 100.789    9.15   4.0   0.1   0.4   0.0    490
  20090819  02252663 22.328 102.604   17.98   3.6   0.1   0.1   0.0    491
  20090819  15470637 21.983 102.614   25.78   2.4   0.1   0.9   0.2    492
  20090906  18045245 22.216 101.175   10.42   3.3   0.1   0.0   0.0    494
  20090906  20491498 21.085 104.770   19.05   2.8   0.1   0.0   0.0    495
  20090921  15310148 22.908 103.555   16.23   2.0   0.1   0.5   0.4    498
  20091001  11505528 20.877 101.843    8.60   3.2   0.2   0.0   0.0    499
  20091005  16530799 22.152 101.786    8.41   4.1   0.1   0.0   0.0    501
  20091009  14561180 20.803 101.858    5.40   3.1   0.1   0.0   0.0    502
  20091014  01583618 20.770 101.889    5.59   4.0   0.2   0.0   0.0    503
  20091102  20275224 20.751 101.893    4.78   3.5   0.1   0.0   0.0    508
  20091110  07365351 20.707 101.917    7.43   4.0   0.1   0.0   0.0    510
  20091110  08014515 20.753 101.893    6.90   3.3   0.1   0.0   0.0    511
  20091110  12043852 20.839 101.886    2.29   2.8   0.3   0.6   0.0    512
  20091111  17273446 20.734 101.921    2.87   2.6   0.1   0.0   0.0    513
  20091119  12115397 23.102 100.949    7.60   4.0   0.2   0.0   0.0    515
  20091126  04465990 21.303 104.149    8.23   4.1   0.1   0.0   0.0    516
  20091126  04494429 21.328 104.155    2.82   2.5   0.1   0.6   0.2    517
  20091126  12015648 21.331 104.145   15.85   2.2   0.1   0.0   0.0    518
  20091126  13590197 21.345 104.176   15.76   3.6   0.1   0.1   0.1    519
  20091126  19521200 21.328 104.168   12.56   2.1   0.1   0.0   0.0    520
  20091204  16124824 20.702 101.939    5.93   2.7   0.2   0.0   0.0    521
  20091208  17330548 21.327 104.143   11.32   2.6   0.1   0.0   0.0    522
  20091211  03102013 22.737 103.821   17.38   2.5   0.1   0.7   1.2    523
  20091213  19083321 22.719 101.208    2.69   3.5   0.1   1.4   1.2    524
  20100101  00061906 21.307 104.148   21.33   2.2   0.1   0.2   0.2    526
  20100102  19033469 22.768 102.264   16.61   3.1   0.4   0.0   0.0    527
  20100210  19125261 25.324 105.501   10.98   2.7   0.3   0.3   0.0    532
  20100213  11025126 21.330 104.145    7.74   1.9   0.1   0.1   0.2    534
  20100217  00105469 23.378 106.584   14.06   2.8   0.1   0.2   0.9    536
  20100217  22164904 20.862 104.642   23.61   2.5   0.3   0.5   0.1    537
  20100223  14335845 20.893 104.689   11.80   2.0   0.1   0.0   0.1    539
  20100317  18095560 20.518 100.794    5.82   3.5   0.2   0.0   0.0    541
  20100319  19533605 21.448  99.891   18.34   4.8   0.1   7.9   0.8    542
  20100323  07290511 23.539 101.715   10.25   3.0   0.2   1.6   0.4    543
  20100323  11265311 21.550 104.059    3.34   1.8   0.4   0.2   0.5    544
  20100402  20262941 22.356 100.237    7.43   4.1   0.2   0.0   0.0    548
  20100406  15093059 20.410 104.923   31.87   2.2   0.1   0.7   1.8    549
  20100415  11233663 21.644 103.443    9.56   2.0   0.1   0.3   0.0    551
  20100502  14523915 23.102 105.067   20.32   2.3   0.1   0.1   0.0    553
  20100506  05594985 21.378 101.634    3.80   3.1   0.3   0.4   0.2    554
  20100511  19450461 21.412 101.641    1.83   4.0   0.4   0.1   0.0    555
  20100528  14533468 22.592 100.775    5.28   3.8   0.1   0.7   0.4    557
  20100618  20463590 19.693 102.813    5.24   3.0   0.2   0.0   0.0    559
  20100620  09184628 21.356 101.754    2.03   3.9   0.2   0.0   0.1    560
  20100620  17220947 21.353 101.760    4.38   3.4   0.1   0.0   0.0    561
  20100622  15545378 21.325 101.746    1.59   3.3   0.2   0.0   0.1    562
  20100622  21510183 21.386 101.725    4.52   3.2   0.1   0.4   0.7    563
  20100628  18102994 23.948 106.670    8.65   2.8   0.1   1.6   5.4    564
  20100705  19395767 20.855 107.027   10.73   3.2   0.1   0.1   0.1    565
  20100719  12094342 20.313 103.801    3.35   2.6   0.2   0.0   0.0    567
  20100808  03355592 22.991 104.173    8.96   3.2   0.1   0.0   0.0    568
  20100809  01333705 23.176 104.153    8.24   3.0   0.1   0.1   0.1    569
  20100815  08255789 23.497 104.105   13.29   3.4   0.1   0.0   0.0    570
  20100816  16043469 22.496 109.065   22.59   3.8   0.1   0.9   0.5    571
  20100918  10070446 25.030 106.656   10.65   4.3   0.1   0.1   0.0    572
  20100919  08581651 20.140 104.815    3.70   4.3   0.3   0.0   0.1    573
  20100922  06045708 20.216 104.904   16.54   2.9   0.2   0.0   0.0    574
  20100925  22120276 25.234 105.726   11.48   3.1   0.1   3.4   1.1    575
  20100929  20181812 20.215 104.915   16.85   2.9   0.1   0.0   0.0    576
  20100929  21511767 23.675 102.028    3.22   3.4   0.1   0.1   0.0    577
  20101002  02523116 21.997 101.777    7.01   3.8   0.3   2.5   0.6    578
  20101004  10453329 25.452 105.760    7.19   4.3   0.1   0.1   0.1    580
  20101005  05020920 23.956 106.131   14.05   3.5   0.1   0.5   0.3    583
  20101010  14505707 22.023 101.642    9.62   3.6   0.2   0.1   0.1    584
  20101019  20214834 18.965 105.286    4.18   4.0   0.1   0.0   0.0    586
  20101111  17210165 21.304 101.750    6.35   3.3   0.3   0.0   0.0    587
  20101126  20471576 20.227 104.899    9.16   2.5   0.2   0.0   0.0    590
  20101206  21050643 22.647 106.269   14.37   3.0   0.1   0.1   0.0    593
  20101208  14405382 21.821 103.547   11.36   2.1   0.3   0.0   0.0    594
  20101208  14422163 21.785 103.593    8.86   1.8   0.3   0.0   0.0    595
  20101210  18194008 23.422 103.155   11.89   2.6   0.2   0.0   0.0    596
  20101213  01502625 23.828 102.521   29.26   3.2   0.2   1.0   3.1    597
  20101221  16380918 20.980 105.657   21.62   2.4   0.1   0.0   0.0    599
  20101225  17404151 21.800 103.524   15.02   1.5   0.1   0.0   0.0    600
  20101227  22581183 22.438 105.061   21.93   2.5   0.1   0.5   0.2    601
  20101230  18501583 20.783 103.379    4.81   4.5   0.1   0.0   0.0    602
  20101230  21435896 20.760 103.373    8.73   3.4   0.1   0.0   0.0    603
  20110110  03575487 22.467 105.178   20.02   3.0   0.1   0.0   0.0    606
  20110123  15461781 23.087 101.666    2.85   4.1   0.2   0.1   0.8    609
  20110203  18011040 21.796 103.549    6.99   2.6   0.1   0.0   0.0    612
  20110203  20180678 21.780 103.543   10.97   1.1   0.1   0.0   0.0    613
  20110204  05580606 21.528 103.676   24.65   2.3   0.2   0.0   0.2    614
  20110223  15531411 18.773 101.724    4.59   4.5   0.1   0.1   0.1    618
  20110224  20042263 20.763 103.392    9.29   3.2   0.2   0.0   0.0    619
  20110303  22371433 23.739 103.233    7.03   3.7   0.2   0.0   0.0    622
  20110313  16340124 23.539 102.450    1.51   3.5   0.2   0.0   0.0    624
  20110317  18105548 22.850 104.140   10.42   3.1   0.1   0.1   0.0    625
  20110320  19410339 20.790 103.420    3.32   2.1   0.1   0.0   0.0    626
  20110323  21154978 21.596 103.641    5.60   1.9   0.1   0.0   0.0    627
  20110324  14235133 20.538  99.862    3.75   4.6   0.2   1.5   0.0    629
  20110324  17200905 20.658 100.178    7.28   4.4   0.1   0.0   0.0    630
  20110324  17290462 21.042 101.026    2.18   2.9   0.2   0.2   0.7    631
  20110324  17490886 20.459 100.166   13.89   3.1   0.4   0.0   0.1    633
  20110324  18101745 20.583 100.154    9.92   3.2   0.2   0.2   0.2    634
  20110324  18330555 20.809 100.019    0.95   3.1   0.1   0.1   0.0    635
  20110324  18590708 20.632 100.062    1.64   3.3   0.3   0.1   0.0    636
  20110324  21035225 20.533 100.018   11.97   3.5   0.2   0.1   0.0    638
  20110324  23171621 20.642 100.110    3.84   3.7   0.2   0.0   0.0    640
  20110324  23350440 20.375 100.117   11.78   3.4   0.2   1.5   0.0    641
  20110325  00355366 20.418 100.025    9.35   3.9   0.2   0.0   0.0    642
  20110325  03260027 20.432 100.032    7.69   4.1   0.2   0.1   0.1    643
  20110325  05292075 20.398 100.114    7.88   3.5   0.2   0.8   0.0    644
  20110325  06303747 20.703 100.113    2.13   4.2   0.1   0.0   0.1    645
  20110325  20464032 20.491  99.952    7.81   3.3   0.2   1.0   1.8    647
  20110325  22372261 20.499  99.958   11.66   3.9   0.2   1.8   0.1    648
  20110326  05572953 20.546 100.233    9.84   5.2   0.1   0.5   1.0    649
  20110327  03435099 23.383 104.117   11.84   3.3   0.1   0.0   0.0    651
  20110328  20472576 20.628 100.214    2.24   3.7   0.2   0.0   0.2    653
  20110401  16054702 21.500 103.993    4.34   2.2   0.1   0.0   0.0    655
  20110401  20421342 20.672 100.300    8.69   2.9   0.2   0.6   0.3    656
  20110405  19080424 20.434 100.256   13.69   2.9   0.2   0.0   0.0    657
  20110405  22134770 19.899 100.571    8.97   3.4   0.3   0.4   0.9    658
  20110407  18353737 21.049 101.011   17.34   3.8   0.1   0.0   0.0    660
  20110420  04113259 20.478 100.201   10.59   3.8   0.3   0.5   0.7    662
  20110425  10304694 22.000 103.417    5.26   2.9   0.1   0.1   0.2    665
  20110426  16244554 20.496 100.325   24.62   2.9   0.4   0.0   0.1    666
  20110428  06203794 22.041 103.391   17.28   2.3   0.2   0.0   0.1    667
  20110507  13015594 20.744 103.107    6.05   3.8   0.1   0.0   0.0    668
  20110519  05072957 21.032 106.771   27.49   2.1   0.1   0.7   1.7    669
  20110521  20311729 22.854 103.675   12.95   3.9   0.1   0.0   0.0    670
  20110522  16124632 22.796 103.726   13.78   2.6   0.2   0.0   0.0    672
  20110524  00025705 22.802 103.683   23.61   3.0   0.1   0.3   0.1    673
  20110615  02030554 21.627 103.707   11.64   2.4   0.1   0.0   0.1    674
  20110620  20334829 21.600 103.972    6.13   1.7   0.1   0.0   0.0    675
  20110629  08263827 20.791 103.417    3.86   3.3   0.1   0.0   0.0    677
  20110709  03130350 22.019 103.448   31.72   2.9   0.2   2.4   2.9    678
  20110714  08170951 23.698 103.210    7.99   3.6   0.3   0.7   0.3    679
  20110728  11034804 21.487 105.160   11.58   2.7   0.2   0.0   0.1    680
  20110731  02225613 21.547 103.677   14.68   2.6   0.1   0.0   0.0    681
  20110731  18305365 21.565 103.673   11.88   1.9   0.1   0.0   0.0    682
  20110803  06062155 21.572 103.681   18.71   3.0   0.1   0.0   0.4    683
  20110804  16393363 21.556 103.680   31.11   2.5   0.3   0.7   0.3    684
  20110818  01411740 21.797 103.557    4.60   3.0   0.2   0.0   0.1    687
  20110819  09011506 21.565 101.506    8.12   2.9   0.2   0.2   0.1    688
  20110901  15544083 21.613 103.365   13.56   2.7   0.1   0.0   0.0    691
  20110907  15353439 22.897 100.626   13.87   2.8   0.1   0.1   0.1    692
  20110919  02142352 21.554 103.639   28.50   2.3   0.1   0.5   0.1    693
  20110921  12100265 21.797 103.651   21.40   2.7   0.2   0.4   0.1    694
  20111002  12533713 21.024 104.483   14.91   2.9   0.1   0.0   0.0    696
  20111011  20281999 21.517 104.016   10.24   1.6   0.1   0.0   0.0    697
  20111012  04321650 22.937 104.243    9.60   3.4   0.1   0.0   0.0    698
  20111015  04272644 22.114 103.420   29.15   2.5   0.2   0.3   0.4    699
  20111020  12483829 21.559 103.973    6.10   2.5   0.0   0.1   0.1    701
  20111020  12573378 21.445 104.002   34.53   1.9   0.6   0.2   1.9    702
  20111020  14464918 21.557 103.984    7.41   2.0   0.1   0.0   0.0    703
  20111020  17553542 21.549 103.987   10.44   2.1   0.1   0.0   0.0    704
  20111025  09341849 21.552 103.949    9.38   2.0   0.2   0.0   0.1    705
  20111026  14033305 21.790 103.604   17.46   2.0   0.1   0.1   0.6    708
  20111026  19103678 22.038 103.372   21.72   2.9   0.2   0.3   0.1    709
  20111026  19552060 22.015 103.331    2.33   2.5   0.2   0.7   4.4    710
  20111028  20323801 21.527 103.980   20.78   2.2   0.1   0.0   0.0    712
  20111101  19211783 21.563 103.977    7.29   2.0   0.1   0.0   0.0    715
  20111102  11330103 22.307 100.647    7.70   3.5   0.2   0.3   0.1    716
  20111105  20442482 25.403 105.747    1.86   4.2   0.1   3.1   1.7    717
  20111106  23255531 20.031 105.572   13.92   2.7   0.1   0.0   0.0    718
  20111110  10521585 21.534 103.973   20.83   2.6   0.0   0.0   0.1    719
  20111113  21033980 21.537 103.976   20.39   2.4   0.0   0.0   0.0    720
  20111116  04025140 21.358 104.198    5.82   1.6   0.0   0.0   0.0    721
  20111118  15273253 21.565 103.998    4.02   0.6   0.1   0.0   0.1    723
  20111121  03365631 21.365 104.199    2.00   1.3   0.1   0.1   0.3    726
  20111121  21075193 21.562 103.298    9.55   2.0   0.1   0.0   0.3    727
  20111122  13464962 21.563 103.985    5.04   1.5   0.1   0.0   0.0    728
  20111122  14173528 21.551 103.987    2.49   1.7   0.1   0.0   0.3    730
  20111122  22503441 21.619 103.938    2.49   1.2   0.1   0.0   0.0    731
  20111123  06334889 21.850 103.862    7.63   1.4   0.1   0.0   0.3    732
  20111123  14173014 21.655 103.720    4.31   1.0   0.1   0.0   0.1    734
  20111201  00580850 21.631 103.640    4.21   1.3   0.1   0.0   0.6    738
  20111201  14521099 23.675 103.286   13.23   3.0   0.4   3.4   1.2    739
  20111203  15402671 21.700 103.633    2.27   1.8   0.1   0.0   0.4    740
  20111214  20582924 22.175 103.406   21.26   2.0   0.2   0.0   0.0    744
  20111216  04150380 21.480 104.017    3.53   1.3   0.1   0.0   0.1    745
  20111216  20451394 21.618 103.942    2.90   1.0   0.1   0.0   0.0    746
  20111219  10210388 21.653 103.626   11.56   2.4   0.1   0.1   0.3    748
  20111219  13583653 21.849 103.519   24.47   1.9   0.2   0.0   0.1    749
  20111219  14062055 21.780 103.515   24.91   1.2   0.2   0.7   0.9    750
  20111219  17012964 21.626 103.633    6.63   1.8   0.1   0.0   0.0    751
  20111220  11152693 21.664 103.717    2.28   1.6   0.1   0.0   0.2    752
  20111224  05380214 21.839 103.852   11.17   1.2   0.1   0.1   1.2    753
  20111225  21390179 21.800 103.532   12.86   1.8   0.1   0.0   0.0    754
  20111226  20164273 21.620 103.941   12.04   1.2   0.1   0.0   0.0    755
  20111227  10352766 21.575 104.003   10.99   1.5   0.1   0.0   0.0    760
  20111227  22122681 21.598 103.652    3.20   1.1   0.1   0.0   0.3    761
  20111228  05483512 22.055 100.565   12.46   3.4   0.1   1.0   0.4    763
  20111228  17101775 21.233 101.797   11.19   2.6   0.2   0.6   0.2    764
  20111229  20302491 21.553 103.986    3.54   1.5   0.1   0.0   0.2    765
  20111229  20362015 21.570 103.984    6.64   0.8   0.1   0.0   0.0    766
  20111230  04453929 21.564 103.985    6.58   1.8   0.1   0.0   0.0    767
  20111230  05435172 21.555 103.987    5.53   1.3   0.1   0.0   0.1    768
  20111230  16224366 21.567 103.991    4.72   0.8   0.1   0.0   0.1    769
  20111230  18122051 21.690 103.569    9.01   1.5   0.1   0.0   0.1    770
  20120105  18031811 21.561 103.986    5.80   1.7   0.1   0.0   0.0    771
  20120105  18293419 21.562 103.992    5.24   1.1   0.1   0.0   0.1    772
  20120106  17565434 21.632 103.933    3.21   0.7   0.1   0.0   0.0    773
  20120108  05070634 21.821 103.871   22.52   1.6   0.1   0.0   0.0    775
  20120108  22431952 21.574 103.984    5.84   0.7   0.1   0.0   0.0    777
  20120109  09240001 21.643 103.721    6.65   2.1   0.1   0.0   0.0    778
  20120113  10144108 21.843 103.860   10.30   1.4   0.1   0.0   0.1    780
  20120113  22175560 21.690 103.629    1.06   1.2   0.1   0.2   0.5    781
  20120121  11542464 21.623 103.646   14.00   3.3   0.1   0.0   0.2    785
  20120125  02582064 21.618 103.648   15.19   2.9   0.1   0.0   0.1    786
  20120126  14431815 21.612 103.655    2.87   1.4   0.1   0.0   0.0    787
  20120130  21131660 21.379 103.913   10.71   1.8   0.1   0.0   0.0    789
  20120131  06311725 21.479 104.010    3.44   1.9   0.1   0.0   0.0    791
  20120203  11041543 21.318 104.029    9.04   1.6   0.2   0.0   0.0    795
  20120205  02281810 21.967 103.458    4.22   2.4   0.1   0.5   9.7    797
  20120207  16353768 21.973 103.425   26.21   2.7   0.2   0.5   1.2    799
  20120208  05545621 21.499 103.988    3.91   1.7   0.1   0.0   0.0    800
  20120210  15083571 20.689 100.337    3.54   3.1   0.3   0.1   0.1    803
  20120211  09220261 22.132 103.406   32.85   2.9   0.2   0.0   0.0    804
  20120211  17062834 21.715 103.627    2.30   1.9   0.1   0.0   0.2    805
  20120213  22161501 21.844 103.451   23.00   1.9   0.1   0.0   0.0    806
  20120219  10332801 21.394 104.173    3.69   1.5   0.2   0.1   0.4    809
  20120220  09123081 22.665 103.891   12.48   2.6   0.1   7.4   3.4    810
  20120222  12364736 24.224 102.587    6.41   3.6   0.2   1.8   1.2    811
  20120226  20415778 21.660 103.633    3.58   1.9   0.1   0.0   0.1    813
  20120301  14561972 21.492 104.001    4.32   1.2   0.1   0.0   0.0    815
  20120303  04332593 21.370 103.740   11.11   1.0   0.2   0.1   0.1    816
  20120304  01242061 23.964 103.357    6.48   3.8   0.1   0.0   0.0    817
  20120304  03021294 21.305 104.230   14.03   1.3   0.1   0.0   0.1    818
  20120305  19524296 20.872 104.612   27.29   2.0   0.3   0.0   0.1    819
  20120306  11265407 21.930 103.451   13.92   2.3   0.1   0.0   0.2    820
  20120307  05134713 21.936 103.436    6.20   1.9   0.1   0.3   1.3    821
  20120316  01364576 21.481 104.004    3.72   1.8   0.1   0.0   0.0    825
  20120321  02434173 21.631 103.643    4.79   1.4   0.1   0.0   0.3    826
  20120404  21440115 21.594 103.835    8.37   1.7   0.0   0.0   0.0    827
  20120405  01064032 21.490 104.000    4.43   2.2   0.1   0.0   0.0    828
  20120406  05323828 21.868 103.863    6.73   1.6   0.1   0.0   0.1    829
  20120406  09293487 21.557 103.992    4.76   1.5   0.1   0.0   0.1    830
  20120407  10260308 21.085 102.616   16.65   2.7   0.1   0.0   0.0    831
  20120408  02043184 21.503 104.000    4.47   1.2   0.1   0.0   0.1    832
  20120408  02515848 21.496 104.001    3.66   1.4   0.1   0.0   0.0    833
  20120408  06532210 21.508 104.003    6.68   1.3   0.1   0.0   0.0    834
  20120410  00210107 21.500 104.015    6.61   1.3   0.1   0.0   0.1    835
  20120410  00480196 21.498 104.017    6.81   1.7   0.1   0.0   0.1    836
  20120410  04300916 21.492 104.007    5.55   1.8   0.1   0.0   0.1    837
  20120410  05444015 21.499 103.998    5.32   2.0   0.1   0.0   0.0    838
  20120412  14251290 21.490 104.005    4.69   1.7   0.1   0.0   0.0    839
  20120412  22510159 21.503 103.994    4.01   1.8   0.1   0.0   0.0    840
  20120413  01440915 21.486 104.007    4.31   1.5   0.1   0.0   0.2    841
  20120414  23271677 23.717 103.229    7.50   3.0   0.1   0.0   0.0    842
  20120423  16164654 21.704 103.633    5.36   1.2   0.1   0.6   8.5    843
  20120424  12013779 21.573 103.981    4.84   1.2   0.1   0.0   0.0    844
  20120425  11273313 21.949 103.421   21.03   2.5   0.1   0.0   0.1    845
  20120508  18504631 22.391 102.318    7.37   4.1   0.2   0.0   0.0    848
  20120512  07260824 21.506 104.031   22.17   2.7   0.2   0.1   0.2    849
  20120514  17570946 22.705 100.363    7.60   4.1   0.3   0.1   0.2    850
  20120527  07060899 20.855 103.407   21.40   3.0   0.1   0.1   0.1    852
  20120601  18512030 20.785 103.395    5.79   1.8   0.1   0.2   2.7    853
  20120617  20333656 20.731 103.156   15.25   2.6   0.2   0.0   0.0    856
  20120627  22055299 21.567 103.986    2.33   1.4   0.1   0.0   0.3    857
  20120704  06473697 21.567 103.933    4.79   1.8   0.1   0.0   0.0    858
  20120711  09594535 21.483 104.003    8.00   2.0   0.1   0.0   0.0    859
  20120727  18180166 21.670 103.391   17.67   2.2   0.1   0.1   0.2    860
  20120730  03430576 21.569 103.651    9.36   2.6   0.2   0.3   0.5    861
  20120804  22105194 21.572 103.947    5.95   1.5   0.1   0.0   0.0    862
  20120819  10104813 21.791 103.529   20.36   2.7   0.2   0.0   0.2    864
  20120901  07014380 21.590 103.965    3.19   1.6   0.0   0.0   0.0    865
  20120904  15093095 23.077 103.435    6.82   3.1   0.1   0.0   0.0    866
  20120911  09003271 22.809 106.165   14.11   3.1   0.3   0.0   0.0    867
  20120917  23283361 23.370 100.075    4.28   3.8   0.1   1.3   1.4    868
  20120920  19141584 23.277 103.988    2.73   3.2   0.2   0.3   0.3    869
  20120922  14460591 22.865 103.857   15.19   2.4   0.2   0.0   0.0    870
  20120923  15325396 22.769 103.054   16.16   2.7   0.3   0.9   0.1    871
  20121003  03184159 20.930 107.014    9.10   4.4   0.1   0.0   0.0    875
  20121010  02224479 23.643 103.292    4.78   2.9   0.1   0.0   0.0    877
  20121024  11431079 23.523 103.359   16.19   2.4   0.1   0.5   0.2    880
  20121101  18014627 21.520 104.011   14.84   2.5   0.2   0.0   0.0    881
  20121104  19422539 21.646 104.196    7.05   1.8   0.1   0.0   0.1    882
  20121105  22050735 21.479 103.979   15.67   2.3   0.2   0.0   0.1    883
  20121106  20144559 21.272 104.263   20.34   2.0   0.1   0.0   0.0    884
  20121107  18420406 20.950 106.949   12.21   3.7   0.1   0.3   0.2    885
  20121130  09401245 18.533 104.549    5.00   3.7   0.2   0.1   0.1    887
  20130113  07453412 20.974 107.174   31.49   1.9   0.0   2.0   0.8    889
  20130116  04424426 21.517 106.220    0.94   1.5   0.1   0.7   0.0    890
  20130117  10113205 20.620 106.961    7.69   2.8   0.0   0.0   0.0    891
  20130119  12383237 20.204 104.883    8.81   2.7   0.1   0.0   0.0    892
  20130120  08430673 20.998 107.102   26.96   2.3   0.1   1.9   0.5    893
  20130121  08193875 21.186 102.893   18.00   3.1   0.1   0.0   0.0    896
  20130124  08134886 20.880 107.452   17.60   2.6   0.1   3.2   1.1    897
  20130201  05275840 20.796 106.971   11.48   2.2   0.1   0.0   0.3    900
  20130206  07583528 22.289 106.010   31.74   2.4   0.1   0.3   0.1    903
  20130206  08080598 20.928 107.355   23.45   2.8   0.0   2.6   1.0    904
  20130207  01074792 21.869 107.330    7.51   2.1   0.1   1.2   0.3    905
  20130219  19211435 23.844 107.404   13.31   4.5   0.1   0.2   0.1    908
  20130220  05015736 23.200 101.587   14.01   4.4   0.3   0.0   0.0    909
  20130222  08145450 20.914 107.386    0.63   2.6   0.1   0.4   1.6    910
  20130224  23572660 21.970 103.456   20.88   3.2   0.3   0.2   0.1    911
  20130310  07591965 20.496 101.844   15.38   3.1   0.2   0.0   0.0    918
  20130319  01471151 23.140 100.988    1.74   3.8   0.1   0.0   0.0    921
  20130319  03470332 23.167 100.985    7.46   3.6   0.1   0.0   0.0    922
  20130319  04292100 21.835 106.738    6.99   1.4   0.1   2.5   1.7    923
  20130322  00095421 23.111 100.974    1.24   3.7   0.2   0.0   0.0    925
  20130323  08091760 20.943 107.375    5.50   2.6   0.1   0.2   0.4    926
  20130326  08141558 20.716 107.542   14.41   2.9   0.0   3.4   1.0    927
  20130327  21242117 21.883 107.202   19.36   2.2   0.1   1.0   0.3    928
  20130414  11125148 21.823 106.746    3.11   1.5   0.1   2.1   3.3    932
  20130421  01295735 23.363 101.653   21.56   3.9   0.1   0.2   0.2    935
  20130426  08185712 20.973 107.322    6.63   2.5   0.1   0.1   1.0    937
  20130504  08152342 20.959 107.368   13.33   2.6   0.0   5.2   0.1    939
  20130528  18311475 24.016 100.053    6.33   3.4   0.1   0.0   0.0    942
  20130726  02230708 21.286 102.378   16.36   3.1   0.2   0.1   0.0    944
  20130809  19161588 20.757 104.884   15.85   2.8   0.1   0.1   0.1    945
  20130922  09592868 21.517 100.635    2.63   4.1   0.1   0.0   0.0    946
  20130923  23184769 21.542 100.577   13.49   3.6   0.2   0.3   0.5    947
  20131001  21405350 20.740 100.157   13.93   2.3   0.3   0.5   0.1    950
  20131005  04193159 21.840 106.801    0.78   2.0   0.1   0.9   1.9    951
  20131006  05135979 21.609 106.452   11.54   1.2   0.0   1.0   0.7    952
  20131009  08525945 21.043 107.227    1.85   2.5   0.1   0.4   1.1    954
  20131012  20480947 22.263 102.549   20.14   2.8   0.2   1.1   0.3    957
  20131021  15100453 20.907 103.818   12.78   3.7   0.2   0.0   0.0    962
  20131104  10411009 21.957 106.726   11.75   1.7   0.1   2.6   0.5    967
  20131107  04032023 21.861 106.820    9.48   1.2   0.1   0.3   0.2    970
  20131112  15521745 19.891 101.661    7.00   2.1   0.2   0.0   0.0    971
  20131115  10082155 21.952 106.840   24.24   1.5   0.1   1.7   0.0    973
  20131121  04014805 22.182 106.713   10.07   2.0   0.2   3.6   4.0    975
  20131204  03542336 21.874 106.858   13.96   1.7   0.1   3.0   5.6    981
  20131207  10202866 21.925 106.941   24.25   1.6   0.1   4.6   0.6    984
  20131219  09173120 21.874 106.777    8.95   1.4   0.1   6.3   3.9    987
  20131226  12202296 21.932 103.777    9.75   2.5   0.0   0.1   0.5    989
  20140101  02370946 22.013 106.685    5.39   1.1   0.1   0.3   0.2    991
  20140108  00001402 21.415 101.972   13.84   2.9   0.1   0.1   0.0    993
  20140111  05560631 20.865 103.827    9.75   3.2   0.2   0.0   0.0    994
  20140128  00431791 22.602 103.285   15.62   2.6   0.1   0.0   0.0    996
  20140128  05515794 23.186 106.247   10.70   2.2   0.1   0.2   0.1    997
  20140128  12015962 22.550 101.217   12.20   4.4   0.1   0.0   0.0    998
  20140205  06305992 21.518 103.192   15.39   2.4   0.3   0.1   0.0    999
  20140209  11365768 21.460 103.239   11.28   2.9   0.1   0.0   0.0   1006
  20140209  19383045 21.458 103.221   17.26   1.6   0.2   0.0   0.0   1007
  20140210  08135049 21.064 107.250   26.91   2.6   0.1   0.4   0.7   1008
  20140210  08414783 21.027 107.217    6.94   2.7   0.1   0.1   0.1   1009
  20140210  08435872 21.019 107.218   13.09   2.4   0.0   0.0   0.1   1010
  20140211  07355138 21.051 107.131   14.19   2.4   0.1   0.0   0.4   1012
  20140212  08525003 21.063 107.181   17.30   2.6   0.1   0.1   0.1   1020
  20140213  08234764 20.992 107.301   20.86   2.7   0.2   0.2   0.7   1021
  20140214  08235812 20.980 107.266   30.93   2.7   0.1   0.2   0.0   1024
  20140218  08510896 21.068 107.141   22.10   2.0   0.2   0.2   0.1   1043
  20140220  10093632 22.036 106.689   10.90   1.2   0.1   0.2   0.1   1051
  20140220  15232502 21.470 103.983    2.24   1.8   0.1   0.0   0.9   1052
  20140221  08411620 20.977 107.355   15.63   2.3   0.1   0.8   1.1   1054
  20140221  11135260 21.814 107.611    7.09   1.9   0.1   0.9   0.3   1057
  20140222  04014924 20.404 105.848   16.34   1.9   0.2   0.0   0.1   1058
  20140226  19364955 22.980 105.422   11.08   2.5   0.1   0.1   5.6   1067
  20140227  09221513 21.901 106.745    9.25   1.4   0.1   4.2   1.1   1068
  20140302  04172156 21.883 106.685    6.55   1.4   0.0   0.2   0.2   1070
  20140303  02165542 22.018 103.394   12.80   2.8   0.2   0.0   0.0   1072
  20140307  08002036 21.511 103.944   12.93   3.0   0.1   0.0   0.0   1074
  20140318  07491440 21.860 106.797    7.64   1.3   0.1   3.3   3.9   1077
  20140318  10241040 20.953 107.335   29.99   1.7   0.1   1.4   2.9   1081
  20140320  04085025 21.906 106.763   12.62   1.8   0.0   0.1   0.1   1084
  20140321  04013279 21.881 106.778   10.51   1.8   0.0   0.2   0.2   1091
  20140324  02425324 20.858 105.027    8.95   1.8   0.0   1.2   6.6   1093
  20140325  08443858 21.844 106.805    2.77   1.5   0.1   0.8   1.9   1096
  20140326  05244158 21.582 106.472    8.65   1.2   0.0   0.0   0.0   1098
  20140327  07345651 22.029 106.701   12.81   1.1   0.1   2.7   2.1   1103
  20140331  00552561 21.880 106.786   11.70   1.8   0.1   2.9   2.6   1107
  20140402  23085774 21.885 106.778   11.56   1.7   0.0   1.4   1.0   1111
  20140404  09165573 21.663 106.411   12.06   1.3   0.1   0.2   0.0   1113
  20140404  17203988 20.645 105.073    3.99   0.9   0.1   0.0   0.1   1114
  20140409  04251312 21.888 106.686    6.46   1.4   0.0   0.2   0.3   1119
  20140413  18374153 22.152 105.748    1.23   2.1   0.1   1.1  11.5   1122
  20140414  05272223 21.627 106.438   11.60   1.5   0.0   1.2   0.6   1124
  20140414  21013507 23.179 103.009    7.95   2.7   0.1   0.0   0.0   1125
  20140416  07560715 21.643 106.416   11.92   1.4   0.1   3.5   1.3   1127
  20140417  03570843 21.864 106.790    9.01   1.9   0.1   9.1   0.3   1130
  20140419  18353900 24.345 103.990    5.27   3.9   0.1   0.0   0.0   1131
  20140421  21151504 19.925 105.220   31.39   2.2   0.1   0.1   0.0   1133
  20140422  10132381 21.877 106.752    7.52   1.3   0.1   7.6   6.0   1134
  20140425  10085554 20.466 105.212    9.24   1.9   0.1   1.9  15.0   1136
  20140501  18085098 21.622 100.988   12.46   3.9   0.1   0.0   0.0   1140
  20140505  21281940 20.221 104.895   30.02   2.0   0.2   0.1   0.0   1143
  20140506  05195458 21.645 106.433    8.04   1.0   0.1   3.0   0.3   1144
  20140520  06070196 21.388 102.978   15.26   3.1   0.2   0.0   0.0   1147
  20140521  05135885 21.598 106.458    9.83   1.5   0.0   0.1   0.0   1148
  20140606  21142566 20.805 103.409    9.12   3.0   0.1   0.0   0.0   1150
  20140615  21264840 22.245 101.941   18.80   2.6   0.2   2.9   0.3   1151
  20140624  19545946 21.721 103.582   11.67   2.5   0.1   0.0   0.0   1152
  20140626  12441140 21.297 102.920   12.06   4.0   0.2   0.0   0.0   1153
  20140629  04511298 22.666 102.343   11.43   3.9   0.1   0.0   0.0   1154
  20140719  12145743 21.574 103.996    7.71   4.4   0.1   1.8   0.7   1155
  20140719  13234654 21.504 103.959   22.61   2.4   0.1   0.0   0.0   1156
  20140719  14421622 21.593 103.982   14.67   3.2   0.1   0.0   0.0   1157
  20140719  15253971 21.614 103.992    6.67   2.7   0.1   0.0   0.0   1158
  20140722  11113932 21.011 104.757   12.41   3.3   0.1   0.0   0.0   1159
  20140724  21514904 21.527 103.951   14.98   2.8   0.1   0.0   0.0   1160
  20140810  21413329 21.516 104.021    9.83   3.0   0.2   0.0   0.0   1161
  20140812  15220497 21.549 103.958    5.97   2.9   0.2   0.0   0.0   1162
  20140819  23501736 21.614 103.938    4.10   4.1   0.2   0.0   0.0   1163
  20140820  00004345 21.467 103.935   22.32   2.8   0.1   0.4   0.0   1164
  20140820  08052373 21.578 103.989   22.52   3.0   0.1   0.2   0.0   1165
  20140820  16421734 24.926 102.160    7.47   3.6   0.2   0.1   0.0   1166
  20140827  10451105 23.000 101.006    5.80   4.4   0.2   0.9   0.6   1167
  20141007  13494142 23.388 100.457   19.66   6.6   0.1   0.0   0.0   1170
  20141118  18421835 22.862 102.023   10.48   3.5   0.1   0.0   0.0   1172
  20141205  18434531 23.328 100.452   10.97   5.2   0.2   0.0   0.0   1173
  20141206  10200013 23.347 100.498    6.49   5.4   0.2   1.9   1.9   1174
  20150106  22270057 20.243 104.900    9.32   2.8   0.2   0.0   0.0   1175
  20150217  11530385 20.932 104.833    6.54   3.5   0.1   0.0   0.0   1176
  20150314  22064240 20.655 104.904   13.74   2.5   0.2   0.0   0.0   1178
  20150625  23301981 23.259 103.199   13.51   3.1   0.1   0.1   0.1   1179
  20150628  13051329 20.266 102.544   11.01   3.5   0.2   0.0   0.0   1180
  20150629  01122900 20.314 102.442    5.14   3.7   0.3   0.0   0.2   1181
  20150629  13025512 22.696 102.661   13.00   2.5   0.1   0.4   0.2   1182
  20150701  20003415 23.007 103.455    2.95   3.4   0.2   0.0   0.3   1183
  20150703  10314722 23.055 103.402    9.08   3.4   0.3   0.0   0.1   1185
  20150727  19184609 23.215 103.470    2.33   3.0   0.3   0.6   0.3   1186
  20150814  02145848 19.684 103.228    6.64   3.6   0.3   0.0   0.0   1188
  20150913  09434598 23.001 103.551    3.77   3.6   0.1   0.0   0.0   1189
  20150914  20435635 22.957 103.549    8.47   3.2   0.2   0.1   0.0   1190
  20150917  13393743 21.668 103.473   11.99   2.7   0.1   0.0   0.0   1191
  20150919  10210284 21.362 103.819    7.08   3.0   0.3   0.0   0.0   1192
  20150920  16220213 21.601 103.624   14.43   2.7   0.2   0.4   1.4   1193
  20150924  01392446 21.629 103.659   13.51   2.9   0.1   0.0   0.0   1195
  20151007  15143247 20.938 104.857   17.90   3.3   0.2   0.3   0.0   1196
  20151102  18433366 22.724 101.961    9.05   4.2   0.1   0.2   0.1   1197
  20151207  21384445 22.514 100.534   21.68   3.7   0.3   0.2   0.1   1198
  20151208  23115327 21.916 102.192    7.75   2.7   0.2   0.0   0.0   1199
  20151214  08045124 22.521 102.579   25.45   3.3   0.2   0.8   0.8   1200
  20151228  06290372 21.827 103.556   10.67   3.5   0.1   0.0   0.0   1201
  20160103  16323162 21.668 103.464   10.09   2.6   0.1   0.2   0.1   1203
  20160121  13481585 21.193 102.755   18.12   4.1   0.1   0.1   0.0   1204
  20160213  17293450 23.072 101.899    6.57   3.3   0.1   0.0   0.0   1205
  20160304  12571905 22.523 102.284    2.18   2.6   0.1   2.8   8.5   1206
  20160305  11202270 21.716 101.333    5.90   4.9   0.2   0.7   0.9   1207
  20160307  01244211 22.519 102.040   11.68   4.8   0.2   0.1   0.1   1208
  20160422  23005685 21.936 102.277    6.99   4.7   0.1   0.0   0.0   1209
  20160424  18190826 22.134 102.225    0.97   3.7   0.3   0.6   0.4   1210
  20160516  13062793 21.959 102.291   17.10   4.2   0.1   0.1   0.0   1211
  20161027  10124632 20.293 104.476   22.56   4.1   0.2   0.0   0.0   1213
  20161202  20040104 21.258 104.093    5.39   2.7   0.1   0.0   0.0   1214
  20161208  16434411 22.634 101.996   13.03   4.2   0.1   0.2   0.1   1215
  20161216  01094058 21.928 103.113   28.56   2.9   0.2   0.1   0.1   1216
  20170304  05422406 20.716 101.793   12.64   2.9   0.1   0.0   0.0   1217
  20170421  14413429 20.734 105.047   11.85   3.5   0.2   0.1   0.0   1218
  20170423  13564615 21.135 103.352    7.75   2.0   0.1   0.2   2.0   1219
  20170824  07374675 21.401 103.293    8.64   3.2   0.1   0.0   0.0   1221
  20170927  20543086 20.922 105.216    7.60   2.4   0.1   0.0   0.0   1222
  20171023  04410051 20.935 101.954   11.11   3.9   0.2   0.0   0.0   1223
  20171225  08015558 21.475 102.933   22.54   3.4   0.2   0.3   0.1   1225
  20180107  20141931 21.363 103.287    6.68   4.0   0.1   0.0   0.0   1229
  20180108  23212255 21.402 103.262    6.87   4.9   0.1   0.0   0.0   1231
  20180109  13310143 22.010 102.222    7.40   3.5   0.1   0.1   0.1   1232
  20180114  15165979 21.351 103.323   14.12   3.1   0.2   0.0   0.0   1235
  20180118  00001478 22.035 101.096   11.02   3.4   0.1   0.0   0.0   1236
  20180125  04502273 22.502 103.866   13.55   1.9   0.2   0.0   0.2   1238
  20180127  23131777 21.614 102.429   16.51   2.6   0.1   0.0   0.0   1239
  20180202  03531093 21.962 102.306   14.68   3.0   0.2   0.0   0.0   1240
  20180202  21321580 23.050 101.885   10.00   2.9   0.1   0.1   0.1   1241
  20180203  04555722 22.600 103.840    3.67   1.9   0.1   0.0   0.1   1242
  20180208  22013930 20.742 103.389   22.03   2.2   0.2   0.1   0.2   1243
  20180209  12493926 21.401 103.284    6.50   3.9   0.2   0.5   0.4   1244
  20180209  14580483 22.300 100.897   11.92   5.0   0.1   0.2   0.0   1245
  20180218  17500906 21.908 103.799   27.57   1.5   0.2   0.2   1.1   1247
  20180220  14095661 24.487 100.857    0.59   4.2   0.1   0.0   0.0   1248
  20180222  15391648 22.246 101.825   13.46   2.7   0.1   0.0   0.0   1249
  20180228  17233631 23.207 103.020   10.48   3.2   0.1   0.0   0.0   1250
  20180312  20083234 19.911 105.228    5.19   2.9   0.2   0.0   0.0   1252
  20180313  04474653 22.510 103.902    9.58   2.0   0.4   0.1   7.1   1253
  20180318  20535439 21.718 104.252   17.60   1.8   0.1   0.0   0.0   1254
  20180326  04395660 21.574 103.935   25.03   2.6   0.2   0.0   0.2   1255
  20180415  11335998 20.710 103.074    3.70   3.1   0.1   0.1   0.2   1256
  20200727  05144822 20.924 104.699   10.55   5.1   0.1   0.0   0.0   1262
  20200727  05395580 20.924 104.700   13.54   2.8   0.1   0.1   0.0   1263
  20200727  08522478 20.922 104.689   17.36   3.0   0.2   0.0   0.0   1264
  20200727  09170687 20.944 104.723    6.97   2.9   0.4   0.0   0.0   1265
  20200727  23172115 20.918 104.728   10.63   3.0   0.1   0.0   0.0   1266
  20200728  01264323 20.909 104.702    9.77   3.5   0.1   0.0   0.0   1267
  20200728  05010626 20.945 104.710    9.09   2.8   0.3   0.0   0.0   1268
  20200728  11080491 20.922 104.708    8.52   3.0   0.1   0.0   0.0   1269
  20200728  13281729 20.917 104.715    8.22   2.9   0.1   0.0   0.0   1270
  20200803  10160391 20.928 104.737    7.55   3.2   0.1   0.0   0.0   1271
  20200804  15220801 20.954 104.689    9.03   2.6   0.1   1.9   3.6   1272
  20200806  23295056 20.937 104.679    6.85   2.9   0.1   0.0   0.0   1273
  20200817  01130867 20.896 104.744   13.54   3.9   0.3   0.0   0.0   1274
